#
# There is insufficient memory for the Java Runtime Environment to continue.
# Native memory allocation (malloc) failed to allocate 32744 bytes. Error detail: Chunk::new
# Possible reasons:
#   The system is out of physical RAM or swap space
#   This process is running with CompressedOops enabled, and the Java Heap may be blocking the growth of the native heap
# Possible solutions:
#   Reduce memory load on the system
#   Increase physical memory or swap space
#   Check if swap backing store is full
#   Decrease Java heap size (-Xmx/-Xms)
#   Decrease number of Java threads
#   Decrease Java thread stack sizes (-Xss)
#   Set larger code cache with -XX:ReservedCodeCacheSize=
#   JVM is running with Unscaled Compressed Oops mode in which the Java heap is
#     placed in the first 4GB address space. The Java Heap base address is the
#     maximum limit for the native heap growth. Please use -XX:HeapBaseMinAddress
#     to set the Java Heap base and to place the Java Heap above 4GB virtual address.
# This output file may be truncated or incomplete.
#
#  Out of Memory Error (arena.cpp:168), pid=26104, tid=14868
#
# JRE version: OpenJDK Runtime Environment Temurin-21.0.9+10 (21.0.9+10) (build 21.0.9+10-LTS)
# Java VM: OpenJDK 64-Bit Server VM Temurin-21.0.9+10 (21.0.9+10-LTS, mixed mode, sharing, tiered, compressed oops, compressed class ptrs, parallel gc, windows-amd64)
# No core dump will be written. Minidumps are not enabled by default on client versions of Windows
#

---------------  S U M M A R Y ------------

Command Line: --add-modules=ALL-SYSTEM --add-opens=java.base/java.util=ALL-UNNAMED --add-opens=java.base/java.lang=ALL-UNNAMED --add-opens=java.base/sun.nio.fs=ALL-UNNAMED -Declipse.application=org.eclipse.jdt.ls.core.id1 -Dosgi.bundles.defaultStartLevel=4 -Declipse.product=org.eclipse.jdt.ls.core.product -Djava.import.generatesMetadataFilesAtProjectRoot=false -DDetectVMInstallationsJob.disabled=true -Dfile.encoding=utf8 -XX:+UseParallelGC -XX:GCTimeRatio=4 -XX:AdaptiveSizePolicyWeight=90 -Dsun.zip.disableMemoryMapping=true -Xmx2G -Xms100m -Xlog:disable -javaagent:c:\Users\Dell\.vscode\extensions\redhat.java-1.50.0-win32-x64\lombok\lombok-1.18.39-4050.jar c:\Users\Dell\.vscode\extensions\redhat.java-1.50.0-win32-x64\server\plugins\org.eclipse.equinox.launcher_1.7.100.v20251111-0406.jar -configuration c:\Users\Dell\AppData\Roaming\Code\User\globalStorage\redhat.java\1.50.0\config_ss_win -data c:\Users\Dell\AppData\Roaming\Code\User\workspaceStorage\2764b971a77eb436f5387ab8dbd5080a\redhat.java\ss_ws --pipe=\\.\pipe\lsp-7e1ce1273f293b0c6e0959cfc6da5c9e-sock

Host: Intel(R) Core(TM) i5-7300U CPU @ 2.60GHz, 4 cores, 7G,  Windows 11 , 64 bit Build 22621 (10.0.22621.5415)
Time: Tue Dec  9 18:37:40 2025 South Africa Standard Time elapsed time: 0.428316 seconds (0d 0h 0m 0s)

---------------  T H R E A D  ---------------

Current thread (0x0000024cf79d4c50):  JavaThread "C2 CompilerThread0" daemon [_thread_in_native, id=14868, stack(0x000000b1c2e00000,0x000000b1c2f00000) (1024K)]


Current CompileTask:
C2:428  160       4       java.util.HashMap::putVal (300 bytes)

Stack: [0x000000b1c2e00000,0x000000b1c2f00000]
Native frames: (J=compiled Java code, j=interpreted, Vv=VM code, C=native code)
V  [jvm.dll+0x6d6e29]
V  [jvm.dll+0x8b4b76]
V  [jvm.dll+0x8b712e]
V  [jvm.dll+0x8b7813]
V  [jvm.dll+0x283d86]
V  [jvm.dll+0xc66ed]
V  [jvm.dll+0xc6c31]
V  [jvm.dll+0x5de63d]
V  [jvm.dll+0x38abc1]
V  [jvm.dll+0x389fda]
V  [jvm.dll+0x24bfa0]
V  [jvm.dll+0x24b580]
V  [jvm.dll+0x1cb13e]
V  [jvm.dll+0x25b29d]
V  [msvcp140.dll+0x25982a]
V  [jvm.dll+0x3f7ea6]
V  [jvm.dll+0x85e9ad]
V  [jvm.dll+0x6d565d]
C  [ucrtbase.dll+0x29333]
C  [KERNEL32.DLL+0x1259d]
C  [ntdll.dll+0x5af78]


---------------  P R O C E S S  ---------------

Threads class SMR info:
_java_thread_list=0x0000024cf7a3ea00, length=9, elements={
0x0000024ce0fdee70, 0x0000024cf79c9d40, 0x0000024cf79cc4a0, 0x0000024cf79ce590,
0x0000024cf79cf4a0, 0x0000024cf79d03b0, 0x0000024cf79d3e20, 0x0000024cf79d4c50,
0x0000024cf7a45aa0
}

Java Threads: ( => current thread )
  0x0000024ce0fdee70 JavaThread "main"                              [_thread_in_vm, id=19764, stack(0x000000b1c2400000,0x000000b1c2500000) (1024K)]
  0x0000024cf79c9d40 JavaThread "Reference Handler"          daemon [_thread_blocked, id=11528, stack(0x000000b1c2800000,0x000000b1c2900000) (1024K)]
  0x0000024cf79cc4a0 JavaThread "Finalizer"                  daemon [_thread_blocked, id=19804, stack(0x000000b1c2900000,0x000000b1c2a00000) (1024K)]
  0x0000024cf79ce590 JavaThread "Signal Dispatcher"          daemon [_thread_blocked, id=21992, stack(0x000000b1c2a00000,0x000000b1c2b00000) (1024K)]
  0x0000024cf79cf4a0 JavaThread "Attach Listener"            daemon [_thread_blocked, id=17248, stack(0x000000b1c2b00000,0x000000b1c2c00000) (1024K)]
  0x0000024cf79d03b0 JavaThread "Service Thread"             daemon [_thread_blocked, id=23928, stack(0x000000b1c2c00000,0x000000b1c2d00000) (1024K)]
  0x0000024cf79d3e20 JavaThread "Monitor Deflation Thread"   daemon [_thread_blocked, id=16780, stack(0x000000b1c2d00000,0x000000b1c2e00000) (1024K)]
=>0x0000024cf79d4c50 JavaThread "C2 CompilerThread0"         daemon [_thread_in_native, id=14868, stack(0x000000b1c2e00000,0x000000b1c2f00000) (1024K)]
  0x0000024cf7a45aa0 JavaThread "C1 CompilerThread0"         daemon [_thread_blocked, id=18600, stack(0x000000b1c2f00000,0x000000b1c3000000) (1024K)]
Total: 9

Other Threads:
  0x0000024ce109be60 VMThread "VM Thread"                           [id=11088, stack(0x000000b1c2700000,0x000000b1c2800000) (1024K)]
  0x0000024cf796ca00 WatcherThread "VM Periodic Task Thread"        [id=5540, stack(0x000000b1c2600000,0x000000b1c2700000) (1024K)]
  0x0000024ce0ffbfa0 WorkerThread "GC Thread#0"                     [id=25628, stack(0x000000b1c2500000,0x000000b1c2600000) (1024K)]
Total: 3

Threads with active compile tasks:
C2 CompilerThread0  504  160       4       java.util.HashMap::putVal (300 bytes)
Total: 1

VM state: not at safepoint (normal execution)

VM Mutex/Monitor currently owned by a thread:  ([mutex/lock_event])
[0x00007ffdf317b4f0] Metaspace_lock - owner thread: 0x0000024ce0fdee70

Heap address: 0x0000000080000000, size: 2048 MB, Compressed Oops mode: 32-bit

CDS archive(s) mapped at: [0x0000024c80000000-0x0000024c80ba0000-0x0000024c80ba0000), size 12189696, SharedBaseAddress: 0x0000024c80000000, ArchiveRelocationMode: 1.
Compressed class space mapped at: 0x0000024c81000000-0x0000024cc1000000, reserved size: 1073741824
Narrow klass base: 0x0000024c80000000, Narrow klass shift: 0, Narrow klass range: 0x100000000

GC Precious Log:
 CardTable entry size: 512
 CPUs: 4 total, 4 available
 Memory: 8073M
 Large Page Support: Disabled
 NUMA Support: Disabled
 Compressed Oops: Enabled (32-bit)
 Alignments: Space 512K, Generation 512K, Heap 2M
 Heap Min Capacity: 100M
 Heap Initial Capacity: 100M
 Heap Max Capacity: 2G
 Pre-touch: Disabled
 Parallel Workers: 4

Heap:
 PSYoungGen      total 29696K, used 3072K [0x00000000d5580000, 0x00000000d7680000, 0x0000000100000000)
  eden space 25600K, 12% used [0x00000000d5580000,0x00000000d5880170,0x00000000d6e80000)
  from space 4096K, 0% used [0x00000000d7280000,0x00000000d7280000,0x00000000d7680000)
  to   space 4096K, 0% used [0x00000000d6e80000,0x00000000d6e80000,0x00000000d7280000)
 ParOldGen       total 68608K, used 0K [0x0000000080000000, 0x0000000084300000, 0x00000000d5580000)
  object space 68608K, 0% used [0x0000000080000000,0x0000000080000000,0x0000000084300000)
 Metaspace       used 271K, committed 448K, reserved 1114112K
  class space    used 12K, committed 128K, reserved 1048576K

Card table byte_map: [0x0000024ce0980000,0x0000024ce0d90000] _byte_map_base: 0x0000024ce0580000

Marking Bits: (ParMarkBitMap*) 0x00007ffdf3182460
 Begin Bits: [0x0000024cf3490000, 0x0000024cf5490000)
 End Bits:   [0x0000024cf5490000, 0x0000024cf7490000)

Polling page: 0x0000024cded90000

Metaspace:

Usage:
  Non-class:    259.30 KB used.
      Class:     12.21 KB used.
       Both:    271.52 KB used.

Virtual space:
  Non-class space:       64.00 MB reserved,     320.00 KB ( <1%) committed,  1 nodes.
      Class space:        1.00 GB reserved,     128.00 KB ( <1%) committed,  1 nodes.
             Both:        1.06 GB reserved,     448.00 KB ( <1%) committed. 

Chunk freelists:
   Non-Class:  11.99 MB
       Class:  15.75 MB
        Both:  27.74 MB

MaxMetaspaceSize: unlimited
CompressedClassSpaceSize: 1.00 GB
Initial GC threshold: 21.00 MB
Current GC threshold: 21.00 MB
CDS: on
 - commit_granule_bytes: 65536.
 - commit_granule_words: 8192.
 - virtual_space_node_default_size: 8388608.
 - enlarge_chunks_in_place: 1.
 - use_allocation_guard: 0.


Internal statistics:

num_allocs_failed_limit: 0.
num_arena_births: 8.
num_arena_deaths: 0.
num_vsnodes_births: 2.
num_vsnodes_deaths: 0.
num_space_committed: 7.
num_space_uncommitted: 0.
num_chunks_returned_to_freelist: 0.
num_chunks_taken_from_freelist: 9.
num_chunk_merges: 0.
num_chunk_splits: 6.
num_chunks_enlarged: 3.
num_inconsistent_stats: 0.

CodeHeap 'non-profiled nmethods': size=120000Kb used=59Kb max_used=59Kb free=119940Kb
 bounds [0x0000024cebcb0000, 0x0000024cebf20000, 0x0000024cf31e0000]
CodeHeap 'profiled nmethods': size=120000Kb used=217Kb max_used=217Kb free=119782Kb
 bounds [0x0000024ce41e0000, 0x0000024ce4450000, 0x0000024ceb710000]
CodeHeap 'non-nmethods': size=5760Kb used=1119Kb max_used=1132Kb free=4640Kb
 bounds [0x0000024ceb710000, 0x0000024ceb980000, 0x0000024cebcb0000]
CodeCache: size=245760Kb, used=1395Kb, max_used=1408Kb, free=244362Kb
 total_blobs=555, nmethods=197, adapters=265, full_count=0
Compilation: enabled, stopped_count=0, restarted_count=0

Compilation events (20 events):
Event: 0.390 Thread 0x0000024cf79d4c50  158       4       java.lang.module.ModuleDescriptor$Exports::isQualified (18 bytes)
Event: 0.391 Thread 0x0000024cf79d4c50 nmethod 158 0x0000024cebcbb510 code [0x0000024cebcbb6a0, 0x0000024cebcbb780]
Event: 0.417 Thread 0x0000024cf79d4c50  160       4       java.util.HashMap::putVal (300 bytes)
Event: 0.417 Thread 0x0000024cf7a45aa0  161       3       java.lang.StringLatin1::lastIndexOf (125 bytes)
Event: 0.418 Thread 0x0000024cf7a45aa0 nmethod 161 0x0000024ce420ba90 code [0x0000024ce420bc60, 0x0000024ce420c0a8]
Event: 0.419 Thread 0x0000024cf7a45aa0  163       1       java.util.HashMap$Node::getKey (5 bytes)
Event: 0.419 Thread 0x0000024cf7a45aa0 nmethod 163 0x0000024cebcbb890 code [0x0000024cebcbba20, 0x0000024cebcbbae8]
Event: 0.419 Thread 0x0000024cf7a45aa0  164       1       java.util.HashMap$Node::getValue (5 bytes)
Event: 0.419 Thread 0x0000024cf7a45aa0 nmethod 164 0x0000024cebcbbb90 code [0x0000024cebcbbd20, 0x0000024cebcbbde8]
Event: 0.420 Thread 0x0000024cf7a45aa0  165       3       java.lang.String::<init> (15 bytes)
Event: 0.420 Thread 0x0000024cf7a45aa0 nmethod 165 0x0000024ce420c310 code [0x0000024ce420c4c0, 0x0000024ce420c648]
Event: 0.421 Thread 0x0000024cf7a45aa0  167       3       java.util.ImmutableCollections$Set12::iterator (9 bytes)
Event: 0.422 Thread 0x0000024cf7a45aa0 nmethod 167 0x0000024ce420c710 code [0x0000024ce420c8c0, 0x0000024ce420cb60]
Event: 0.422 Thread 0x0000024cf7a45aa0  168       3       java.util.ImmutableCollections$Set12$1::<init> (32 bytes)
Event: 0.422 Thread 0x0000024cf7a45aa0 nmethod 168 0x0000024ce420cc90 code [0x0000024ce420ce40, 0x0000024ce420d028]
Event: 0.424 Thread 0x0000024cf7a45aa0  169       1       java.util.KeyValueHolder::getKey (5 bytes)
Event: 0.424 Thread 0x0000024cf7a45aa0 nmethod 169 0x0000024cebcbbe90 code [0x0000024cebcbc020, 0x0000024cebcbc0e8]
Event: 0.424 Thread 0x0000024cf7a45aa0  170       1       java.util.KeyValueHolder::getValue (5 bytes)
Event: 0.424 Thread 0x0000024cf7a45aa0 nmethod 170 0x0000024cebcbc190 code [0x0000024cebcbc320, 0x0000024cebcbc3e8]
Event: 0.425 Thread 0x0000024cf7a45aa0  171   !   3       java.util.concurrent.ConcurrentHashMap::putVal (432 bytes)

GC Heap History (0 events):
No events

Dll operation events (2 events):
Event: 0.094 Loaded shared library c:\Users\Dell\.vscode\extensions\redhat.java-1.50.0-win32-x64\jre\21.0.9-win32-x86_64\bin\java.dll
Event: 0.379 Loaded shared library c:\Users\Dell\.vscode\extensions\redhat.java-1.50.0-win32-x64\jre\21.0.9-win32-x86_64\bin\zip.dll

Deoptimization events (0 events):
No events

Classes loaded (2 events):
Event: 0.378 Loading class jdk/internal/module/ModuleReferenceImpl$CachedHash
Event: 0.379 Loading class jdk/internal/module/ModuleReferenceImpl$CachedHash done

Classes unloaded (0 events):
No events

Classes redefined (0 events):
No events

Internal exceptions (1 events):
Event: 0.367 Thread 0x0000024ce0fdee70 Exception <a 'java/lang/NoSuchMethodError'{0x00000000d57a9090}: 'void java.lang.invoke.DirectMethodHandle$Holder.invokeStatic(java.lang.Object, java.lang.Object, java.lang.Object)'> (0x00000000d57a9090) 
thrown [s\src\hotspot\share\interpreter\linkResolver.cpp, line 773]

ZGC Phase Switch (0 events):
No events

VM Operations (2 events):
Event: 0.376 Executing VM operation: HandshakeAllThreads (Deoptimize)
Event: 0.376 Executing VM operation: HandshakeAllThreads (Deoptimize) done

Memory protections (0 events):
No events

Nmethod flushes (0 events):
No events

Events (9 events):
Event: 0.114 Thread 0x0000024ce0fdee70 Thread added: 0x0000024ce0fdee70
Event: 0.182 Thread 0x0000024ce0fdee70 Thread added: 0x0000024cf79c9d40
Event: 0.182 Thread 0x0000024ce0fdee70 Thread added: 0x0000024cf79cc4a0
Event: 0.183 Thread 0x0000024ce0fdee70 Thread added: 0x0000024cf79ce590
Event: 0.183 Thread 0x0000024ce0fdee70 Thread added: 0x0000024cf79cf4a0
Event: 0.183 Thread 0x0000024ce0fdee70 Thread added: 0x0000024cf79d03b0
Event: 0.183 Thread 0x0000024ce0fdee70 Thread added: 0x0000024cf79d3e20
Event: 0.183 Thread 0x0000024ce0fdee70 Thread added: 0x0000024cf79d4c50
Event: 0.212 Thread 0x0000024ce0fdee70 Thread added: 0x0000024cf7a45aa0


Dynamic libraries:
0x00007ff737770000 - 0x00007ff73777e000 	c:\Users\Dell\.vscode\extensions\redhat.java-1.50.0-win32-x64\jre\21.0.9-win32-x86_64\bin\java.exe
0x00007ffeb2c50000 - 0x00007ffeb2e68000 	C:\Windows\SYSTEM32\ntdll.dll
0x00007ffeb16b0000 - 0x00007ffeb1774000 	C:\Windows\System32\KERNEL32.DLL
0x00007ffeaff30000 - 0x00007ffeb0303000 	C:\Windows\System32\KERNELBASE.dll
0x00007ffeb0570000 - 0x00007ffeb0681000 	C:\Windows\System32\ucrtbase.dll
0x00007ffe86f10000 - 0x00007ffe86f28000 	c:\Users\Dell\.vscode\extensions\redhat.java-1.50.0-win32-x64\jre\21.0.9-win32-x86_64\bin\jli.dll
0x00007ffeb19f0000 - 0x00007ffeb1ba2000 	C:\Windows\System32\USER32.dll
0x00007ffeb08c0000 - 0x00007ffeb08e6000 	C:\Windows\System32\win32u.dll
0x00007ffeb2180000 - 0x00007ffeb21a9000 	C:\Windows\System32\GDI32.dll
0x00007ffeb0450000 - 0x00007ffeb056b000 	C:\Windows\System32\gdi32full.dll
0x00007ffeafe90000 - 0x00007ffeaff2a000 	C:\Windows\System32\msvcp_win.dll
0x00007ffe88a80000 - 0x00007ffe88a9e000 	c:\Users\Dell\.vscode\extensions\redhat.java-1.50.0-win32-x64\jre\21.0.9-win32-x86_64\bin\VCRUNTIME140.dll
0x00007ffe9d610000 - 0x00007ffe9d8ac000 	C:\Windows\WinSxS\amd64_microsoft.windows.common-controls_6595b64144ccf1df_6.0.22621.6060_none_2712eda17382d24b\COMCTL32.dll
0x00007ffeb2af0000 - 0x00007ffeb2b97000 	C:\Windows\System32\msvcrt.dll
0x00007ffeb2bb0000 - 0x00007ffeb2be1000 	C:\Windows\System32\IMM32.DLL
0x00007ffea52f0000 - 0x00007ffea52fc000 	c:\Users\Dell\.vscode\extensions\redhat.java-1.50.0-win32-x64\jre\21.0.9-win32-x86_64\bin\vcruntime140_1.dll
0x00007ffe5efc0000 - 0x00007ffe5f04d000 	c:\Users\Dell\.vscode\extensions\redhat.java-1.50.0-win32-x64\jre\21.0.9-win32-x86_64\bin\msvcp140.dll
0x00007ffdf24c0000 - 0x00007ffdf3260000 	c:\Users\Dell\.vscode\extensions\redhat.java-1.50.0-win32-x64\jre\21.0.9-win32-x86_64\bin\server\jvm.dll
0x00007ffeb12d0000 - 0x00007ffeb1381000 	C:\Windows\System32\ADVAPI32.dll
0x00007ffeb1bb0000 - 0x00007ffeb1c58000 	C:\Windows\System32\sechost.dll
0x00007ffeafd60000 - 0x00007ffeafd88000 	C:\Windows\System32\bcrypt.dll
0x00007ffeb28b0000 - 0x00007ffeb29c8000 	C:\Windows\System32\RPCRT4.dll
0x00007ffeb21b0000 - 0x00007ffeb2221000 	C:\Windows\System32\WS2_32.dll
0x00007ffeafc30000 - 0x00007ffeafc7d000 	C:\Windows\SYSTEM32\POWRPROF.dll
0x00007ffea9680000 - 0x00007ffea96b4000 	C:\Windows\SYSTEM32\WINMM.dll
0x00007ffead940000 - 0x00007ffead94a000 	C:\Windows\SYSTEM32\VERSION.dll
0x00007ffeafc10000 - 0x00007ffeafc23000 	C:\Windows\SYSTEM32\UMPDC.dll
0x00007ffeaed00000 - 0x00007ffeaed18000 	C:\Windows\SYSTEM32\kernel.appcore.dll
0x00007ffea4ba0000 - 0x00007ffea4baa000 	c:\Users\Dell\.vscode\extensions\redhat.java-1.50.0-win32-x64\jre\21.0.9-win32-x86_64\bin\jimage.dll
0x00007ffeac8c0000 - 0x00007ffeacaf3000 	C:\Windows\SYSTEM32\DBGHELP.DLL
0x00007ffeb2510000 - 0x00007ffeb28a1000 	C:\Windows\System32\combase.dll
0x00007ffeb1910000 - 0x00007ffeb19e8000 	C:\Windows\System32\OLEAUT32.dll
0x00007ffe980e0000 - 0x00007ffe98112000 	C:\Windows\SYSTEM32\dbgcore.DLL
0x00007ffeafe10000 - 0x00007ffeafe8b000 	C:\Windows\System32\bcryptPrimitives.dll
0x00007ffe76750000 - 0x00007ffe7675f000 	c:\Users\Dell\.vscode\extensions\redhat.java-1.50.0-win32-x64\jre\21.0.9-win32-x86_64\bin\instrument.dll
0x00007ffe76170000 - 0x00007ffe76190000 	c:\Users\Dell\.vscode\extensions\redhat.java-1.50.0-win32-x64\jre\21.0.9-win32-x86_64\bin\java.dll
0x00007ffeb0a30000 - 0x00007ffeb12cc000 	C:\Windows\System32\SHELL32.dll
0x00007ffeb0310000 - 0x00007ffeb044f000 	C:\Windows\System32\wintypes.dll
0x00007ffeadc10000 - 0x00007ffeae52a000 	C:\Windows\SYSTEM32\windows.storage.dll
0x00007ffeb1780000 - 0x00007ffeb1884000 	C:\Windows\System32\SHCORE.dll
0x00007ffeb09c0000 - 0x00007ffeb0a29000 	C:\Windows\System32\shlwapi.dll
0x00007ffeafc90000 - 0x00007ffeafcb5000 	C:\Windows\SYSTEM32\profapi.dll
0x00007ffe756e0000 - 0x00007ffe756f8000 	c:\Users\Dell\.vscode\extensions\redhat.java-1.50.0-win32-x64\jre\21.0.9-win32-x86_64\bin\zip.dll

JVMTI agents:
c:\Users\Dell\.vscode\extensions\redhat.java-1.50.0-win32-x64\lombok\lombok-1.18.39-4050.jar path:c:\Users\Dell\.vscode\extensions\redhat.java-1.50.0-win32-x64\jre\21.0.9-win32-x86_64\bin\server\jvm.dll, loaded, initialized, instrumentlib options:none

dbghelp: loaded successfully - version: 4.0.5 - missing functions: none
symbol engine: initialized successfully - sym options: 0x614 - pdb path: .;c:\Users\Dell\.vscode\extensions\redhat.java-1.50.0-win32-x64\jre\21.0.9-win32-x86_64\bin;C:\Windows\SYSTEM32;C:\Windows\WinSxS\amd64_microsoft.windows.common-controls_6595b64144ccf1df_6.0.22621.6060_none_2712eda17382d24b;c:\Users\Dell\.vscode\extensions\redhat.java-1.50.0-win32-x64\jre\21.0.9-win32-x86_64\bin\server

VM Arguments:
jvm_args: --add-modules=ALL-SYSTEM --add-opens=java.base/java.util=ALL-UNNAMED --add-opens=java.base/java.lang=ALL-UNNAMED --add-opens=java.base/sun.nio.fs=ALL-UNNAMED -Declipse.application=org.eclipse.jdt.ls.core.id1 -Dosgi.bundles.defaultStartLevel=4 -Declipse.product=org.eclipse.jdt.ls.core.product -Djava.import.generatesMetadataFilesAtProjectRoot=false -DDetectVMInstallationsJob.disabled=true -Dfile.encoding=utf8 -XX:+UseParallelGC -XX:GCTimeRatio=4 -XX:AdaptiveSizePolicyWeight=90 -Dsun.zip.disableMemoryMapping=true -Xmx2G -Xms100m -Xlog:disable -javaagent:c:\Users\Dell\.vscode\extensions\redhat.java-1.50.0-win32-x64\lombok\lombok-1.18.39-4050.jar 
java_command: c:\Users\Dell\.vscode\extensions\redhat.java-1.50.0-win32-x64\server\plugins\org.eclipse.equinox.launcher_1.7.100.v20251111-0406.jar -configuration c:\Users\Dell\AppData\Roaming\Code\User\globalStorage\redhat.java\1.50.0\config_ss_win -data c:\Users\Dell\AppData\Roaming\Code\User\workspaceStorage\2764b971a77eb436f5387ab8dbd5080a\redhat.java\ss_ws --pipe=\\.\pipe\lsp-7e1ce1273f293b0c6e0959cfc6da5c9e-sock
java_class_path (initial): c:\Users\Dell\.vscode\extensions\redhat.java-1.50.0-win32-x64\server\plugins\org.eclipse.equinox.launcher_1.7.100.v20251111-0406.jar
Launcher Type: SUN_STANDARD

[Global flags]
    uintx AdaptiveSizePolicyWeight                 = 90                                        {product} {command line}
     intx CICompilerCount                          = 3                                         {product} {ergonomic}
    uintx GCTimeRatio                              = 4                                         {product} {command line}
   size_t InitialHeapSize                          = 104857600                                 {product} {command line}
   size_t MaxHeapSize                              = 2147483648                                {product} {command line}
   size_t MaxNewSize                               = 715653120                                 {product} {ergonomic}
   size_t MinHeapDeltaBytes                        = 524288                                    {product} {ergonomic}
   size_t MinHeapSize                              = 104857600                                 {product} {command line}
   size_t NewSize                                  = 34603008                                  {product} {ergonomic}
    uintx NonNMethodCodeHeapSize                   = 5832780                                {pd product} {ergonomic}
    uintx NonProfiledCodeHeapSize                  = 122912730                              {pd product} {ergonomic}
   size_t OldSize                                  = 70254592                                  {product} {ergonomic}
    uintx ProfiledCodeHeapSize                     = 122912730                              {pd product} {ergonomic}
    uintx ReservedCodeCacheSize                    = 251658240                              {pd product} {ergonomic}
     bool SegmentedCodeCache                       = true                                      {product} {ergonomic}
   size_t SoftMaxHeapSize                          = 2147483648                             {manageable} {ergonomic}
     bool UseCompressedOops                        = true                           {product lp64_product} {ergonomic}
     bool UseLargePagesIndividualAllocation        = false                                  {pd product} {ergonomic}
     bool UseParallelGC                            = true                                      {product} {command line}

Logging:
Log output configuration:
 #0: stdout all=off uptime,level,tags foldmultilines=false
 #1: stderr all=off uptime,level,tags foldmultilines=false

Release file:
<release file has not been read>
Environment Variables:
JAVA_HOME=C:\Program Files\Microsoft\jdk-17.0.15.6-hotspot\
PATH=C:\Program Files\Eclipse Adoptium\jdk-25.0.1.8-hotspot\bin;C:\Program Files\Microsoft\jdk-17.0.15.6-hotspot\bin;C:\Program Files\MySQL\MySQL Server 8.0\bin;"C:\xampp\php;C:\Program Files (x86)\Common Files\Oracle\Java\java8path";C:\Windows\system32;C:\Windows;C:\Windows\System32\Wbem;C:\Windows\System32\WindowsPowerShell\v1.0\;C:\Windows\System32\OpenSSH\;C:\Program Files\Microsoft SQL Server\150\Tools\Binn\;C:\Program Files\dotnet\;C:\ProgramData\chocolatey\bin;C:\Program Files\Git\cmd;C:\Users\Dell\AppData\Local\Android\Sdk\platform-tools;C:\Program Files\dotnet;C:\Program Files\MySQL\MySQL Server 8.0\bin;C:\Users\Dell\AppData\Local\Microsoft\WindowsApps;C:\Users\Dell\.dotnet\tools;C:\Users\Dell\AppData\Local\Programs\Microsoft VS Code\bin;C:\msys64\ucrt64\bin;C:\Users\Dell\.dotnet\tools;C:\Users\Dell\AppData\Local\Android\Sdk\platform-tools;C:\Program Files\dotnet;C:\Users\Dell\AppData\Local\Programs\cursor\resources\app\bin;C:\Users\Dell\AppData\Local\Programs\Kiro\bin
USERNAME=dk
OS=Windows_NT
PROCESSOR_IDENTIFIER=Intel64 Family 6 Model 142 Stepping 9, GenuineIntel
TMP=C:\Users\Dell\AppData\Local\Temp
TEMP=C:\Users\Dell\AppData\Local\Temp




Periodic native trim disabled

---------------  S Y S T E M  ---------------

OS:
 Windows 11 , 64 bit Build 22621 (10.0.22621.5415)
OS uptime: 6 days 7:43 hours
Hyper-V role detected

CPU: total 4 (initial active 4) (2 cores per cpu, 2 threads per core) family 6 model 142 stepping 9 microcode 0xf6, cx8, cmov, fxsr, ht, mmx, 3dnowpref, sse, sse2, sse3, ssse3, sse4.1, sse4.2, popcnt, lzcnt, tsc, tscinvbit, avx, avx2, aes, erms, clmul, bmi1, bmi2, rtm, adx, fma, vzeroupper, clflush, clflushopt, hv, rdtscp, f16c
Processor Information for the first 4 processors :
  Max Mhz: 2712, Current Mhz: 2611, Mhz Limit: 2603

Memory: 4k page, system-wide physical 8073M (393M free)
TotalPageFile size 32649M (AvailPageFile size 0M)
current process WorkingSet (physical memory assigned to process): 35M, peak: 35M
current process commit charge ("private bytes"): 209M, peak: 209M

vm_info: OpenJDK 64-Bit Server VM (21.0.9+10-LTS) for windows-amd64 JRE (21.0.9+10-LTS), built on 2025-10-21T00:00:00Z by "admin" with unknown MS VC++:1942

END.
