#
# There is insufficient memory for the Java Runtime Environment to continue.
# Native memory allocation (malloc) failed to allocate 526896 bytes. Error detail: Chunk::new
# Possible reasons:
#   The system is out of physical RAM or swap space
#   This process is running with CompressedOops enabled, and the Java Heap may be blocking the growth of the native heap
# Possible solutions:
#   Reduce memory load on the system
#   Increase physical memory or swap space
#   Check if swap backing store is full
#   Decrease Java heap size (-Xmx/-Xms)
#   Decrease number of Java threads
#   Decrease Java thread stack sizes (-Xss)
#   Set larger code cache with -XX:ReservedCodeCacheSize=
#   JVM is running with Unscaled Compressed Oops mode in which the Java heap is
#     placed in the first 4GB address space. The Java Heap base address is the
#     maximum limit for the native heap growth. Please use -XX:HeapBaseMinAddress
#     to set the Java Heap base and to place the Java Heap above 4GB virtual address.
# This output file may be truncated or incomplete.
#
#  Out of Memory Error (arena.cpp:168), pid=7776, tid=21660
#
# JRE version: OpenJDK Runtime Environment Temurin-21.0.9+10 (21.0.9+10) (build 21.0.9+10-LTS)
# Java VM: OpenJDK 64-Bit Server VM Temurin-21.0.9+10 (21.0.9+10-LTS, mixed mode, sharing, tiered, compressed oops, compressed class ptrs, parallel gc, windows-amd64)
# No core dump will be written. Minidumps are not enabled by default on client versions of Windows
#

---------------  S U M M A R Y ------------

Command Line: --add-modules=ALL-SYSTEM --add-opens=java.base/java.util=ALL-UNNAMED --add-opens=java.base/java.lang=ALL-UNNAMED --add-opens=java.base/sun.nio.fs=ALL-UNNAMED -Declipse.application=org.eclipse.jdt.ls.core.id1 -Dosgi.bundles.defaultStartLevel=4 -Declipse.product=org.eclipse.jdt.ls.core.product -Djava.import.generatesMetadataFilesAtProjectRoot=false -DDetectVMInstallationsJob.disabled=true -Dfile.encoding=utf8 -XX:+UseParallelGC -XX:GCTimeRatio=4 -XX:AdaptiveSizePolicyWeight=90 -Dsun.zip.disableMemoryMapping=true -Xmx2G -Xms100m -Xlog:disable -javaagent:c:\Users\Dell\.vscode\extensions\redhat.java-1.50.0-win32-x64\lombok\lombok-1.18.39-4050.jar -XX:+HeapDumpOnOutOfMemoryError -XX:HeapDumpPath=c:\Users\Dell\AppData\Roaming\Code\User\workspaceStorage\2764b971a77eb436f5387ab8dbd5080a\redhat.java -Daether.dependencyCollector.impl=bf c:\Users\Dell\.vscode\extensions\redhat.java-1.50.0-win32-x64\server\plugins\org.eclipse.equinox.launcher_1.7.100.v20251111-0406.jar -configuration c:\Users\Dell\AppData\Roaming\Code\User\globalStorage\redhat.java\1.50.0\config_win -data c:\Users\Dell\AppData\Roaming\Code\User\workspaceStorage\2764b971a77eb436f5387ab8dbd5080a\redhat.java\jdt_ws --pipe=\\.\pipe\lsp-6d58d7ad0863447b92b86fd7b870e81d-sock

Host: Intel(R) Core(TM) i5-7300U CPU @ 2.60GHz, 4 cores, 7G,  Windows 11 , 64 bit Build 22621 (10.0.22621.5415)
Time: Tue Dec  9 18:38:53 2025 South Africa Standard Time elapsed time: 6.164507 seconds (0d 0h 0m 6s)

---------------  T H R E A D  ---------------

Current thread (0x000001e3b3f14530):  JavaThread "C2 CompilerThread0" daemon [_thread_in_native, id=21660, stack(0x0000009674000000,0x0000009674100000) (1024K)]


Current CompileTask:
C2:6164 1063   !   4       java.util.jar.Attributes::read (494 bytes)

Stack: [0x0000009674000000,0x0000009674100000]
Native frames: (J=compiled Java code, j=interpreted, Vv=VM code, C=native code)
V  [jvm.dll+0x6d6e29]
V  [jvm.dll+0x8b4b76]
V  [jvm.dll+0x8b712e]
V  [jvm.dll+0x8b7813]
V  [jvm.dll+0x283d86]
V  [jvm.dll+0xc66ed]
V  [jvm.dll+0xc6c31]
V  [jvm.dll+0x3be501]
V  [jvm.dll+0x38ab92]
V  [jvm.dll+0x389fda]
V  [jvm.dll+0x24bfa0]
V  [jvm.dll+0x24b580]
V  [jvm.dll+0x1cb13e]
V  [jvm.dll+0x25b29d]
V  [jvm.dll+0x25982a]
V  [jvm.dll+0x3f7ea6]
V  [jvm.dll+0x85e9ad]
V  [jvm.dll+0x6d565d]
C  [ucrtbase.dll+0x29333]
C  [KERNEL32.DLL+0x1259d]
C  [ntdll.dll+0x5af78]


---------------  P R O C E S S  ---------------

Threads class SMR info:
_java_thread_list=0x000001e3f5e31540, length=11, elements={
0x000001e39d51efa0, 0x000001e3b3f090c0, 0x000001e3b3f0bd60, 0x000001e3b3f0dc70,
0x000001e3b3f0eb80, 0x000001e3b3f0fa90, 0x000001e3b3f116f0, 0x000001e3b3f14530,
0x000001e3b3f84880, 0x000001e3f5d29ad0, 0x000001e3f5e36170
}

Java Threads: ( => current thread )
  0x000001e39d51efa0 JavaThread "main"                              [_thread_in_vm, id=22360, stack(0x0000009673600000,0x0000009673700000) (1024K)]
  0x000001e3b3f090c0 JavaThread "Reference Handler"          daemon [_thread_blocked, id=6812, stack(0x0000009673a00000,0x0000009673b00000) (1024K)]
  0x000001e3b3f0bd60 JavaThread "Finalizer"                  daemon [_thread_blocked, id=23096, stack(0x0000009673b00000,0x0000009673c00000) (1024K)]
  0x000001e3b3f0dc70 JavaThread "Signal Dispatcher"          daemon [_thread_blocked, id=6252, stack(0x0000009673c00000,0x0000009673d00000) (1024K)]
  0x000001e3b3f0eb80 JavaThread "Attach Listener"            daemon [_thread_blocked, id=23620, stack(0x0000009673d00000,0x0000009673e00000) (1024K)]
  0x000001e3b3f0fa90 JavaThread "Service Thread"             daemon [_thread_blocked, id=6856, stack(0x0000009673e00000,0x0000009673f00000) (1024K)]
  0x000001e3b3f116f0 JavaThread "Monitor Deflation Thread"   daemon [_thread_blocked, id=25048, stack(0x0000009673f00000,0x0000009674000000) (1024K)]
=>0x000001e3b3f14530 JavaThread "C2 CompilerThread0"         daemon [_thread_in_native, id=21660, stack(0x0000009674000000,0x0000009674100000) (1024K)]
  0x000001e3b3f84880 JavaThread "C1 CompilerThread0"         daemon [_thread_in_native, id=20128, stack(0x0000009674100000,0x0000009674200000) (1024K)]
  0x000001e3f5d29ad0 JavaThread "Common-Cleaner"             daemon [_thread_blocked, id=14144, stack(0x0000009674200000,0x0000009674300000) (1024K)]
  0x000001e3f5e36170 JavaThread "Notification Thread"        daemon [_thread_blocked, id=10068, stack(0x0000009674300000,0x0000009674400000) (1024K)]
Total: 11

Other Threads:
  0x000001e39d5dbe90 VMThread "VM Thread"                           [id=25868, stack(0x0000009673900000,0x0000009673a00000) (1024K)]
  0x000001e3b3eaca00 WatcherThread "VM Periodic Task Thread"        [id=14688, stack(0x0000009673800000,0x0000009673900000) (1024K)]
  0x000001e39d53bfd0 WorkerThread "GC Thread#0"                     [id=22200, stack(0x0000009673700000,0x0000009673800000) (1024K)]
Total: 3

Threads with active compile tasks:
C2 CompilerThread0  6223 1063   !   4       java.util.jar.Attributes::read (494 bytes)
C1 CompilerThread0  6223 1099   !   3       jdk.internal.loader.BuiltinClassLoader::loadClassOrNull (143 bytes)
Total: 2

VM state: not at safepoint (normal execution)

VM Mutex/Monitor currently owned by a thread: None

Heap address: 0x0000000080000000, size: 2048 MB, Compressed Oops mode: 32-bit

CDS archive(s) mapped at: [0x000001e3b4000000-0x000001e3b4ba0000-0x000001e3b4ba0000), size 12189696, SharedBaseAddress: 0x000001e3b4000000, ArchiveRelocationMode: 1.
Compressed class space mapped at: 0x000001e3b5000000-0x000001e3f5000000, reserved size: 1073741824
Narrow klass base: 0x000001e3b4000000, Narrow klass shift: 0, Narrow klass range: 0x100000000

GC Precious Log:
 CardTable entry size: 512
 CPUs: 4 total, 4 available
 Memory: 8073M
 Large Page Support: Disabled
 NUMA Support: Disabled
 Compressed Oops: Enabled (32-bit)
 Alignments: Space 512K, Generation 512K, Heap 2M
 Heap Min Capacity: 100M
 Heap Initial Capacity: 100M
 Heap Max Capacity: 2G
 Pre-touch: Disabled
 Parallel Workers: 4

Heap:
 PSYoungGen      total 29696K, used 25600K [0x00000000d5580000, 0x00000000d7680000, 0x0000000100000000)
  eden space 25600K, 100% used [0x00000000d5580000,0x00000000d6e80000,0x00000000d6e80000)
  from space 4096K, 0% used [0x00000000d7280000,0x00000000d7280000,0x00000000d7680000)
  to   space 4096K, 0% used [0x00000000d6e80000,0x00000000d6e80000,0x00000000d7280000)
 ParOldGen       total 68608K, used 0K [0x0000000080000000, 0x0000000084300000, 0x00000000d5580000)
  object space 68608K, 0% used [0x0000000080000000,0x0000000080000000,0x0000000084300000)
 Metaspace       used 4252K, committed 4480K, reserved 1114112K
  class space    used 465K, committed 576K, reserved 1048576K

Card table byte_map: [0x000001e39ced0000,0x000001e39d2e0000] _byte_map_base: 0x000001e39cad0000

Marking Bits: (ParMarkBitMap*) 0x00007ffdf3182460
 Begin Bits: [0x000001e3af9d0000, 0x000001e3b19d0000)
 End Bits:   [0x000001e3b19d0000, 0x000001e3b39d0000)

Polling page: 0x000001e39b590000

Metaspace:

Usage:
  Non-class:      3.70 MB used.
      Class:    465.80 KB used.
       Both:      4.15 MB used.

Virtual space:
  Non-class space:       64.00 MB reserved,       3.81 MB (  6%) committed,  1 nodes.
      Class space:        1.00 GB reserved,     576.00 KB ( <1%) committed,  1 nodes.
             Both:        1.06 GB reserved,       4.38 MB ( <1%) committed. 

Chunk freelists:
   Non-Class:  11.20 MB
       Class:  15.44 MB
        Both:  26.65 MB

MaxMetaspaceSize: unlimited
CompressedClassSpaceSize: 1.00 GB
Initial GC threshold: 21.00 MB
Current GC threshold: 21.00 MB
CDS: on
 - commit_granule_bytes: 65536.
 - commit_granule_words: 8192.
 - virtual_space_node_default_size: 8388608.
 - enlarge_chunks_in_place: 1.
 - use_allocation_guard: 0.


Internal statistics:

num_allocs_failed_limit: 0.
num_arena_births: 184.
num_arena_deaths: 0.
num_vsnodes_births: 2.
num_vsnodes_deaths: 0.
num_space_committed: 70.
num_space_uncommitted: 0.
num_chunks_returned_to_freelist: 0.
num_chunks_taken_from_freelist: 248.
num_chunk_merges: 0.
num_chunk_splits: 158.
num_chunks_enlarged: 89.
num_inconsistent_stats: 0.

CodeHeap 'non-profiled nmethods': size=120000Kb used=428Kb max_used=428Kb free=119571Kb
 bounds [0x000001e3a81f0000, 0x000001e3a8460000, 0x000001e3af720000]
CodeHeap 'profiled nmethods': size=120000Kb used=1735Kb max_used=1735Kb free=118264Kb
 bounds [0x000001e3a0720000, 0x000001e3a0990000, 0x000001e3a7c50000]
CodeHeap 'non-nmethods': size=5760Kb used=1189Kb max_used=1209Kb free=4570Kb
 bounds [0x000001e3a7c50000, 0x000001e3a7ec0000, 0x000001e3a81f0000]
CodeCache: size=245760Kb, used=3352Kb, max_used=3372Kb, free=242405Kb
 total_blobs=1540, nmethods=1089, adapters=358, full_count=0
Compilation: enabled, stopped_count=0, restarted_count=0

Compilation events (20 events):
Event: 6.075 Thread 0x000001e3b3f84880 1071       3       java.util.LinkedHashMap::entrySet (5 bytes)
Event: 6.076 Thread 0x000001e3b3f84880 nmethod 1071 0x000001e3a08c6c90 code [0x000001e3a08c6e40, 0x000001e3a08c6f98]
Event: 6.077 Thread 0x000001e3b3f84880 1073       3       java.util.LinkedHashMap$LinkedEntrySet::<init> (15 bytes)
Event: 6.078 Thread 0x000001e3b3f84880 nmethod 1073 0x000001e3a08c7090 code [0x000001e3a08c7240, 0x000001e3a08c7488]
Event: 6.078 Thread 0x000001e3b3f84880 1074       3       java.util.LinkedHashMap$LinkedEntrySet::iterator (16 bytes)
Event: 6.078 Thread 0x000001e3b3f84880 nmethod 1074 0x000001e3a08c7590 code [0x000001e3a08c7740, 0x000001e3a08c7958]
Event: 6.078 Thread 0x000001e3b3f84880 1075       3       java.util.LinkedHashMap$LinkedEntryIterator::<init> (7 bytes)
Event: 6.078 Thread 0x000001e3b3f84880 nmethod 1075 0x000001e3a08c7a90 code [0x000001e3a08c7c40, 0x000001e3a08c7d78]
Event: 6.078 Thread 0x000001e3b3f84880 1076       3       java.util.HashMap::putMapEntries (170 bytes)
Event: 6.079 Thread 0x000001e3b3f84880 nmethod 1076 0x000001e3a08c7e10 code [0x000001e3a08c8100, 0x000001e3a08c8f88]
Event: 6.079 Thread 0x000001e3b3f84880 1080       3       java.util.LinkedHashMap::sequencedEntrySet (31 bytes)
Event: 6.080 Thread 0x000001e3b3f84880 nmethod 1080 0x000001e3a08c9410 code [0x000001e3a08c95e0, 0x000001e3a08c9a58]
Event: 6.080 Thread 0x000001e3b3f84880 1077       3       java.util.LinkedHashMap::<init> (21 bytes)
Event: 6.080 Thread 0x000001e3b3f84880 nmethod 1077 0x000001e3a08c9c10 code [0x000001e3a08c9de0, 0x000001e3a08ca050]
Event: 6.080 Thread 0x000001e3b3f84880 1078       3       java.util.jar.Attributes::clone (9 bytes)
Event: 6.080 Thread 0x000001e3b3f84880 nmethod 1078 0x000001e3a08ca190 code [0x000001e3a08ca380, 0x000001e3a08ca808]
Event: 6.080 Thread 0x000001e3b3f84880 1079       3       java.util.jar.Attributes::<init> (17 bytes)
Event: 6.081 Thread 0x000001e3b3f84880 nmethod 1079 0x000001e3a08caa10 code [0x000001e3a08cabe0, 0x000001e3a08cafb0]
Event: 6.159 Thread 0x000001e3b3f84880 1082       3       jdk.internal.util.ArraysSupport::vectorizedMismatch (268 bytes)
Event: 6.160 Thread 0x000001e3b3f84880 nmethod 1082 0x000001e3a08cb190 code [0x000001e3a08cb380, 0x000001e3a08cb7b0]

GC Heap History (0 events):
No events

Dll operation events (8 events):
Event: 0.283 Loaded shared library c:\Users\Dell\.vscode\extensions\redhat.java-1.50.0-win32-x64\jre\21.0.9-win32-x86_64\bin\java.dll
Event: 0.927 Loaded shared library c:\Users\Dell\.vscode\extensions\redhat.java-1.50.0-win32-x64\jre\21.0.9-win32-x86_64\bin\zip.dll
Event: 1.096 Loaded shared library C:\Users\Dell\.vscode\extensions\redhat.java-1.50.0-win32-x64\jre\21.0.9-win32-x86_64\bin\instrument.dll
Event: 1.161 Loaded shared library C:\Users\Dell\.vscode\extensions\redhat.java-1.50.0-win32-x64\jre\21.0.9-win32-x86_64\bin\net.dll
Event: 1.165 Loaded shared library C:\Users\Dell\.vscode\extensions\redhat.java-1.50.0-win32-x64\jre\21.0.9-win32-x86_64\bin\nio.dll
Event: 1.172 Loaded shared library C:\Users\Dell\.vscode\extensions\redhat.java-1.50.0-win32-x64\jre\21.0.9-win32-x86_64\bin\zip.dll
Event: 1.201 Loaded shared library C:\Users\Dell\.vscode\extensions\redhat.java-1.50.0-win32-x64\jre\21.0.9-win32-x86_64\bin\jimage.dll
Event: 2.530 Loaded shared library c:\Users\Dell\.vscode\extensions\redhat.java-1.50.0-win32-x64\jre\21.0.9-win32-x86_64\bin\verify.dll

Deoptimization events (20 events):
Event: 6.085 Thread 0x000001e39d51efa0 DEOPT PACKING pc=0x000001e3a089c3b1 sp=0x00000096736fe2b0
Event: 6.085 Thread 0x000001e39d51efa0 DEOPT UNPACKING pc=0x000001e3a7ca4242 sp=0x00000096736fd728 mode 0
Event: 6.085 Thread 0x000001e39d51efa0 DEOPT PACKING pc=0x000001e3a089c3b1 sp=0x00000096736fe2b0
Event: 6.085 Thread 0x000001e39d51efa0 DEOPT UNPACKING pc=0x000001e3a7ca4242 sp=0x00000096736fd728 mode 0
Event: 6.085 Thread 0x000001e39d51efa0 DEOPT PACKING pc=0x000001e3a089c3b1 sp=0x00000096736fe2b0
Event: 6.085 Thread 0x000001e39d51efa0 DEOPT UNPACKING pc=0x000001e3a7ca4242 sp=0x00000096736fd728 mode 0
Event: 6.086 Thread 0x000001e39d51efa0 DEOPT PACKING pc=0x000001e3a089c3b1 sp=0x00000096736fe2b0
Event: 6.086 Thread 0x000001e39d51efa0 DEOPT UNPACKING pc=0x000001e3a7ca4242 sp=0x00000096736fd728 mode 0
Event: 6.086 Thread 0x000001e39d51efa0 DEOPT PACKING pc=0x000001e3a089c3b1 sp=0x00000096736fe2b0
Event: 6.086 Thread 0x000001e39d51efa0 DEOPT UNPACKING pc=0x000001e3a7ca4242 sp=0x00000096736fd728 mode 0
Event: 6.088 Thread 0x000001e39d51efa0 DEOPT PACKING pc=0x000001e3a089c3b1 sp=0x00000096736fe2b0
Event: 6.088 Thread 0x000001e39d51efa0 DEOPT UNPACKING pc=0x000001e3a7ca4242 sp=0x00000096736fd728 mode 0
Event: 6.088 Thread 0x000001e39d51efa0 DEOPT PACKING pc=0x000001e3a089c3b1 sp=0x00000096736fe2b0
Event: 6.088 Thread 0x000001e39d51efa0 DEOPT UNPACKING pc=0x000001e3a7ca4242 sp=0x00000096736fd728 mode 0
Event: 6.089 Thread 0x000001e39d51efa0 DEOPT PACKING pc=0x000001e3a089c3b1 sp=0x00000096736fe2b0
Event: 6.089 Thread 0x000001e39d51efa0 DEOPT UNPACKING pc=0x000001e3a7ca4242 sp=0x00000096736fd728 mode 0
Event: 6.089 Thread 0x000001e39d51efa0 DEOPT PACKING pc=0x000001e3a089c3b1 sp=0x00000096736fe2b0
Event: 6.089 Thread 0x000001e39d51efa0 DEOPT UNPACKING pc=0x000001e3a7ca4242 sp=0x00000096736fd728 mode 0
Event: 6.089 Thread 0x000001e39d51efa0 DEOPT PACKING pc=0x000001e3a089c3b1 sp=0x00000096736fe2b0
Event: 6.090 Thread 0x000001e39d51efa0 DEOPT UNPACKING pc=0x000001e3a7ca4242 sp=0x00000096736fd728 mode 0

Classes loaded (20 events):
Event: 6.156 Loading class jdk/internal/logger/LazyLoggers$JdkLazyLogger
Event: 6.156 Loading class jdk/internal/logger/LazyLoggers$LazyLoggerWrapper
Event: 6.156 Loading class jdk/internal/logger/AbstractLoggerWrapper
Event: 6.156 Loading class jdk/internal/logger/AbstractLoggerWrapper done
Event: 6.156 Loading class jdk/internal/logger/LazyLoggers$LazyLoggerWrapper done
Event: 6.156 Loading class jdk/internal/logger/LazyLoggers$JdkLazyLogger done
Event: 6.157 Loading class jdk/internal/logger/LazyLoggers$LazyLoggerAccessor
Event: 6.157 Loading class jdk/internal/logger/LazyLoggers$LoggerAccessor
Event: 6.157 Loading class jdk/internal/logger/LazyLoggers$LoggerAccessor done
Event: 6.157 Loading class jdk/internal/logger/LazyLoggers$LazyLoggerAccessor done
Event: 6.157 Loading class jdk/internal/logger/SurrogateLogger
Event: 6.157 Loading class jdk/internal/logger/SimpleConsoleLogger
Event: 6.158 Loading class sun/util/logging/PlatformLogger$ConfigurableBridge$LoggerConfiguration
Event: 6.158 Loading class sun/util/logging/PlatformLogger$ConfigurableBridge$LoggerConfiguration done
Event: 6.158 Loading class jdk/internal/logger/SimpleConsoleLogger done
Event: 6.158 Loading class jdk/internal/logger/SurrogateLogger done
Event: 6.158 Loading class sun/util/logging/PlatformLogger
Event: 6.159 Loading class sun/util/logging/PlatformLogger done
Event: 6.159 Loading class sun/util/logging/PlatformLogger$Level
Event: 6.159 Loading class sun/util/logging/PlatformLogger$Level done

Classes unloaded (0 events):
No events

Classes redefined (0 events):
No events

Internal exceptions (20 events):
Event: 1.675 Thread 0x000001e39d51efa0 Exception <a 'java/lang/NoSuchMethodError'{0x00000000d59fa7d8}: 'int java.lang.invoke.DirectMethodHandle$Holder.invokeSpecial(java.lang.Object, java.lang.Object, java.lang.Object)'> (0x00000000d59fa7d8) 
thrown [s\src\hotspot\share\interpreter\linkResolver.cpp, line 773]
Event: 1.819 Thread 0x000001e39d51efa0 Exception <a 'java/lang/NoSuchMethodError'{0x00000000d5a06498}: 'java.lang.Object java.lang.invoke.DirectMethodHandle$Holder.invokeStatic(java.lang.Object, java.lang.Object, int)'> (0x00000000d5a06498) 
thrown [s\src\hotspot\share\interpreter\linkResolver.cpp, line 773]
Event: 1.825 Thread 0x000001e39d51efa0 Exception <a 'java/lang/NoSuchMethodError'{0x00000000d5a0ade8}: 'void java.lang.invoke.DirectMethodHandle$Holder.invokeStatic(java.lang.Object, java.lang.Object, int, java.lang.Object)'> (0x00000000d5a0ade8) 
thrown [s\src\hotspot\share\interpreter\linkResolver.cpp, line 773]
Event: 1.826 Thread 0x000001e39d51efa0 Exception <a 'java/lang/NoSuchMethodError'{0x00000000d5a0e978}: 'void java.lang.invoke.DirectMethodHandle$Holder.invokeSpecial(java.lang.Object, java.lang.Object, java.lang.Object, int, java.lang.Object)'> (0x00000000d5a0e978) 
thrown [s\src\hotspot\share\interpreter\linkResolver.cpp, line 773]
Event: 1.827 Thread 0x000001e39d51efa0 Exception <a 'java/lang/NoSuchMethodError'{0x00000000d5a11de8}: 'void java.lang.invoke.DelegatingMethodHandle$Holder.delegate(java.lang.Object, java.lang.Object, int, java.lang.Object)'> (0x00000000d5a11de8) 
thrown [s\src\hotspot\share\interpreter\linkResolver.cpp, line 773]
Event: 2.746 Thread 0x000001e39d51efa0 Exception <a 'java/lang/NoSuchMethodError'{0x00000000d5bd3070}: 'void java.lang.invoke.DelegatingMethodHandle$Holder.reinvoke_L(java.lang.Object, java.lang.Object, java.lang.Object, int)'> (0x00000000d5bd3070) 
thrown [s\src\hotspot\share\interpreter\linkResolver.cpp, line 773]
Event: 4.421 Thread 0x000001e39d51efa0 Exception <a 'java/lang/NoSuchMethodError'{0x00000000d605fc18}: 'void java.lang.invoke.DirectMethodHandle$Holder.invokeVirtual(java.lang.Object, java.lang.Object)'> (0x00000000d605fc18) 
thrown [s\src\hotspot\share\interpreter\linkResolver.cpp, line 773]
Event: 5.190 Thread 0x000001e39d51efa0 Exception <a 'java/lang/NoSuchMethodError'{0x00000000d6439f48}: 'void java.lang.invoke.DirectMethodHandle$Holder.invokeStatic(java.lang.Object, java.lang.Object)'> (0x00000000d6439f48) 
thrown [s\src\hotspot\share\interpreter\linkResolver.cpp, line 773]
Event: 5.198 Thread 0x000001e39d51efa0 Exception <a 'java/lang/ClassNotFoundException'{0x00000000d6462038}: sun/net/www/protocol/c/Handler> (0x00000000d6462038) 
thrown [s\src\hotspot\share\classfile\systemDictionary.cpp, line 312]
Event: 5.270 Thread 0x000001e39d51efa0 Exception <a 'java/io/FileNotFoundException'{0x00000000d64bfc88}> (0x00000000d64bfc88) 
thrown [s\src\hotspot\share\prims\jni.cpp, line 520]
Event: 5.270 Thread 0x000001e39d51efa0 Exception <a 'java/io/FileNotFoundException'{0x00000000d64c0fb0}> (0x00000000d64c0fb0) 
thrown [s\src\hotspot\share\prims\jni.cpp, line 520]
Event: 5.271 Thread 0x000001e39d51efa0 Exception <a 'java/io/FileNotFoundException'{0x00000000d64c1c28}> (0x00000000d64c1c28) 
thrown [s\src\hotspot\share\prims\jni.cpp, line 520]
Event: 5.271 Thread 0x000001e39d51efa0 Exception <a 'java/io/FileNotFoundException'{0x00000000d64c2768}> (0x00000000d64c2768) 
thrown [s\src\hotspot\share\prims\jni.cpp, line 520]
Event: 5.277 Thread 0x000001e39d51efa0 Implicit null exception at 0x000001e3a8221824 to 0x000001e3a8221df0
Event: 5.284 Thread 0x000001e39d51efa0 Exception <a 'java/io/FileNotFoundException'{0x00000000d64fc8f8}> (0x00000000d64fc8f8) 
thrown [s\src\hotspot\share\prims\jni.cpp, line 520]
Event: 5.306 Thread 0x000001e39d51efa0 Exception <a 'java/lang/NoSuchMethodError'{0x00000000d6534e08}: 'java.lang.Object java.lang.invoke.DirectMethodHandle$Holder.invokeInterface(java.lang.Object, java.lang.Object)'> (0x00000000d6534e08) 
thrown [s\src\hotspot\share\interpreter\linkResolver.cpp, line 773]
Event: 5.385 Thread 0x000001e39d51efa0 Exception <a 'java/lang/NoSuchMethodError'{0x00000000d6548398}: 'java.lang.Object java.lang.invoke.Invokers$Holder.invokeExact_MT(java.lang.Object, java.lang.Object, java.lang.Object, java.lang.Object, java.lang.Object, java.lang.Object)'> (0x00000000d6548398) 
thrown [s\src\hotspot\share\interpreter\linkResolver.cpp, line 773]
Event: 5.393 Thread 0x000001e39d51efa0 Exception <a 'java/lang/NoSuchMethodError'{0x00000000d655f470}: 'int java.lang.invoke.DirectMethodHandle$Holder.invokeStatic(java.lang.Object, java.lang.Object, java.lang.Object, java.lang.Object, java.lang.Object)'> (0x00000000d655f470) 
thrown [s\src\hotspot\share\interpreter\linkResolver.cpp, line 773]
Event: 5.473 Thread 0x000001e39d51efa0 Exception <a 'java/lang/NoSuchMethodError'{0x00000000d65f2b18}: 'java.lang.Object java.lang.invoke.DirectMethodHandle$Holder.invokeInterface(java.lang.Object, java.lang.Object, int)'> (0x00000000d65f2b18) 
thrown [s\src\hotspot\share\interpreter\linkResolver.cpp, line 773]
Event: 5.940 Thread 0x000001e39d51efa0 Exception <a 'java/lang/NoSuchMethodError'{0x00000000d6a58fc0}: 'java.lang.ClassLoader java.lang.ClassLoader.getPlatformClassLoader(java.lang.Class)'> (0x00000000d6a58fc0) 
thrown [s\src\hotspot\share\interpreter\linkResolver.cpp, line 773]

ZGC Phase Switch (0 events):
No events

VM Operations (14 events):
Event: 0.926 Executing VM operation: HandshakeAllThreads (Deoptimize)
Event: 0.926 Executing VM operation: HandshakeAllThreads (Deoptimize) done
Event: 1.374 Executing VM operation: HandshakeAllThreads (Deoptimize)
Event: 1.374 Executing VM operation: HandshakeAllThreads (Deoptimize) done
Event: 2.383 Executing VM operation: Cleanup
Event: 2.383 Executing VM operation: Cleanup done
Event: 3.390 Executing VM operation: Cleanup
Event: 3.484 Executing VM operation: Cleanup done
Event: 4.489 Executing VM operation: Cleanup
Event: 4.505 Executing VM operation: Cleanup done
Event: 5.114 Executing VM operation: HandshakeAllThreads (Deoptimize)
Event: 5.114 Executing VM operation: HandshakeAllThreads (Deoptimize) done
Event: 5.185 Executing VM operation: HandshakeAllThreads (Deoptimize)
Event: 5.185 Executing VM operation: HandshakeAllThreads (Deoptimize) done

Memory protections (0 events):
No events

Nmethod flushes (0 events):
No events

Events (11 events):
Event: 0.304 Thread 0x000001e39d51efa0 Thread added: 0x000001e39d51efa0
Event: 0.611 Thread 0x000001e39d51efa0 Thread added: 0x000001e3b3f090c0
Event: 0.611 Thread 0x000001e39d51efa0 Thread added: 0x000001e3b3f0bd60
Event: 0.612 Thread 0x000001e39d51efa0 Thread added: 0x000001e3b3f0dc70
Event: 0.612 Thread 0x000001e39d51efa0 Thread added: 0x000001e3b3f0eb80
Event: 0.612 Thread 0x000001e39d51efa0 Thread added: 0x000001e3b3f0fa90
Event: 0.612 Thread 0x000001e39d51efa0 Thread added: 0x000001e3b3f116f0
Event: 0.612 Thread 0x000001e39d51efa0 Thread added: 0x000001e3b3f14530
Event: 0.709 Thread 0x000001e39d51efa0 Thread added: 0x000001e3b3f84880
Event: 1.107 Thread 0x000001e39d51efa0 Thread added: 0x000001e3f5d29ad0
Event: 3.997 Thread 0x000001e39d51efa0 Thread added: 0x000001e3f5e36170


Dynamic libraries:
0x00007ff737770000 - 0x00007ff73777e000 	c:\Users\Dell\.vscode\extensions\redhat.java-1.50.0-win32-x64\jre\21.0.9-win32-x86_64\bin\java.exe
0x00007ffeb2c50000 - 0x00007ffeb2e68000 	C:\Windows\SYSTEM32\ntdll.dll
0x00007ffeb16b0000 - 0x00007ffeb1774000 	C:\Windows\System32\KERNEL32.DLL
0x00007ffeaff30000 - 0x00007ffeb0303000 	C:\Windows\System32\KERNELBASE.dll
0x00007ffeb0570000 - 0x00007ffeb0681000 	C:\Windows\System32\ucrtbase.dll
0x00007ffe86f10000 - 0x00007ffe86f28000 	c:\Users\Dell\.vscode\extensions\redhat.java-1.50.0-win32-x64\jre\21.0.9-win32-x86_64\bin\jli.dll
0x00007ffeb19f0000 - 0x00007ffeb1ba2000 	C:\Windows\System32\USER32.dll
0x00007ffeb08c0000 - 0x00007ffeb08e6000 	C:\Windows\System32\win32u.dll
0x00007ffeb2180000 - 0x00007ffeb21a9000 	C:\Windows\System32\GDI32.dll
0x00007ffeb0450000 - 0x00007ffeb056b000 	C:\Windows\System32\gdi32full.dll
0x00007ffeafe90000 - 0x00007ffeaff2a000 	C:\Windows\System32\msvcp_win.dll
0x00007ffe88a80000 - 0x00007ffe88a9e000 	c:\Users\Dell\.vscode\extensions\redhat.java-1.50.0-win32-x64\jre\21.0.9-win32-x86_64\bin\VCRUNTIME140.dll
0x00007ffe9d610000 - 0x00007ffe9d8ac000 	C:\Windows\WinSxS\amd64_microsoft.windows.common-controls_6595b64144ccf1df_6.0.22621.6060_none_2712eda17382d24b\COMCTL32.dll
0x00007ffeb2af0000 - 0x00007ffeb2b97000 	C:\Windows\System32\msvcrt.dll
0x00007ffeb2bb0000 - 0x00007ffeb2be1000 	C:\Windows\System32\IMM32.DLL
0x00007ffea52f0000 - 0x00007ffea52fc000 	c:\Users\Dell\.vscode\extensions\redhat.java-1.50.0-win32-x64\jre\21.0.9-win32-x86_64\bin\vcruntime140_1.dll
0x00007ffe5efc0000 - 0x00007ffe5f04d000 	c:\Users\Dell\.vscode\extensions\redhat.java-1.50.0-win32-x64\jre\21.0.9-win32-x86_64\bin\msvcp140.dll
0x00007ffdf24c0000 - 0x00007ffdf3260000 	c:\Users\Dell\.vscode\extensions\redhat.java-1.50.0-win32-x64\jre\21.0.9-win32-x86_64\bin\server\jvm.dll
0x00007ffeb12d0000 - 0x00007ffeb1381000 	C:\Windows\System32\ADVAPI32.dll
0x00007ffeb1bb0000 - 0x00007ffeb1c58000 	C:\Windows\System32\sechost.dll
0x00007ffeafd60000 - 0x00007ffeafd88000 	C:\Windows\System32\bcrypt.dll
0x00007ffeb28b0000 - 0x00007ffeb29c8000 	C:\Windows\System32\RPCRT4.dll
0x00007ffeb21b0000 - 0x00007ffeb2221000 	C:\Windows\System32\WS2_32.dll
0x00007ffeafc30000 - 0x00007ffeafc7d000 	C:\Windows\SYSTEM32\POWRPROF.dll
0x00007ffea9680000 - 0x00007ffea96b4000 	C:\Windows\SYSTEM32\WINMM.dll
0x00007ffead940000 - 0x00007ffead94a000 	C:\Windows\SYSTEM32\VERSION.dll
0x00007ffeafc10000 - 0x00007ffeafc23000 	C:\Windows\SYSTEM32\UMPDC.dll
0x00007ffeaed00000 - 0x00007ffeaed18000 	C:\Windows\SYSTEM32\kernel.appcore.dll
0x00007ffea4ba0000 - 0x00007ffea4baa000 	c:\Users\Dell\.vscode\extensions\redhat.java-1.50.0-win32-x64\jre\21.0.9-win32-x86_64\bin\jimage.dll
0x00007ffeac8c0000 - 0x00007ffeacaf3000 	C:\Windows\SYSTEM32\DBGHELP.DLL
0x00007ffeb2510000 - 0x00007ffeb28a1000 	C:\Windows\System32\combase.dll
0x00007ffeb1910000 - 0x00007ffeb19e8000 	C:\Windows\System32\OLEAUT32.dll
0x00007ffe980e0000 - 0x00007ffe98112000 	C:\Windows\SYSTEM32\dbgcore.DLL
0x00007ffeafe10000 - 0x00007ffeafe8b000 	C:\Windows\System32\bcryptPrimitives.dll
0x00007ffe76750000 - 0x00007ffe7675f000 	c:\Users\Dell\.vscode\extensions\redhat.java-1.50.0-win32-x64\jre\21.0.9-win32-x86_64\bin\instrument.dll
0x00007ffe76170000 - 0x00007ffe76190000 	c:\Users\Dell\.vscode\extensions\redhat.java-1.50.0-win32-x64\jre\21.0.9-win32-x86_64\bin\java.dll
0x00007ffeb0a30000 - 0x00007ffeb12cc000 	C:\Windows\System32\SHELL32.dll
0x00007ffeb0310000 - 0x00007ffeb044f000 	C:\Windows\System32\wintypes.dll
0x00007ffeadc10000 - 0x00007ffeae52a000 	C:\Windows\SYSTEM32\windows.storage.dll
0x00007ffeb1780000 - 0x00007ffeb1884000 	C:\Windows\System32\SHCORE.dll
0x00007ffeb09c0000 - 0x00007ffeb0a29000 	C:\Windows\System32\shlwapi.dll
0x00007ffeafc90000 - 0x00007ffeafcb5000 	C:\Windows\SYSTEM32\profapi.dll
0x00007ffe756e0000 - 0x00007ffe756f8000 	c:\Users\Dell\.vscode\extensions\redhat.java-1.50.0-win32-x64\jre\21.0.9-win32-x86_64\bin\zip.dll
0x00007ffe9eab0000 - 0x00007ffe9eac0000 	C:\Users\Dell\.vscode\extensions\redhat.java-1.50.0-win32-x64\jre\21.0.9-win32-x86_64\bin\net.dll
0x00007ffea9a00000 - 0x00007ffea9b2c000 	C:\Windows\SYSTEM32\WINHTTP.dll
0x00007ffeaf1c0000 - 0x00007ffeaf229000 	C:\Windows\system32\mswsock.dll
0x00007ffe75740000 - 0x00007ffe75756000 	C:\Users\Dell\.vscode\extensions\redhat.java-1.50.0-win32-x64\jre\21.0.9-win32-x86_64\bin\nio.dll
0x00007ffe765b0000 - 0x00007ffe765c0000 	c:\Users\Dell\.vscode\extensions\redhat.java-1.50.0-win32-x64\jre\21.0.9-win32-x86_64\bin\verify.dll

JVMTI agents:
c:\Users\Dell\.vscode\extensions\redhat.java-1.50.0-win32-x64\lombok\lombok-1.18.39-4050.jar path:c:\Users\Dell\.vscode\extensions\redhat.java-1.50.0-win32-x64\jre\21.0.9-win32-x86_64\bin\instrument.dll, loaded, initialized, instrumentlib options:none

dbghelp: loaded successfully - version: 4.0.5 - missing functions: none
symbol engine: initialized successfully - sym options: 0x614 - pdb path: .;c:\Users\Dell\.vscode\extensions\redhat.java-1.50.0-win32-x64\jre\21.0.9-win32-x86_64\bin;C:\Windows\SYSTEM32;C:\Windows\WinSxS\amd64_microsoft.windows.common-controls_6595b64144ccf1df_6.0.22621.6060_none_2712eda17382d24b;c:\Users\Dell\.vscode\extensions\redhat.java-1.50.0-win32-x64\jre\21.0.9-win32-x86_64\bin\server

VM Arguments:
jvm_args: --add-modules=ALL-SYSTEM --add-opens=java.base/java.util=ALL-UNNAMED --add-opens=java.base/java.lang=ALL-UNNAMED --add-opens=java.base/sun.nio.fs=ALL-UNNAMED -Declipse.application=org.eclipse.jdt.ls.core.id1 -Dosgi.bundles.defaultStartLevel=4 -Declipse.product=org.eclipse.jdt.ls.core.product -Djava.import.generatesMetadataFilesAtProjectRoot=false -DDetectVMInstallationsJob.disabled=true -Dfile.encoding=utf8 -XX:+UseParallelGC -XX:GCTimeRatio=4 -XX:AdaptiveSizePolicyWeight=90 -Dsun.zip.disableMemoryMapping=true -Xmx2G -Xms100m -Xlog:disable -javaagent:c:\Users\Dell\.vscode\extensions\redhat.java-1.50.0-win32-x64\lombok\lombok-1.18.39-4050.jar -XX:+HeapDumpOnOutOfMemoryError -XX:HeapDumpPath=c:\Users\Dell\AppData\Roaming\Code\User\workspaceStorage\2764b971a77eb436f5387ab8dbd5080a\redhat.java -Daether.dependencyCollector.impl=bf 
java_command: c:\Users\Dell\.vscode\extensions\redhat.java-1.50.0-win32-x64\server\plugins\org.eclipse.equinox.launcher_1.7.100.v20251111-0406.jar -configuration c:\Users\Dell\AppData\Roaming\Code\User\globalStorage\redhat.java\1.50.0\config_win -data c:\Users\Dell\AppData\Roaming\Code\User\workspaceStorage\2764b971a77eb436f5387ab8dbd5080a\redhat.java\jdt_ws --pipe=\\.\pipe\lsp-6d58d7ad0863447b92b86fd7b870e81d-sock
java_class_path (initial): c:\Users\Dell\.vscode\extensions\redhat.java-1.50.0-win32-x64\server\plugins\org.eclipse.equinox.launcher_1.7.100.v20251111-0406.jar
Launcher Type: SUN_STANDARD

[Global flags]
    uintx AdaptiveSizePolicyWeight                 = 90                                        {product} {command line}
     intx CICompilerCount                          = 3                                         {product} {ergonomic}
    uintx GCTimeRatio                              = 4                                         {product} {command line}
     bool HeapDumpOnOutOfMemoryError               = true                                   {manageable} {command line}
    ccstr HeapDumpPath                             = c:\Users\Dell\AppData\Roaming\Code\User\workspaceStorage\2764b971a77eb436f5387ab8dbd5080a\redhat.java         {manageable} {command line}
   size_t InitialHeapSize                          = 104857600                                 {product} {command line}
   size_t MaxHeapSize                              = 2147483648                                {product} {command line}
   size_t MaxNewSize                               = 715653120                                 {product} {ergonomic}
   size_t MinHeapDeltaBytes                        = 524288                                    {product} {ergonomic}
   size_t MinHeapSize                              = 104857600                                 {product} {command line}
   size_t NewSize                                  = 34603008                                  {product} {ergonomic}
    uintx NonNMethodCodeHeapSize                   = 5832780                                {pd product} {ergonomic}
    uintx NonProfiledCodeHeapSize                  = 122912730                              {pd product} {ergonomic}
   size_t OldSize                                  = 70254592                                  {product} {ergonomic}
    uintx ProfiledCodeHeapSize                     = 122912730                              {pd product} {ergonomic}
    uintx ReservedCodeCacheSize                    = 251658240                              {pd product} {ergonomic}
     bool SegmentedCodeCache                       = true                                      {product} {ergonomic}
   size_t SoftMaxHeapSize                          = 2147483648                             {manageable} {ergonomic}
     bool UseCompressedOops                        = true                           {product lp64_product} {ergonomic}
     bool UseLargePagesIndividualAllocation        = false                                  {pd product} {ergonomic}
     bool UseParallelGC                            = true                                      {product} {command line}

Logging:
Log output configuration:
 #0: stdout all=off uptime,level,tags foldmultilines=false
 #1: stderr all=off uptime,level,tags foldmultilines=false

Release file:
JAVA_VERSION="21.0.9" 
MODULES="java.base java.compiler java.datatransfer java.xml java.prefs java.desktop java.instrument java.logging java.management java.security.sasl java.naming java.rmi java.management.rmi java.net.http java.scripting java.security.jgss java.transaction.xa java.sql java.sql.rowset java.xml.crypto java.se java.smartcardio jdk.accessibility jdk.internal.jvmstat jdk.attach jdk.charsets jdk.internal.opt jdk.zipfs jdk.compiler jdk.crypto.ec jdk.crypto.cryptoki jdk.crypto.mscapi jdk.dynalink jdk.internal.ed jdk.editpad jdk.hotspot.agent jdk.httpserver jdk.internal.le jdk.internal.vm.ci jdk.internal.vm.compiler jdk.internal.vm.compiler.management jdk.jartool jdk.javadoc jdk.jcmd jdk.management jdk.management.agent jdk.jconsole jdk.jdeps jdk.jdwp.agent jdk.jdi jdk.jfr jdk.jshell jdk.jsobject jdk.jstatd jdk.localedata jdk.management.jfr jdk.naming.dns jdk.naming.rmi jdk.net jdk.nio.mapmode jdk.random jdk.sctp jdk.security.auth jdk.security.jgss jdk.unsupported jdk.unsupported.desktop jdk.xml.dom" 

Environment Variables:
JAVA_HOME=C:\Program Files\Microsoft\jdk-17.0.15.6-hotspot\
PATH=C:\Program Files\Eclipse Adoptium\jdk-25.0.1.8-hotspot\bin;C:\Program Files\Microsoft\jdk-17.0.15.6-hotspot\bin;C:\Program Files\MySQL\MySQL Server 8.0\bin;"C:\xampp\php;C:\Program Files (x86)\Common Files\Oracle\Java\java8path";C:\Windows\system32;C:\Windows;C:\Windows\System32\Wbem;C:\Windows\System32\WindowsPowerShell\v1.0\;C:\Windows\System32\OpenSSH\;C:\Program Files\Microsoft SQL Server\150\Tools\Binn\;C:\Program Files\dotnet\;C:\ProgramData\chocolatey\bin;C:\Program Files\Git\cmd;C:\Users\Dell\AppData\Local\Android\Sdk\platform-tools;C:\Program Files\dotnet;C:\Program Files\MySQL\MySQL Server 8.0\bin;C:\Users\Dell\AppData\Local\Microsoft\WindowsApps;C:\Users\Dell\.dotnet\tools;C:\Users\Dell\AppData\Local\Programs\Microsoft VS Code\bin;C:\msys64\ucrt64\bin;C:\Users\Dell\.dotnet\tools;C:\Users\Dell\AppData\Local\Android\Sdk\platform-tools;C:\Program Files\dotnet;C:\Users\Dell\AppData\Local\Programs\cursor\resources\app\bin;C:\Users\Dell\AppData\Local\Programs\Kiro\bin
USERNAME=dk
OS=Windows_NT
PROCESSOR_IDENTIFIER=Intel64 Family 6 Model 142 Stepping 9, GenuineIntel
TMP=C:\Users\Dell\AppData\Local\Temp
TEMP=C:\Users\Dell\AppData\Local\Temp




Periodic native trim disabled

---------------  S Y S T E M  ---------------

OS:
 Windows 11 , 64 bit Build 22621 (10.0.22621.5415)
OS uptime: 6 days 7:44 hours
Hyper-V role detected

CPU: total 4 (initial active 4) (2 cores per cpu, 2 threads per core) family 6 model 142 stepping 9 microcode 0xf6, cx8, cmov, fxsr, ht, mmx, 3dnowpref, sse, sse2, sse3, ssse3, sse4.1, sse4.2, popcnt, lzcnt, tsc, tscinvbit, avx, avx2, aes, erms, clmul, bmi1, bmi2, rtm, adx, fma, vzeroupper, clflush, clflushopt, hv, rdtscp, f16c
Processor Information for the first 4 processors :
  Max Mhz: 2712, Current Mhz: 2611, Mhz Limit: 2603

Memory: 4k page, system-wide physical 8073M (371M free)
TotalPageFile size 32649M (AvailPageFile size 1M)
current process WorkingSet (physical memory assigned to process): 72M, peak: 72M
current process commit charge ("private bytes"): 218M, peak: 219M

vm_info: OpenJDK 64-Bit Server VM (21.0.9+10-LTS) for windows-amd64 JRE (21.0.9+10-LTS), built on 2025-10-21T00:00:00Z by "admin" with unknown MS VC++:1942

END.
