#
# There is insufficient memory for the Java Runtime Environment to continue.
# Native memory allocation (mmap) failed to map 239075328 bytes. Error detail: G1 virtual space
# Possible reasons:
#   The system is out of physical RAM or swap space
#   This process is running with CompressedOops enabled, and the Java Heap may be blocking the growth of the native heap
# Possible solutions:
#   Reduce memory load on the system
#   Increase physical memory or swap space
#   Check if swap backing store is full
#   Decrease Java heap size (-Xmx/-Xms)
#   Decrease number of Java threads
#   Decrease Java thread stack sizes (-Xss)
#   Set larger code cache with -XX:ReservedCodeCacheSize=
#   JVM is running with Unscaled Compressed Oops mode in which the Java heap is
#     placed in the first 4GB address space. The Java Heap base address is the
#     maximum limit for the native heap growth. Please use -XX:HeapBaseMinAddress
#     to set the Java Heap base and to place the Java Heap above 4GB virtual address.
# This output file may be truncated or incomplete.
#
#  Out of Memory Error (os_windows.cpp:3710), pid=10288, tid=9532
#
# JRE version: OpenJDK Runtime Environment Microsoft-11369865 (17.0.15+6) (build 17.0.15+6-LTS)
# Java VM: OpenJDK 64-Bit Server VM Microsoft-11369865 (17.0.15+6-LTS, mixed mode, sharing, tiered, compressed oops, compressed class ptrs, g1 gc, windows-amd64)
# No core dump will be written. Minidumps are not enabled by default on client versions of Windows
#

---------------  S U M M A R Y ------------

Command Line: -Xmx1G com.android.tools.r8.D8 --debug --min-api 21 --output obj\Debug\net9.0-android\android\bin\ --lib C:\Users\Dell\AppData\Local\Android\Sdk\platforms\android-35\android.jar obj\Debug\net9.0-android\android\bin\classes.zip C:\Program Files\dotnet\packs\Microsoft.Android.Ref.35\35.0.105\ref\net9.0\mono.android.jar C:\Program Files\dotnet\packs\Microsoft.Android.Sdk.Windows\35.0.105\tools\\java_runtime_net6.jar C:\Users\Dell\.nuget\packages\xamarin.androidx.annotation.jvm\1.9.1.3\buildTransitive\net8.0-android34.0\..\..\jar\androidx.annotation.annotation-jvm.jar C:\Users\Dell\.nuget\packages\xamarin.androidx.collection.jvm\1.5.0.1\buildTransitive\net8.0-android34.0\..\..\jar\androidx.collection.collection-jvm.jar C:\Users\Dell\.nuget\packages\xamarin.androidx.annotation\1.9.1.3\buildTransitive\net8.0-android34.0\..\..\jar\androidx.annotation.annotation.jar C:\Users\Dell\.nuget\packages\xamarin.androidx.collection\1.5.0.1\buildTransitive\net8.0-android34.0\..\..\jar\androidx.collection.collection.jar C:\Users\Dell\.nuget\packages\xamarin.androidx.concurrent.futures\1.2.0.6\buildTransitive\net8.0-android34.0\..\..\jar\androidx.concurrent.concurrent-futures.jar C:\Users\Dell\.nuget\packages\xamarin.androidx.lifecycle.common.jvm\2.8.7.3\buildTransitive\net8.0-android34.0\..\..\jar\androidx.lifecycle.lifecycle-common-jvm.jar C:\Users\Dell\.nuget\packages\xamarin.androidx.lifecycle.common\2.8.7.3\buildTransitive\net8.0-android34.0\..\..\jar\androidx.lifecycle.lifecycle-common.jar C:\Users\Dell\.nuget\packages\xamarin.androidx.arch.core.common\2.2.0.16\buildTransitive\net8.0-android34.0\..\..\jar\androidx.arch.core.core-common.jar C:\Users\Dell\.nuget\packages\xamarin.androidx.resourceinspection.annotation\1.0.1.20\buildTransitive\net8.0-android34.0\..\..\jar\androidx.resourceinspection.resourceinspection-annotation.jar C:\Users\Dell\.nuget\packages\xamarin.androidx.constraintlayout.core\1.1.1.1\buildTransitive\net8.0-android34.0\..\..\jar\androidx.constraintlayout.constraintlayout-core.jar C:\Users\Dell\.nuget\packages\xamarin.androidx.collection.ktx\1.5.0.1\buildTransitive\net8.0-android34.0\..\..\jar\androidx.collection.collection-ktx.jar C:\Program Files\dotnet\packs\Microsoft.NETCore.App.Runtime.Mono.android-arm64\9.0.11\runtimes\android-arm64\native\libSystem.Security.Cryptography.Native.Android.jar obj\Debug\net9.0-android\lp\95\jl\classes.jar obj\Debug\net9.0-android\lp\96\jl\classes.jar obj\Debug\net9.0-android\lp\97\jl\classes.jar obj\Debug\net9.0-android\lp\98\jl\classes.jar obj\Debug\net9.0-android\lp\99\jl\classes.jar obj\Debug\net9.0-android\lp\100\jl\classes.jar obj\Debug\net9.0-android\lp\102\jl\classes.jar obj\Debug\net9.0-android\lp\103\jl\classes.jar obj\Debug\net9.0-android\lp\104\jl\classes.jar obj\Debug\net9.0-android\lp\105\jl\classes.jar obj\Debug\net9.0-android\lp\106\jl\classes.jar obj\Debug\net9.0-android\lp\107\jl\classes.jar obj\Debug\net9.0-android\lp\108\jl\classes.jar obj\Debug\net9.0-android\lp\109\jl\classes.jar obj\Debug\net9.0-android\lp\110\jl\classes.jar obj\Debug\net9.0-android\lp\111\jl\classes.jar obj\Debug\net9.0-android\lp\112\jl\classes.jar obj\Debug\net9.0-android\lp\114\jl\classes.jar obj\Debug\net9.0-android\lp\115\jl\classes.jar obj\Debug\net9.0-android\lp\116\jl\classes.jar obj\Debug\net9.0-android\lp\117\jl\classes.jar obj\Debug\net9.0-android\lp\118\jl\classes.jar obj\Debug\net9.0-android\lp\119\jl\classes.jar obj\Debug\net9.0-android\lp\120\jl\classes.jar obj\Debug\net9.0-android\lp\121\jl\classes.jar obj\Debug\net9.0-android\lp\122\jl\classes.jar obj\Debug\net9.0-android\lp\123\jl\classes.jar obj\Debug\net9.0-android\lp\124\jl\classes.jar obj\Debug\net9.0-android\lp\125\jl\classes.jar obj\Debug\net9.0-android\lp\125\jl\libs\repackaged.jar obj\Debug\net9.0-android\lp\126\jl\classes.jar obj\Debug\net9.0-android\lp\127\jl\classes.jar obj\Debug\net9.0-android\lp\128\jl\classes.jar obj\Debug\net9.0-android\lp\129\jl\classes.jar obj\Debug\net9.0-android\lp\130\jl\classes.jar obj\Debug\net9.0-android\lp\131\jl\classes.jar obj\Debug\net9.0-android\lp\132\jl\classes.jar obj\Debug\net9.0-android\lp\133\jl\classes.jar obj\Debug\net9.0-android\lp\134\jl\classes.jar obj\Debug\net9.0-android\lp\135\jl\classes.jar obj\Debug\net9.0-android\lp\136\jl\classes.jar obj\Debug\net9.0-android\lp\137\jl\classes.jar obj\Debug\net9.0-android\lp\138\jl\classes.jar obj\Debug\net9.0-android\lp\139\jl\classes.jar obj\Debug\net9.0-android\lp\140\jl\classes.jar obj\Debug\net9.0-android\lp\141\jl\classes.jar obj\Debug\net9.0-android\lp\142\jl\classes.jar obj\Debug\net9.0-android\lp\144\jl\classes.jar obj\Debug\net9.0-android\lp\145\jl\classes.jar obj\Debug\net9.0-android\lp\146\jl\classes.jar obj\Debug\net9.0-android\lp\147\jl\classes.jar obj\Debug\net9.0-android\lp\148\jl\classes.jar obj\Debug\net9.0-android\lp\149\jl\classes.jar obj\Debug\net9.0-android\lp\150\jl\classes.jar obj\Debug\net9.0-android\lp\151\jl\classes.jar obj\Debug\net9.0-android\lp\152\jl\classes.jar obj\Debug\net9.0-android\lp\153\jl\classes.jar obj\Debug\net9.0-android\lp\154\jl\libs\ED64959F88B22E6D.jar obj\Debug\net9.0-android\lp\155\jl\libs\2E7FD15AFA9B216B.jar obj\Debug\net9.0-android\lp\157\jl\classes.jar obj\Debug\net9.0-android\lp\160\jl\libs\659D48BEBA477FDD.jar obj\Debug\net9.0-android\lp\161\jl\libs\95D547F40BE4687C.jar obj\Debug\net9.0-android\lp\162\jl\classes.jar obj\Debug\net9.0-android\lp\163\jl\classes.jar obj\Debug\net9.0-android\lp\164\jl\libs\F975D0960055A5E3.jar obj\Debug\net9.0-android\lp\165\jl\libs\B71CFF5D5A0B3AEB.jar obj\Debug\net9.0-android\lp\166\jl\libs\8F2EB7DF0BED3603.jar obj\Debug\net9.0-android\lp\167\jl\libs\8956669C0037225B.jar obj\Debug\net9.0-android\lp\168\jl\libs\05D34BA5CA8637CF.jar obj\Debug\net9.0-android\lp\169\jl\libs\DCFB018199B59345.jar obj\Debug\net9.0-android\lp\170\jl\libs\F91D79B39A269A7E.jar obj\Debug\net9.0-android\lp\171\jl\libs\327D95CCFE836D7B.jar obj\Debug\net9.0-android\lp\172\jl\libs\C7DE71AD77BC3A1F.jar obj\Debug\net9.0-android\lp\173\jl\libs\F01C7EADE990A004.jar obj\Debug\net9.0-android\lp\174\jl\libs\F6DB49E0CC905A9A.jar obj\Debug\net9.0-android\lp\175\jl\libs\A1A754E9E8693F85.jar obj\Debug\net9.0-android\lp\176\jl\libs\B7446A23346A729D.jar obj\Debug\net9.0-android\lp\177\jl\libs\623E6E29E2058512.jar --map-diagnostics warning info

Host: Intel(R) Core(TM) i5-7300U CPU @ 2.60GHz, 4 cores, 7G,  Windows 11 , 64 bit Build 22621 (10.0.22621.5415)
Time: Tue Dec  9 20:44:28 2025 South Africa Standard Time elapsed time: 6.950707 seconds (0d 0h 0m 6s)

---------------  T H R E A D  ---------------

Current thread (0x000002c97edb8ec0):  VMThread "VM Thread" [stack: 0x000000eab1300000,0x000000eab1400000] [id=9532]

Stack: [0x000000eab1300000,0x000000eab1400000]
Native frames: (J=compiled Java code, j=interpreted, Vv=VM code, C=native code)
V  [jvm.dll+0x6887a9]
V  [jvm.dll+0x83f5a8]
V  [jvm.dll+0x841053]
V  [jvm.dll+0x8416c3]
V  [jvm.dll+0x2496ef]
V  [jvm.dll+0x6856e9]
V  [jvm.dll+0x679b7a]
V  [jvm.dll+0x30b0d7]
V  [jvm.dll+0x312646]
V  [jvm.dll+0x36300e]
V  [jvm.dll+0x36324d]
V  [jvm.dll+0x2e236c]
V  [jvm.dll+0x2e0719]
V  [jvm.dll+0x2dfe7c]
V  [jvm.dll+0x322a2b]
V  [jvm.dll+0x845efd]
V  [jvm.dll+0x846c33]
V  [jvm.dll+0x84715f]
V  [jvm.dll+0x847544]
V  [jvm.dll+0x84760e]
V  [jvm.dll+0x7ef2dc]
V  [jvm.dll+0x687687]
C  [ucrtbase.dll+0x29333]
C  [KERNEL32.DLL+0x1259d]
C  [ntdll.dll+0x5af78]

VM_Operation (0x000000eab27fe1b0): G1CollectForAllocation, mode: safepoint, requested by thread 0x000002c97f9e2ff0


---------------  P R O C E S S  ---------------

Threads class SMR info:
_java_thread_list=0x000002c954074f20, length=15, elements={
0x000002c9727fa4e0, 0x000002c97edbe8c0, 0x000002c97edbf740, 0x000002c97edd6520,
0x000002c97edd80f0, 0x000002c97eddabc0, 0x000002c97eddb580, 0x000002c97eddd330,
0x000002c97edded40, 0x000002c97ede42f0, 0x000002c97ef36ed0, 0x000002c97ef3d6f0,
0x000002c97f9e2870, 0x000002c97f9e2ff0, 0x000002c95406e7c0
}

Java Threads: ( => current thread )
  0x000002c9727fa4e0 JavaThread "main" [_thread_blocked, id=21296, stack(0x000000eab0d00000,0x000000eab0e00000)]
  0x000002c97edbe8c0 JavaThread "Reference Handler" daemon [_thread_blocked, id=13756, stack(0x000000eab1400000,0x000000eab1500000)]
  0x000002c97edbf740 JavaThread "Finalizer" daemon [_thread_blocked, id=7048, stack(0x000000eab1500000,0x000000eab1600000)]
  0x000002c97edd6520 JavaThread "Signal Dispatcher" daemon [_thread_blocked, id=22520, stack(0x000000eab1600000,0x000000eab1700000)]
  0x000002c97edd80f0 JavaThread "Attach Listener" daemon [_thread_blocked, id=380, stack(0x000000eab1700000,0x000000eab1800000)]
  0x000002c97eddabc0 JavaThread "Service Thread" daemon [_thread_blocked, id=20472, stack(0x000000eab1800000,0x000000eab1900000)]
  0x000002c97eddb580 JavaThread "Monitor Deflation Thread" daemon [_thread_blocked, id=8460, stack(0x000000eab1900000,0x000000eab1a00000)]
  0x000002c97eddd330 JavaThread "C2 CompilerThread0" daemon [_thread_blocked, id=21804, stack(0x000000eab1a00000,0x000000eab1b00000)]
  0x000002c97edded40 JavaThread "C1 CompilerThread0" daemon [_thread_blocked, id=19168, stack(0x000000eab1b00000,0x000000eab1c00000)]
  0x000002c97ede42f0 JavaThread "Sweeper thread" daemon [_thread_blocked, id=24836, stack(0x000000eab1c00000,0x000000eab1d00000)]
  0x000002c97ef36ed0 JavaThread "Notification Thread" daemon [_thread_blocked, id=444, stack(0x000000eab1d00000,0x000000eab1e00000)]
  0x000002c97ef3d6f0 JavaThread "Common-Cleaner" daemon [_thread_blocked, id=20500, stack(0x000000eab1f00000,0x000000eab2000000)]
  0x000002c97f9e2870 JavaThread "ForkJoinPool-1-worker-1" daemon [_thread_blocked, id=23628, stack(0x000000eab2600000,0x000000eab2700000)]
  0x000002c97f9e2ff0 JavaThread "ForkJoinPool-1-worker-2" daemon [_thread_blocked, id=3912, stack(0x000000eab2700000,0x000000eab2800000)]
  0x000002c95406e7c0 JavaThread "C2 CompilerThread1" daemon [_thread_blocked, id=17324, stack(0x000000eab2800000,0x000000eab2900000)]

Other Threads:
=>0x000002c97edb8ec0 VMThread "VM Thread" [stack: 0x000000eab1300000,0x000000eab1400000] [id=9532]
  0x000002c97ef3b3d0 WatcherThread [stack: 0x000000eab1e00000,0x000000eab1f00000] [id=14312]
  0x000002c972836660 GCTaskThread "GC Thread#0" [stack: 0x000000eab0e00000,0x000000eab0f00000] [id=20980]
  0x000002c97f4baf40 GCTaskThread "GC Thread#1" [stack: 0x000000eab2100000,0x000000eab2200000] [id=21220]
  0x000002c97f5365e0 GCTaskThread "GC Thread#2" [stack: 0x000000eab2200000,0x000000eab2300000] [id=25532]
  0x000002c97f00ac30 GCTaskThread "GC Thread#3" [stack: 0x000000eab2300000,0x000000eab2400000] [id=11580]
  0x000002c97283f5b0 ConcurrentGCThread "G1 Main Marker" [stack: 0x000000eab0f00000,0x000000eab1000000] [id=15832]
  0x000002c97283ffd0 ConcurrentGCThread "G1 Conc#0" [stack: 0x000000eab1000000,0x000000eab1100000] [id=20296]
  0x000002c97ec820b0 ConcurrentGCThread "G1 Refine#0" [stack: 0x000000eab1100000,0x000000eab1200000] [id=19256]
  0x000002c97f5fa5d0 ConcurrentGCThread "G1 Refine#1" [stack: 0x000000eab2400000,0x000000eab2500000] [id=12864]
  0x000002c954018b80 ConcurrentGCThread "G1 Refine#2" [stack: 0x000000eab2000000,0x000000eab2100000] [id=2812]
  0x000002c97f8e7820 ConcurrentGCThread "G1 Refine#3" [stack: 0x000000eab2500000,0x000000eab2600000] [id=13564]
  0x000002c97ec82ae0 ConcurrentGCThread "G1 Service" [stack: 0x000000eab1200000,0x000000eab1300000] [id=17376]

Threads with active compile tasks:
C2 CompilerThread0     7004 2080       4       com.android.tools.r8.internal.vd::a (1171 bytes)
C2 CompilerThread1     7004 2084   !   4       com.android.tools.r8.graph.h4::c (814 bytes)

VM state: at safepoint (normal execution)

VM Mutex/Monitor currently owned by a thread:  ([mutex/lock_event])
[0x000002c9727f6b50] Threads_lock - owner thread: 0x000002c97edb8ec0
[0x000002c9727f53b0] Heap_lock - owner thread: 0x000002c97f9e2ff0

Heap address: 0x00000000c0000000, size: 1024 MB, Compressed Oops mode: 32-bit

CDS archive(s) mapped at: [0x000002c90f000000-0x000002c90fbb0000-0x000002c90fbb0000), size 12255232, SharedBaseAddress: 0x000002c90f000000, ArchiveRelocationMode: 1.
Compressed class space mapped at: 0x000002c910000000-0x000002c950000000, reserved size: 1073741824
Narrow klass base: 0x000002c90f000000, Narrow klass shift: 0, Narrow klass range: 0x100000000

GC Precious Log:
 CPUs: 4 total, 4 available
 Memory: 8073M
 Large Page Support: Disabled
 NUMA Support: Disabled
 Compressed Oops: Enabled (32-bit)
 Heap Region Size: 1M
 Heap Min Capacity: 8M
 Heap Initial Capacity: 128M
 Heap Max Capacity: 1G
 Pre-touch: Disabled
 Parallel Workers: 4
 Concurrent Workers: 1
 Concurrent Refinement Workers: 4
 Periodic GC: Disabled

Heap:
 garbage-first heap   total 191488K, used 109853K [0x00000000c0000000, 0x0000000100000000)
  region size 1024K, 2 young (2048K), 2 survivors (2048K)
 Metaspace       used 7528K, committed 7680K, reserved 1114112K
  class space    used 856K, committed 960K, reserved 1048576K

Heap Regions: E=young(eden), S=young(survivor), O=old, HS=humongous(starts), HC=humongous(continues), CS=collection set, F=free, OA=open archive, CA=closed archive, TAMS=top-at-mark-start (previous, next)
|   0|0x00000000c0000000, 0x00000000c0100000, 0x00000000c0100000|100%|HS|  |TAMS 0x00000000c0100000, 0x00000000c0000000| Complete 
|   1|0x00000000c0100000, 0x00000000c0200000, 0x00000000c0200000|100%| O|  |TAMS 0x00000000c0200000, 0x00000000c0100000| Untracked 
|   2|0x00000000c0200000, 0x00000000c0300000, 0x00000000c0300000|100%| O|  |TAMS 0x00000000c0300000, 0x00000000c0200000| Untracked 
|   3|0x00000000c0300000, 0x00000000c0400000, 0x00000000c0400000|100%| O|  |TAMS 0x00000000c0400000, 0x00000000c0300000| Untracked 
|   4|0x00000000c0400000, 0x00000000c0500000, 0x00000000c0500000|100%| O|  |TAMS 0x00000000c0500000, 0x00000000c0400000| Untracked 
|   5|0x00000000c0500000, 0x00000000c0600000, 0x00000000c0600000|100%| O|  |TAMS 0x00000000c0600000, 0x00000000c0500000| Untracked 
|   6|0x00000000c0600000, 0x00000000c0700000, 0x00000000c0700000|100%| O|  |TAMS 0x00000000c0700000, 0x00000000c0600000| Untracked 
|   7|0x00000000c0700000, 0x00000000c0800000, 0x00000000c0800000|100%| O|  |TAMS 0x00000000c0800000, 0x00000000c0700000| Untracked 
|   8|0x00000000c0800000, 0x00000000c0900000, 0x00000000c0900000|100%| O|  |TAMS 0x00000000c0800000, 0x00000000c0800000| Untracked 
|   9|0x00000000c0900000, 0x00000000c0900000, 0x00000000c0a00000|  0%| F|  |TAMS 0x00000000c0900000, 0x00000000c0900000| Untracked 
|  10|0x00000000c0a00000, 0x00000000c0b00000, 0x00000000c0b00000|100%| O|  |TAMS 0x00000000c0b00000, 0x00000000c0a00000| Untracked 
|  11|0x00000000c0b00000, 0x00000000c0c00000, 0x00000000c0c00000|100%| O|  |TAMS 0x00000000c0c00000, 0x00000000c0b00000| Untracked 
|  12|0x00000000c0c00000, 0x00000000c0d00000, 0x00000000c0d00000|100%|HS|  |TAMS 0x00000000c0d00000, 0x00000000c0c00000| Complete 
|  13|0x00000000c0d00000, 0x00000000c0e00000, 0x00000000c0e00000|100%|HC|  |TAMS 0x00000000c0e00000, 0x00000000c0d00000| Complete 
|  14|0x00000000c0e00000, 0x00000000c0f00000, 0x00000000c0f00000|100%| O|  |TAMS 0x00000000c0f00000, 0x00000000c0e00000| Untracked 
|  15|0x00000000c0f00000, 0x00000000c1000000, 0x00000000c1000000|100%| O|  |TAMS 0x00000000c1000000, 0x00000000c0f00000| Untracked 
|  16|0x00000000c1000000, 0x00000000c1000000, 0x00000000c1100000|  0%| F|  |TAMS 0x00000000c1000000, 0x00000000c1000000| Untracked 
|  17|0x00000000c1100000, 0x00000000c1200000, 0x00000000c1200000|100%| O|  |TAMS 0x00000000c1200000, 0x00000000c1100000| Untracked 
|  18|0x00000000c1200000, 0x00000000c1300000, 0x00000000c1300000|100%| O|  |TAMS 0x00000000c1300000, 0x00000000c1200000| Untracked 
|  19|0x00000000c1300000, 0x00000000c1400000, 0x00000000c1400000|100%| O|  |TAMS 0x00000000c1400000, 0x00000000c1300000| Untracked 
|  20|0x00000000c1400000, 0x00000000c1500000, 0x00000000c1500000|100%| O|  |TAMS 0x00000000c1500000, 0x00000000c1400000| Untracked 
|  21|0x00000000c1500000, 0x00000000c1600000, 0x00000000c1600000|100%| O|  |TAMS 0x00000000c1600000, 0x00000000c1500000| Untracked 
|  22|0x00000000c1600000, 0x00000000c1700000, 0x00000000c1700000|100%| O|  |TAMS 0x00000000c1700000, 0x00000000c1600000| Untracked 
|  23|0x00000000c1700000, 0x00000000c1800000, 0x00000000c1800000|100%| O|  |TAMS 0x00000000c1800000, 0x00000000c1700000| Untracked 
|  24|0x00000000c1800000, 0x00000000c1900000, 0x00000000c1900000|100%| O|  |TAMS 0x00000000c1900000, 0x00000000c1800000| Untracked 
|  25|0x00000000c1900000, 0x00000000c1a00000, 0x00000000c1a00000|100%| O|  |TAMS 0x00000000c1a00000, 0x00000000c1900000| Untracked 
|  26|0x00000000c1a00000, 0x00000000c1b00000, 0x00000000c1b00000|100%| O|  |TAMS 0x00000000c1b00000, 0x00000000c1a00000| Untracked 
|  27|0x00000000c1b00000, 0x00000000c1c00000, 0x00000000c1c00000|100%| O|  |TAMS 0x00000000c1c00000, 0x00000000c1b00000| Untracked 
|  28|0x00000000c1c00000, 0x00000000c1d00000, 0x00000000c1d00000|100%| O|  |TAMS 0x00000000c1d00000, 0x00000000c1c00000| Untracked 
|  29|0x00000000c1d00000, 0x00000000c1e00000, 0x00000000c1e00000|100%| O|  |TAMS 0x00000000c1e00000, 0x00000000c1d00000| Untracked 
|  30|0x00000000c1e00000, 0x00000000c1f00000, 0x00000000c1f00000|100%| O|  |TAMS 0x00000000c1f00000, 0x00000000c1e00000| Untracked 
|  31|0x00000000c1f00000, 0x00000000c2000000, 0x00000000c2000000|100%| O|  |TAMS 0x00000000c2000000, 0x00000000c1f00000| Untracked 
|  32|0x00000000c2000000, 0x00000000c2100000, 0x00000000c2100000|100%| O|  |TAMS 0x00000000c2100000, 0x00000000c2000000| Untracked 
|  33|0x00000000c2100000, 0x00000000c2200000, 0x00000000c2200000|100%| O|  |TAMS 0x00000000c2200000, 0x00000000c2100000| Untracked 
|  34|0x00000000c2200000, 0x00000000c2300000, 0x00000000c2300000|100%| O|  |TAMS 0x00000000c2300000, 0x00000000c2200000| Untracked 
|  35|0x00000000c2300000, 0x00000000c2400000, 0x00000000c2400000|100%| O|  |TAMS 0x00000000c2400000, 0x00000000c2300000| Untracked 
|  36|0x00000000c2400000, 0x00000000c2500000, 0x00000000c2500000|100%| O|  |TAMS 0x00000000c2500000, 0x00000000c2400000| Untracked 
|  37|0x00000000c2500000, 0x00000000c2600000, 0x00000000c2600000|100%| O|  |TAMS 0x00000000c2600000, 0x00000000c2500000| Untracked 
|  38|0x00000000c2600000, 0x00000000c2700000, 0x00000000c2700000|100%| O|  |TAMS 0x00000000c2700000, 0x00000000c2600000| Untracked 
|  39|0x00000000c2700000, 0x00000000c2800000, 0x00000000c2800000|100%| O|  |TAMS 0x00000000c2800000, 0x00000000c2700000| Untracked 
|  40|0x00000000c2800000, 0x00000000c2900000, 0x00000000c2900000|100%| O|  |TAMS 0x00000000c2900000, 0x00000000c2800000| Untracked 
|  41|0x00000000c2900000, 0x00000000c2a00000, 0x00000000c2a00000|100%| O|  |TAMS 0x00000000c2a00000, 0x00000000c2900000| Untracked 
|  42|0x00000000c2a00000, 0x00000000c2b00000, 0x00000000c2b00000|100%| O|  |TAMS 0x00000000c2a00000, 0x00000000c2a00000| Untracked 
|  43|0x00000000c2b00000, 0x00000000c2c00000, 0x00000000c2c00000|100%| O|  |TAMS 0x00000000c2c00000, 0x00000000c2b00000| Untracked 
|  44|0x00000000c2c00000, 0x00000000c2d00000, 0x00000000c2d00000|100%| O|  |TAMS 0x00000000c2d00000, 0x00000000c2c00000| Untracked 
|  45|0x00000000c2d00000, 0x00000000c2e00000, 0x00000000c2e00000|100%|HS|  |TAMS 0x00000000c2e00000, 0x00000000c2d00000| Complete 
|  46|0x00000000c2e00000, 0x00000000c2f00000, 0x00000000c2f00000|100%| O|  |TAMS 0x00000000c2f00000, 0x00000000c2e00000| Untracked 
|  47|0x00000000c2f00000, 0x00000000c3000000, 0x00000000c3000000|100%| O|  |TAMS 0x00000000c3000000, 0x00000000c2f00000| Untracked 
|  48|0x00000000c3000000, 0x00000000c3100000, 0x00000000c3100000|100%| O|  |TAMS 0x00000000c3100000, 0x00000000c3000000| Untracked 
|  49|0x00000000c3100000, 0x00000000c3200000, 0x00000000c3200000|100%| O|  |TAMS 0x00000000c3200000, 0x00000000c3100000| Untracked 
|  50|0x00000000c3200000, 0x00000000c3300000, 0x00000000c3300000|100%| O|  |TAMS 0x00000000c3300000, 0x00000000c3200000| Untracked 
|  51|0x00000000c3300000, 0x00000000c3400000, 0x00000000c3400000|100%| O|  |TAMS 0x00000000c3400000, 0x00000000c3300000| Untracked 
|  52|0x00000000c3400000, 0x00000000c3500000, 0x00000000c3500000|100%| O|  |TAMS 0x00000000c3500000, 0x00000000c3400000| Untracked 
|  53|0x00000000c3500000, 0x00000000c3600000, 0x00000000c3600000|100%| O|  |TAMS 0x00000000c3600000, 0x00000000c3500000| Untracked 
|  54|0x00000000c3600000, 0x00000000c3700000, 0x00000000c3700000|100%| O|  |TAMS 0x00000000c3700000, 0x00000000c3600000| Untracked 
|  55|0x00000000c3700000, 0x00000000c3800000, 0x00000000c3800000|100%| O|  |TAMS 0x00000000c3800000, 0x00000000c3700000| Untracked 
|  56|0x00000000c3800000, 0x00000000c3900000, 0x00000000c3900000|100%| O|  |TAMS 0x00000000c3900000, 0x00000000c3800000| Untracked 
|  57|0x00000000c3900000, 0x00000000c3a00000, 0x00000000c3a00000|100%| O|  |TAMS 0x00000000c3a00000, 0x00000000c3900000| Untracked 
|  58|0x00000000c3a00000, 0x00000000c3b00000, 0x00000000c3b00000|100%| O|  |TAMS 0x00000000c3b00000, 0x00000000c3a00000| Untracked 
|  59|0x00000000c3b00000, 0x00000000c3c00000, 0x00000000c3c00000|100%| O|  |TAMS 0x00000000c3c00000, 0x00000000c3b00000| Untracked 
|  60|0x00000000c3c00000, 0x00000000c3d00000, 0x00000000c3d00000|100%| O|  |TAMS 0x00000000c3d00000, 0x00000000c3c00000| Untracked 
|  61|0x00000000c3d00000, 0x00000000c3e00000, 0x00000000c3e00000|100%| O|  |TAMS 0x00000000c3e00000, 0x00000000c3d00000| Untracked 
|  62|0x00000000c3e00000, 0x00000000c3f00000, 0x00000000c3f00000|100%| O|  |TAMS 0x00000000c3f00000, 0x00000000c3e00000| Untracked 
|  63|0x00000000c3f00000, 0x00000000c4000000, 0x00000000c4000000|100%| O|  |TAMS 0x00000000c4000000, 0x00000000c3f00000| Untracked 
|  64|0x00000000c4000000, 0x00000000c4100000, 0x00000000c4100000|100%| O|  |TAMS 0x00000000c4100000, 0x00000000c4000000| Untracked 
|  65|0x00000000c4100000, 0x00000000c4200000, 0x00000000c4200000|100%| O|  |TAMS 0x00000000c4200000, 0x00000000c4100000| Untracked 
|  66|0x00000000c4200000, 0x00000000c4300000, 0x00000000c4300000|100%| O|  |TAMS 0x00000000c4300000, 0x00000000c4200000| Untracked 
|  67|0x00000000c4300000, 0x00000000c4400000, 0x00000000c4400000|100%| O|  |TAMS 0x00000000c4400000, 0x00000000c4300000| Untracked 
|  68|0x00000000c4400000, 0x00000000c4500000, 0x00000000c4500000|100%| O|  |TAMS 0x00000000c4500000, 0x00000000c4400000| Untracked 
|  69|0x00000000c4500000, 0x00000000c4600000, 0x00000000c4600000|100%| O|  |TAMS 0x00000000c4600000, 0x00000000c4500000| Untracked 
|  70|0x00000000c4600000, 0x00000000c4700000, 0x00000000c4700000|100%| O|  |TAMS 0x00000000c4700000, 0x00000000c4600000| Untracked 
|  71|0x00000000c4700000, 0x00000000c4800000, 0x00000000c4800000|100%| O|  |TAMS 0x00000000c4800000, 0x00000000c4700000| Untracked 
|  72|0x00000000c4800000, 0x00000000c4900000, 0x00000000c4900000|100%| O|  |TAMS 0x00000000c4900000, 0x00000000c4800000| Untracked 
|  73|0x00000000c4900000, 0x00000000c4900000, 0x00000000c4a00000|  0%| F|  |TAMS 0x00000000c4900000, 0x00000000c4900000| Untracked 
|  74|0x00000000c4a00000, 0x00000000c4b00000, 0x00000000c4b00000|100%| O|  |TAMS 0x00000000c4b00000, 0x00000000c4a00000| Untracked 
|  75|0x00000000c4b00000, 0x00000000c4c00000, 0x00000000c4c00000|100%| O|  |TAMS 0x00000000c4c00000, 0x00000000c4b00000| Untracked 
|  76|0x00000000c4c00000, 0x00000000c4d00000, 0x00000000c4d00000|100%| O|  |TAMS 0x00000000c4d00000, 0x00000000c4c00000| Untracked 
|  77|0x00000000c4d00000, 0x00000000c4e00000, 0x00000000c4e00000|100%| O|  |TAMS 0x00000000c4e00000, 0x00000000c4d00000| Untracked 
|  78|0x00000000c4e00000, 0x00000000c4f00000, 0x00000000c4f00000|100%| O|  |TAMS 0x00000000c4f00000, 0x00000000c4e00000| Untracked 
|  79|0x00000000c4f00000, 0x00000000c5000000, 0x00000000c5000000|100%| O|  |TAMS 0x00000000c5000000, 0x00000000c4f00000| Untracked 
|  80|0x00000000c5000000, 0x00000000c5100000, 0x00000000c5100000|100%| O|  |TAMS 0x00000000c5100000, 0x00000000c5000000| Untracked 
|  81|0x00000000c5100000, 0x00000000c5200000, 0x00000000c5200000|100%| O|  |TAMS 0x00000000c5200000, 0x00000000c5100000| Untracked 
|  82|0x00000000c5200000, 0x00000000c5300000, 0x00000000c5300000|100%| O|  |TAMS 0x00000000c5300000, 0x00000000c5200000| Untracked 
|  83|0x00000000c5300000, 0x00000000c5400000, 0x00000000c5400000|100%| O|  |TAMS 0x00000000c5400000, 0x00000000c5300000| Untracked 
|  84|0x00000000c5400000, 0x00000000c5500000, 0x00000000c5500000|100%| O|  |TAMS 0x00000000c5500000, 0x00000000c5400000| Untracked 
|  85|0x00000000c5500000, 0x00000000c5600000, 0x00000000c5600000|100%| O|  |TAMS 0x00000000c5600000, 0x00000000c5500000| Untracked 
|  86|0x00000000c5600000, 0x00000000c5700000, 0x00000000c5700000|100%| O|  |TAMS 0x00000000c5700000, 0x00000000c5600000| Untracked 
|  87|0x00000000c5700000, 0x00000000c5800000, 0x00000000c5800000|100%| O|  |TAMS 0x00000000c5800000, 0x00000000c5700000| Untracked 
|  88|0x00000000c5800000, 0x00000000c5900000, 0x00000000c5900000|100%| O|  |TAMS 0x00000000c5900000, 0x00000000c5800000| Untracked 
|  89|0x00000000c5900000, 0x00000000c5a00000, 0x00000000c5a00000|100%| O|  |TAMS 0x00000000c5a00000, 0x00000000c5900000| Untracked 
|  90|0x00000000c5a00000, 0x00000000c5b00000, 0x00000000c5b00000|100%| O|  |TAMS 0x00000000c5b00000, 0x00000000c5a00000| Untracked 
|  91|0x00000000c5b00000, 0x00000000c5c00000, 0x00000000c5c00000|100%| O|  |TAMS 0x00000000c5c00000, 0x00000000c5b00000| Untracked 
|  92|0x00000000c5c00000, 0x00000000c5d00000, 0x00000000c5d00000|100%| O|  |TAMS 0x00000000c5d00000, 0x00000000c5c00000| Untracked 
|  93|0x00000000c5d00000, 0x00000000c5e00000, 0x00000000c5e00000|100%| O|  |TAMS 0x00000000c5e00000, 0x00000000c5d00000| Untracked 
|  94|0x00000000c5e00000, 0x00000000c5f00000, 0x00000000c5f00000|100%| O|  |TAMS 0x00000000c5f00000, 0x00000000c5e00000| Untracked 
|  95|0x00000000c5f00000, 0x00000000c6000000, 0x00000000c6000000|100%| O|  |TAMS 0x00000000c5f80000, 0x00000000c5f00000| Untracked 
|  96|0x00000000c6000000, 0x00000000c6100000, 0x00000000c6100000|100%| O|  |TAMS 0x00000000c6000000, 0x00000000c6000000| Untracked 
|  97|0x00000000c6100000, 0x00000000c6200000, 0x00000000c6200000|100%| O|  |TAMS 0x00000000c6100000, 0x00000000c6100000| Untracked 
|  98|0x00000000c6200000, 0x00000000c6300000, 0x00000000c6300000|100%| O|  |TAMS 0x00000000c6200000, 0x00000000c6200000| Untracked 
|  99|0x00000000c6300000, 0x00000000c6400000, 0x00000000c6400000|100%| O|  |TAMS 0x00000000c6300000, 0x00000000c6300000| Untracked 
| 100|0x00000000c6400000, 0x00000000c6500000, 0x00000000c6500000|100%| O|  |TAMS 0x00000000c6400000, 0x00000000c6400000| Untracked 
| 101|0x00000000c6500000, 0x00000000c6600000, 0x00000000c6600000|100%| O|  |TAMS 0x00000000c6500000, 0x00000000c6500000| Untracked 
| 102|0x00000000c6600000, 0x00000000c6700000, 0x00000000c6700000|100%| O|  |TAMS 0x00000000c6600000, 0x00000000c6600000| Untracked 
| 103|0x00000000c6700000, 0x00000000c6800000, 0x00000000c6800000|100%|HS|  |TAMS 0x00000000c6700000, 0x00000000c6700000| Complete 
| 104|0x00000000c6800000, 0x00000000c6900000, 0x00000000c6900000|100%| O|  |TAMS 0x00000000c6800000, 0x00000000c6800000| Untracked 
| 105|0x00000000c6900000, 0x00000000c6a00000, 0x00000000c6a00000|100%| O|  |TAMS 0x00000000c6900000, 0x00000000c6900000| Untracked 
| 106|0x00000000c6a00000, 0x00000000c6b00000, 0x00000000c6b00000|100%| O|  |TAMS 0x00000000c6a00000, 0x00000000c6a00000| Untracked 
| 107|0x00000000c6b00000, 0x00000000c6c00000, 0x00000000c6c00000|100%| O|  |TAMS 0x00000000c6b00000, 0x00000000c6b00000| Untracked 
| 108|0x00000000c6c00000, 0x00000000c6cb3c00, 0x00000000c6d00000| 70%| O|  |TAMS 0x00000000c6c00000, 0x00000000c6c00000| Untracked 
| 109|0x00000000c6d00000, 0x00000000c6d00000, 0x00000000c6e00000|  0%| F|  |TAMS 0x00000000c6d00000, 0x00000000c6d00000| Untracked 
| 110|0x00000000c6e00000, 0x00000000c6e00000, 0x00000000c6f00000|  0%| F|  |TAMS 0x00000000c6e00000, 0x00000000c6e00000| Untracked 
| 111|0x00000000c6f00000, 0x00000000c6f00000, 0x00000000c7000000|  0%| F|  |TAMS 0x00000000c6f00000, 0x00000000c6f00000| Untracked 
| 112|0x00000000c7000000, 0x00000000c7000000, 0x00000000c7100000|  0%| F|  |TAMS 0x00000000c7000000, 0x00000000c7000000| Untracked 
| 113|0x00000000c7100000, 0x00000000c7100000, 0x00000000c7200000|  0%| F|  |TAMS 0x00000000c7100000, 0x00000000c7100000| Untracked 
| 114|0x00000000c7200000, 0x00000000c7200000, 0x00000000c7300000|  0%| F|  |TAMS 0x00000000c7200000, 0x00000000c7200000| Untracked 
| 115|0x00000000c7300000, 0x00000000c7300000, 0x00000000c7400000|  0%| F|  |TAMS 0x00000000c7300000, 0x00000000c7300000| Untracked 
| 116|0x00000000c7400000, 0x00000000c7400000, 0x00000000c7500000|  0%| F|  |TAMS 0x00000000c7400000, 0x00000000c7400000| Untracked 
| 117|0x00000000c7500000, 0x00000000c7500000, 0x00000000c7600000|  0%| F|  |TAMS 0x00000000c7500000, 0x00000000c7500000| Untracked 
| 118|0x00000000c7600000, 0x00000000c7600000, 0x00000000c7700000|  0%| F|  |TAMS 0x00000000c7600000, 0x00000000c7600000| Untracked 
| 119|0x00000000c7700000, 0x00000000c7700000, 0x00000000c7800000|  0%| F|  |TAMS 0x00000000c7700000, 0x00000000c7700000| Untracked 
| 120|0x00000000c7800000, 0x00000000c7800000, 0x00000000c7900000|  0%| F|  |TAMS 0x00000000c7800000, 0x00000000c7800000| Untracked 
| 121|0x00000000c7900000, 0x00000000c7900000, 0x00000000c7a00000|  0%| F|  |TAMS 0x00000000c7900000, 0x00000000c7900000| Untracked 
| 122|0x00000000c7a00000, 0x00000000c7a00000, 0x00000000c7b00000|  0%| F|  |TAMS 0x00000000c7a00000, 0x00000000c7a00000| Untracked 
| 123|0x00000000c7b00000, 0x00000000c7b00000, 0x00000000c7c00000|  0%| F|  |TAMS 0x00000000c7b00000, 0x00000000c7b00000| Untracked 
| 124|0x00000000c7c00000, 0x00000000c7c00000, 0x00000000c7d00000|  0%| F|  |TAMS 0x00000000c7c00000, 0x00000000c7c00000| Untracked 
| 125|0x00000000c7d00000, 0x00000000c7d00000, 0x00000000c7e00000|  0%| F|  |TAMS 0x00000000c7d00000, 0x00000000c7d00000| Untracked 
| 126|0x00000000c7e00000, 0x00000000c7e00000, 0x00000000c7f00000|  0%| F|  |TAMS 0x00000000c7e00000, 0x00000000c7e00000| Untracked 
| 127|0x00000000c7f00000, 0x00000000c7f00000, 0x00000000c8000000|  0%| F|  |TAMS 0x00000000c7f00000, 0x00000000c7f00000| Untracked 
| 128|0x00000000c8000000, 0x00000000c8000000, 0x00000000c8100000|  0%| F|  |TAMS 0x00000000c8000000, 0x00000000c8000000| Untracked 
| 129|0x00000000c8100000, 0x00000000c8100000, 0x00000000c8200000|  0%| F|  |TAMS 0x00000000c8100000, 0x00000000c8100000| Untracked 
| 130|0x00000000c8200000, 0x00000000c8200000, 0x00000000c8300000|  0%| F|  |TAMS 0x00000000c8200000, 0x00000000c8200000| Untracked 
| 131|0x00000000c8300000, 0x00000000c8300000, 0x00000000c8400000|  0%| F|  |TAMS 0x00000000c8300000, 0x00000000c8300000| Untracked 
| 132|0x00000000c8400000, 0x00000000c8400000, 0x00000000c8500000|  0%| F|  |TAMS 0x00000000c8400000, 0x00000000c8400000| Untracked 
| 133|0x00000000c8500000, 0x00000000c8500000, 0x00000000c8600000|  0%| F|  |TAMS 0x00000000c8500000, 0x00000000c8500000| Untracked 
| 134|0x00000000c8600000, 0x00000000c8600000, 0x00000000c8700000|  0%| F|  |TAMS 0x00000000c8600000, 0x00000000c8600000| Untracked 
| 135|0x00000000c8700000, 0x00000000c8700000, 0x00000000c8800000|  0%| F|  |TAMS 0x00000000c8700000, 0x00000000c8700000| Untracked 
| 136|0x00000000c8800000, 0x00000000c8800000, 0x00000000c8900000|  0%| F|  |TAMS 0x00000000c8800000, 0x00000000c8800000| Untracked 
| 137|0x00000000c8900000, 0x00000000c8900000, 0x00000000c8a00000|  0%| F|  |TAMS 0x00000000c8900000, 0x00000000c8900000| Untracked 
| 138|0x00000000c8a00000, 0x00000000c8a00000, 0x00000000c8b00000|  0%| F|  |TAMS 0x00000000c8a00000, 0x00000000c8a00000| Untracked 
| 139|0x00000000c8b00000, 0x00000000c8b00000, 0x00000000c8c00000|  0%| F|  |TAMS 0x00000000c8b00000, 0x00000000c8b00000| Untracked 
| 140|0x00000000c8c00000, 0x00000000c8c00000, 0x00000000c8d00000|  0%| F|  |TAMS 0x00000000c8c00000, 0x00000000c8c00000| Untracked 
| 141|0x00000000c8d00000, 0x00000000c8d00000, 0x00000000c8e00000|  0%| F|  |TAMS 0x00000000c8d00000, 0x00000000c8d00000| Untracked 
| 142|0x00000000c8e00000, 0x00000000c8e00000, 0x00000000c8f00000|  0%| F|  |TAMS 0x00000000c8e00000, 0x00000000c8e00000| Untracked 
| 143|0x00000000c8f00000, 0x00000000c8f00000, 0x00000000c9000000|  0%| F|  |TAMS 0x00000000c8f00000, 0x00000000c8f00000| Untracked 
| 144|0x00000000c9000000, 0x00000000c9000000, 0x00000000c9100000|  0%| F|  |TAMS 0x00000000c9000000, 0x00000000c9000000| Untracked 
| 145|0x00000000c9100000, 0x00000000c9100000, 0x00000000c9200000|  0%| F|  |TAMS 0x00000000c9100000, 0x00000000c9100000| Untracked 
| 146|0x00000000c9200000, 0x00000000c9200000, 0x00000000c9300000|  0%| F|  |TAMS 0x00000000c9200000, 0x00000000c9200000| Untracked 
| 147|0x00000000c9300000, 0x00000000c9300000, 0x00000000c9400000|  0%| F|  |TAMS 0x00000000c9300000, 0x00000000c9300000| Untracked 
| 148|0x00000000c9400000, 0x00000000c9400000, 0x00000000c9500000|  0%| F|  |TAMS 0x00000000c9400000, 0x00000000c9400000| Untracked 
| 149|0x00000000c9500000, 0x00000000c9500000, 0x00000000c9600000|  0%| F|  |TAMS 0x00000000c9500000, 0x00000000c9500000| Untracked 
| 150|0x00000000c9600000, 0x00000000c9600000, 0x00000000c9700000|  0%| F|  |TAMS 0x00000000c9600000, 0x00000000c9600000| Untracked 
| 151|0x00000000c9700000, 0x00000000c9700000, 0x00000000c9800000|  0%| F|  |TAMS 0x00000000c9700000, 0x00000000c9700000| Untracked 
| 152|0x00000000c9800000, 0x00000000c9800000, 0x00000000c9900000|  0%| F|  |TAMS 0x00000000c9800000, 0x00000000c9800000| Untracked 
| 153|0x00000000c9900000, 0x00000000c9900000, 0x00000000c9a00000|  0%| F|  |TAMS 0x00000000c9900000, 0x00000000c9900000| Untracked 
| 154|0x00000000c9a00000, 0x00000000c9a00000, 0x00000000c9b00000|  0%| F|  |TAMS 0x00000000c9a00000, 0x00000000c9a00000| Untracked 
| 155|0x00000000c9b00000, 0x00000000c9b00000, 0x00000000c9c00000|  0%| F|  |TAMS 0x00000000c9b00000, 0x00000000c9b00000| Untracked 
| 156|0x00000000c9c00000, 0x00000000c9c00000, 0x00000000c9d00000|  0%| F|  |TAMS 0x00000000c9c00000, 0x00000000c9c00000| Untracked 
| 157|0x00000000c9d00000, 0x00000000c9d00000, 0x00000000c9e00000|  0%| F|  |TAMS 0x00000000c9d00000, 0x00000000c9d00000| Untracked 
| 158|0x00000000c9e00000, 0x00000000c9e00000, 0x00000000c9f00000|  0%| F|  |TAMS 0x00000000c9e00000, 0x00000000c9e00000| Untracked 
| 159|0x00000000c9f00000, 0x00000000c9f00000, 0x00000000ca000000|  0%| F|  |TAMS 0x00000000c9f00000, 0x00000000c9f00000| Untracked 
| 160|0x00000000ca000000, 0x00000000ca000000, 0x00000000ca100000|  0%| F|  |TAMS 0x00000000ca000000, 0x00000000ca000000| Untracked 
| 161|0x00000000ca100000, 0x00000000ca100000, 0x00000000ca200000|  0%| F|  |TAMS 0x00000000ca100000, 0x00000000ca100000| Untracked 
| 162|0x00000000ca200000, 0x00000000ca200000, 0x00000000ca300000|  0%| F|  |TAMS 0x00000000ca200000, 0x00000000ca200000| Untracked 
| 163|0x00000000ca300000, 0x00000000ca300000, 0x00000000ca400000|  0%| F|  |TAMS 0x00000000ca300000, 0x00000000ca300000| Untracked 
| 164|0x00000000ca400000, 0x00000000ca400000, 0x00000000ca500000|  0%| F|  |TAMS 0x00000000ca400000, 0x00000000ca400000| Untracked 
| 165|0x00000000ca500000, 0x00000000ca500000, 0x00000000ca600000|  0%| F|  |TAMS 0x00000000ca500000, 0x00000000ca500000| Untracked 
| 166|0x00000000ca600000, 0x00000000ca600000, 0x00000000ca700000|  0%| F|  |TAMS 0x00000000ca600000, 0x00000000ca600000| Untracked 
| 167|0x00000000ca700000, 0x00000000ca700000, 0x00000000ca800000|  0%| F|  |TAMS 0x00000000ca700000, 0x00000000ca700000| Untracked 
| 168|0x00000000ca800000, 0x00000000ca800000, 0x00000000ca900000|  0%| F|  |TAMS 0x00000000ca800000, 0x00000000ca800000| Untracked 
| 169|0x00000000ca900000, 0x00000000ca900000, 0x00000000caa00000|  0%| F|  |TAMS 0x00000000ca900000, 0x00000000ca900000| Untracked 
| 170|0x00000000caa00000, 0x00000000caa00000, 0x00000000cab00000|  0%| F|  |TAMS 0x00000000caa00000, 0x00000000caa00000| Untracked 
| 171|0x00000000cab00000, 0x00000000cab00000, 0x00000000cac00000|  0%| F|  |TAMS 0x00000000cab00000, 0x00000000cab00000| Untracked 
| 172|0x00000000cac00000, 0x00000000cac00000, 0x00000000cad00000|  0%| F|  |TAMS 0x00000000cac00000, 0x00000000cac00000| Untracked 
| 173|0x00000000cad00000, 0x00000000cad00000, 0x00000000cae00000|  0%| F|  |TAMS 0x00000000cad00000, 0x00000000cad00000| Untracked 
| 174|0x00000000cae00000, 0x00000000cae00000, 0x00000000caf00000|  0%| F|  |TAMS 0x00000000cae00000, 0x00000000cae00000| Untracked 
| 175|0x00000000caf00000, 0x00000000caf00000, 0x00000000cb000000|  0%| F|  |TAMS 0x00000000caf00000, 0x00000000caf00000| Untracked 
| 176|0x00000000cb000000, 0x00000000cb000000, 0x00000000cb100000|  0%| F|  |TAMS 0x00000000cb000000, 0x00000000cb000000| Untracked 
| 177|0x00000000cb100000, 0x00000000cb100000, 0x00000000cb200000|  0%| F|  |TAMS 0x00000000cb100000, 0x00000000cb100000| Untracked 
| 178|0x00000000cb200000, 0x00000000cb200000, 0x00000000cb300000|  0%| F|  |TAMS 0x00000000cb200000, 0x00000000cb200000| Untracked 
| 179|0x00000000cb300000, 0x00000000cb300000, 0x00000000cb400000|  0%| F|  |TAMS 0x00000000cb300000, 0x00000000cb300000| Untracked 
| 180|0x00000000cb400000, 0x00000000cb493bd0, 0x00000000cb500000| 57%| S|CS|TAMS 0x00000000cb400000, 0x00000000cb400000| Complete 
| 181|0x00000000cb500000, 0x00000000cb600000, 0x00000000cb600000|100%| S|CS|TAMS 0x00000000cb500000, 0x00000000cb500000| Complete 
| 182|0x00000000cb600000, 0x00000000cb600000, 0x00000000cb700000|  0%| F|  |TAMS 0x00000000cb600000, 0x00000000cb600000| Untracked 
| 183|0x00000000cb700000, 0x00000000cb700000, 0x00000000cb800000|  0%| F|  |TAMS 0x00000000cb700000, 0x00000000cb700000| Untracked 
| 184|0x00000000cb800000, 0x00000000cb800000, 0x00000000cb900000|  0%| F|  |TAMS 0x00000000cb800000, 0x00000000cb800000| Untracked 
| 185|0x00000000cb900000, 0x00000000cb900000, 0x00000000cba00000|  0%| F|  |TAMS 0x00000000cb900000, 0x00000000cb900000| Untracked 
| 186|0x00000000cba00000, 0x00000000cba00000, 0x00000000cbb00000|  0%| F|  |TAMS 0x00000000cba00000, 0x00000000cba00000| Untracked 

Card table byte_map: [0x000002c97a530000,0x000002c97a730000] _byte_map_base: 0x000002c979f30000

Marking Bits (Prev, Next): (CMBitMap*) 0x000002c972836c80, (CMBitMap*) 0x000002c972836cc0
 Prev Bits: [0x000002c97a930000, 0x000002c97b930000)
 Next Bits: [0x000002c97b930000, 0x000002c97c930000)

Polling page: 0x000002c970580000

Metaspace:

Usage:
  Non-class:      6.52 MB used.
      Class:    856.02 KB used.
       Both:      7.35 MB used.

Virtual space:
  Non-class space:       64.00 MB reserved,       6.56 MB ( 10%) committed,  1 nodes.
      Class space:        1.00 GB reserved,     960.00 KB ( <1%) committed,  1 nodes.
             Both:        1.06 GB reserved,       7.50 MB ( <1%) committed. 

Chunk freelists:
   Non-Class:  8.51 MB
       Class:  14.92 MB
        Both:  23.43 MB

MaxMetaspaceSize: unlimited
CompressedClassSpaceSize: 1.00 GB
Initial GC threshold: 21.00 MB
Current GC threshold: 21.00 MB
CDS: on
MetaspaceReclaimPolicy: balanced
 - commit_granule_bytes: 65536.
 - commit_granule_words: 8192.
 - virtual_space_node_default_size: 8388608.
 - enlarge_chunks_in_place: 1.
 - new_chunks_are_fully_committed: 0.
 - uncommit_free_chunks: 1.
 - use_allocation_guard: 0.
 - handle_deallocations: 1.


Internal statistics:

num_allocs_failed_limit: 0.
num_arena_births: 88.
num_arena_deaths: 12.
num_vsnodes_births: 2.
num_vsnodes_deaths: 0.
num_space_committed: 120.
num_space_uncommitted: 0.
num_chunks_returned_to_freelist: 16.
num_chunks_taken_from_freelist: 305.
num_chunk_merges: 0.
num_chunk_splits: 189.
num_chunks_enlarged: 132.
num_inconsistent_stats: 0.

CodeHeap 'non-profiled nmethods': size=120000Kb used=1394Kb max_used=1394Kb free=118605Kb
 bounds [0x000002c907ad0000, 0x000002c907d40000, 0x000002c90f000000]
CodeHeap 'profiled nmethods': size=120000Kb used=4443Kb max_used=4443Kb free=115556Kb
 bounds [0x000002c900000000, 0x000002c900460000, 0x000002c907530000]
CodeHeap 'non-nmethods': size=5760Kb used=1157Kb max_used=1245Kb free=4602Kb
 bounds [0x000002c907530000, 0x000002c9077a0000, 0x000002c907ad0000]
 total_blobs=2499 nmethods=2056 adapters=356
 compilation: enabled
              stopped_count=0, restarted_count=0
 full_count=0

Compilation events (20 events):
Event: 6.778 Thread 0x000002c95406e7c0 nmethod 2037 0x000002c907c25c10 code [0x000002c907c25d80, 0x000002c907c25e78]
Event: 6.778 Thread 0x000002c95406e7c0 2033       4       com.android.tools.r8.graph.j1$a::a (355 bytes)
Event: 6.782 Thread 0x000002c97edded40 2081 %     3       com.android.tools.r8.internal.vd::a @ 3319 (4363 bytes)
Event: 6.809 Thread 0x000002c95406e7c0 nmethod 2033 0x000002c907c25f10 code [0x000002c907c260c0, 0x000002c907c27378]
Event: 6.809 Thread 0x000002c95406e7c0 2084   !   4       com.android.tools.r8.graph.h4::c (814 bytes)
Event: 6.813 Thread 0x000002c97edded40 nmethod 2081% 0x000002c9003fe790 code [0x000002c9003fffc0, 0x000002c900410e28]
Event: 6.817 Thread 0x000002c97edded40 2085 %     3       com.android.tools.r8.internal.vd::a @ 3208 (4363 bytes)
Event: 6.848 Thread 0x000002c97edded40 nmethod 2085% 0x000002c90041bd10 code [0x000002c90041d520, 0x000002c90042e0e8]
Event: 6.848 Thread 0x000002c97edded40 2086       2       com.android.tools.r8.graph.O2$k::<init> (6 bytes)
Event: 6.848 Thread 0x000002c97edded40 nmethod 2086 0x000002c900438d90 code [0x000002c900438f20, 0x000002c900439078]
Event: 6.850 Thread 0x000002c97edded40 2093       3       com.android.tools.r8.internal.vd::a (4363 bytes)
Event: 6.892 Thread 0x000002c97eddd330 nmethod 2050 0x000002c907c27590 code [0x000002c907c278a0, 0x000002c907c2b2e0]
Event: 6.894 Thread 0x000002c97eddd330 2080       4       com.android.tools.r8.internal.vd::a (1171 bytes)
Event: 6.904 Thread 0x000002c97edded40 nmethod 2093 0x000002c900439110 code [0x000002c90043a900, 0x000002c90044b288]
Event: 6.904 Thread 0x000002c97edded40 2099       3       com.android.tools.r8.graph.D3$j::a (37 bytes)
Event: 6.904 Thread 0x000002c97edded40 nmethod 2099 0x000002c900455f10 code [0x000002c9004560e0, 0x000002c9004564b8]
Event: 6.904 Thread 0x000002c97edded40 2096       2       com.android.tools.r8.internal.Eh::<init> (5 bytes)
Event: 6.904 Thread 0x000002c97edded40 nmethod 2096 0x000002c900456610 code [0x000002c9004567a0, 0x000002c900456898]
Event: 6.910 Thread 0x000002c97edded40 2100       2       com.android.tools.r8.internal.RA::a (45 bytes)
Event: 6.910 Thread 0x000002c97edded40 nmethod 2100 0x000002c900456910 code [0x000002c900456ac0, 0x000002c900456cd8]

GC Heap History (20 events):
Event: 3.710 GC heap after
{Heap after GC invocations=5 (full 0):
 garbage-first heap   total 131072K, used 40330K [0x00000000c0000000, 0x0000000100000000)
  region size 1024K, 8 young (8192K), 8 survivors (8192K)
 Metaspace       used 5769K, committed 5888K, reserved 1114112K
  class space    used 646K, committed 704K, reserved 1048576K
}
Event: 4.181 GC heap before
{Heap before GC invocations=5 (full 0):
 garbage-first heap   total 131072K, used 77194K [0x00000000c0000000, 0x0000000100000000)
  region size 1024K, 44 young (45056K), 8 survivors (8192K)
 Metaspace       used 5775K, committed 5888K, reserved 1114112K
  class space    used 646K, committed 704K, reserved 1048576K
}
Event: 4.193 GC heap after
{Heap after GC invocations=6 (full 0):
 garbage-first heap   total 131072K, used 50688K [0x00000000c0000000, 0x0000000100000000)
  region size 1024K, 6 young (6144K), 6 survivors (6144K)
 Metaspace       used 5775K, committed 5888K, reserved 1114112K
  class space    used 646K, committed 704K, reserved 1048576K
}
Event: 4.386 GC heap before
{Heap before GC invocations=6 (full 0):
 garbage-first heap   total 131072K, used 87552K [0x00000000c0000000, 0x0000000100000000)
  region size 1024K, 41 young (41984K), 6 survivors (6144K)
 Metaspace       used 5775K, committed 5888K, reserved 1114112K
  class space    used 646K, committed 704K, reserved 1048576K
}
Event: 4.394 GC heap after
{Heap after GC invocations=7 (full 0):
 garbage-first heap   total 131072K, used 61440K [0x00000000c0000000, 0x0000000100000000)
  region size 1024K, 6 young (6144K), 6 survivors (6144K)
 Metaspace       used 5775K, committed 5888K, reserved 1114112K
  class space    used 646K, committed 704K, reserved 1048576K
}
Event: 4.775 GC heap before
{Heap before GC invocations=7 (full 0):
 garbage-first heap   total 131072K, used 93184K [0x00000000c0000000, 0x0000000100000000)
  region size 1024K, 37 young (37888K), 6 survivors (6144K)
 Metaspace       used 6142K, committed 6272K, reserved 1114112K
  class space    used 694K, committed 768K, reserved 1048576K
}
Event: 4.783 GC heap after
{Heap after GC invocations=8 (full 0):
 garbage-first heap   total 157696K, used 70144K [0x00000000c0000000, 0x0000000100000000)
  region size 1024K, 5 young (5120K), 5 survivors (5120K)
 Metaspace       used 6142K, committed 6272K, reserved 1114112K
  class space    used 694K, committed 768K, reserved 1048576K
}
Event: 5.601 GC heap before
{Heap before GC invocations=8 (full 0):
 garbage-first heap   total 157696K, used 109056K [0x00000000c0000000, 0x0000000100000000)
  region size 1024K, 44 young (45056K), 5 survivors (5120K)
 Metaspace       used 7505K, committed 7680K, reserved 1114112K
  class space    used 852K, committed 960K, reserved 1048576K
}
Event: 5.627 GC heap after
{Heap after GC invocations=9 (full 0):
 garbage-first heap   total 157696K, used 82432K [0x00000000c0000000, 0x0000000100000000)
  region size 1024K, 6 young (6144K), 6 survivors (6144K)
 Metaspace       used 7505K, committed 7680K, reserved 1114112K
  class space    used 852K, committed 960K, reserved 1048576K
}
Event: 5.876 GC heap before
{Heap before GC invocations=9 (full 0):
 garbage-first heap   total 157696K, used 116224K [0x00000000c0000000, 0x0000000100000000)
  region size 1024K, 39 young (39936K), 6 survivors (6144K)
 Metaspace       used 7534K, committed 7680K, reserved 1114112K
  class space    used 855K, committed 960K, reserved 1048576K
}
Event: 5.910 GC heap after
{Heap after GC invocations=10 (full 0):
 garbage-first heap   total 157696K, used 91648K [0x00000000c0000000, 0x0000000100000000)
  region size 1024K, 5 young (5120K), 5 survivors (5120K)
 Metaspace       used 7534K, committed 7680K, reserved 1114112K
  class space    used 855K, committed 960K, reserved 1048576K
}
Event: 6.229 GC heap before
{Heap before GC invocations=11 (full 0):
 garbage-first heap   total 157696K, used 117248K [0x00000000c0000000, 0x0000000100000000)
  region size 1024K, 33 young (33792K), 5 survivors (5120K)
 Metaspace       used 7533K, committed 7680K, reserved 1114112K
  class space    used 854K, committed 960K, reserved 1048576K
}
Event: 6.257 GC heap after
{Heap after GC invocations=12 (full 0):
 garbage-first heap   total 157696K, used 96768K [0x00000000c0000000, 0x0000000100000000)
  region size 1024K, 5 young (5120K), 5 survivors (5120K)
 Metaspace       used 7533K, committed 7680K, reserved 1114112K
  class space    used 854K, committed 960K, reserved 1048576K
}
Event: 6.274 GC heap before
{Heap before GC invocations=12 (full 0):
 garbage-first heap   total 157696K, used 98816K [0x00000000c0000000, 0x0000000100000000)
  region size 1024K, 7 young (7168K), 5 survivors (5120K)
 Metaspace       used 7533K, committed 7680K, reserved 1114112K
  class space    used 854K, committed 960K, reserved 1048576K
}
Event: 6.289 GC heap after
{Heap after GC invocations=13 (full 0):
 garbage-first heap   total 157696K, used 96727K [0x00000000c0000000, 0x0000000100000000)
  region size 1024K, 1 young (1024K), 1 survivors (1024K)
 Metaspace       used 7533K, committed 7680K, reserved 1114112K
  class space    used 854K, committed 960K, reserved 1048576K
}
Event: 6.477 GC heap before
{Heap before GC invocations=13 (full 0):
 garbage-first heap   total 157696K, used 122327K [0x00000000c0000000, 0x0000000100000000)
  region size 1024K, 26 young (26624K), 1 survivors (1024K)
 Metaspace       used 7537K, committed 7680K, reserved 1114112K
  class space    used 858K, committed 960K, reserved 1048576K
}
Event: 6.496 GC heap after
{Heap after GC invocations=14 (full 0):
 garbage-first heap   total 157696K, used 103186K [0x00000000c0000000, 0x0000000100000000)
  region size 1024K, 4 young (4096K), 4 survivors (4096K)
 Metaspace       used 7537K, committed 7680K, reserved 1114112K
  class space    used 858K, committed 960K, reserved 1048576K
}
Event: 6.858 GC heap before
{Heap before GC invocations=15 (full 0):
 garbage-first heap   total 191488K, used 125714K [0x00000000c0000000, 0x0000000100000000)
  region size 1024K, 26 young (26624K), 4 survivors (4096K)
 Metaspace       used 7528K, committed 7680K, reserved 1114112K
  class space    used 856K, committed 960K, reserved 1048576K
}
Event: 6.880 GC heap after
{Heap after GC invocations=16 (full 0):
 garbage-first heap   total 191488K, used 108715K [0x00000000c0000000, 0x0000000100000000)
  region size 1024K, 4 young (4096K), 4 survivors (4096K)
 Metaspace       used 7528K, committed 7680K, reserved 1114112K
  class space    used 856K, committed 960K, reserved 1048576K
}
Event: 6.925 GC heap before
{Heap before GC invocations=16 (full 0):
 garbage-first heap   total 191488K, used 114859K [0x00000000c0000000, 0x0000000100000000)
  region size 1024K, 9 young (9216K), 4 survivors (4096K)
 Metaspace       used 7528K, committed 7680K, reserved 1114112K
  class space    used 856K, committed 960K, reserved 1048576K
}

Dll operation events (7 events):
Event: 0.063 Loaded shared library C:\Program Files\Microsoft\jdk-17.0.15.6-hotspot\bin\java.dll
Event: 0.127 Loaded shared library C:\Program Files\Microsoft\jdk-17.0.15.6-hotspot\bin\jsvml.dll
Event: 0.206 Loaded shared library C:\Program Files\Microsoft\jdk-17.0.15.6-hotspot\bin\net.dll
Event: 0.211 Loaded shared library C:\Program Files\Microsoft\jdk-17.0.15.6-hotspot\bin\nio.dll
Event: 0.256 Loaded shared library C:\Program Files\Microsoft\jdk-17.0.15.6-hotspot\bin\zip.dll
Event: 0.822 Loaded shared library C:\Program Files\Microsoft\jdk-17.0.15.6-hotspot\bin\jimage.dll
Event: 4.685 Loaded shared library C:\Program Files\Microsoft\jdk-17.0.15.6-hotspot\bin\verify.dll

Deoptimization events (20 events):
Event: 6.789 Thread 0x000002c97f9e2ff0 Uncommon trap: trap_request=0xffffffdc fr.pc=0x000002c907c0a030 relative=0x0000000000005930
Event: 6.789 Thread 0x000002c97f9e2ff0 Uncommon trap: reason=class_check action=make_not_entrant pc=0x000002c907c0a030 method=java.util.ArrayList.toArray([Ljava/lang/Object;)[Ljava/lang/Object; @ 21 c2
Event: 6.790 Thread 0x000002c97f9e2ff0 DEOPT PACKING pc=0x000002c907c0a030 sp=0x000000eab27fec50
Event: 6.790 Thread 0x000002c97f9e2ff0 DEOPT UNPACKING pc=0x000002c9075869a3 sp=0x000000eab27febe8 mode 2
Event: 6.892 Thread 0x000002c97f9e2870 Uncommon trap: trap_request=0xffffffbe fr.pc=0x000002c907c2a3ec relative=0x0000000000002b4c
Event: 6.892 Thread 0x000002c97f9e2ff0 Uncommon trap: trap_request=0xffffffbe fr.pc=0x000002c907c2a3ec relative=0x0000000000002b4c
Event: 6.893 Thread 0x000002c97f9e2870 Uncommon trap: reason=profile_predicate action=maybe_recompile pc=0x000002c907c2a3ec method=com.android.tools.r8.internal.Nk.d(Ljava/lang/String;)I @ 40 c2
Event: 6.893 Thread 0x000002c97f9e2ff0 Uncommon trap: reason=profile_predicate action=maybe_recompile pc=0x000002c907c2a3ec method=com.android.tools.r8.internal.Nk.d(Ljava/lang/String;)I @ 40 c2
Event: 6.893 Thread 0x000002c97f9e2870 DEOPT PACKING pc=0x000002c907c2a3ec sp=0x000000eab26fec00
Event: 6.893 Thread 0x000002c97f9e2870 DEOPT UNPACKING pc=0x000002c9075869a3 sp=0x000000eab26feb68 mode 2
Event: 6.893 Thread 0x000002c97f9e2ff0 DEOPT PACKING pc=0x000002c907c2a3ec sp=0x000000eab27feb50
Event: 6.893 Thread 0x000002c97f9e2ff0 DEOPT UNPACKING pc=0x000002c9075869a3 sp=0x000000eab27feab8 mode 2
Event: 6.893 Thread 0x000002c97f9e2870 Uncommon trap: trap_request=0xffffffbe fr.pc=0x000002c907c2a3ec relative=0x0000000000002b4c
Event: 6.893 Thread 0x000002c97f9e2870 Uncommon trap: reason=profile_predicate action=maybe_recompile pc=0x000002c907c2a3ec method=com.android.tools.r8.internal.Nk.d(Ljava/lang/String;)I @ 40 c2
Event: 6.893 Thread 0x000002c97f9e2ff0 Uncommon trap: trap_request=0xffffffbe fr.pc=0x000002c907c2a3ec relative=0x0000000000002b4c
Event: 6.893 Thread 0x000002c97f9e2ff0 Uncommon trap: reason=profile_predicate action=maybe_recompile pc=0x000002c907c2a3ec method=com.android.tools.r8.internal.Nk.d(Ljava/lang/String;)I @ 40 c2
Event: 6.893 Thread 0x000002c97f9e2ff0 DEOPT PACKING pc=0x000002c907c2a3ec sp=0x000000eab27feb50
Event: 6.893 Thread 0x000002c97f9e2870 DEOPT PACKING pc=0x000002c907c2a3ec sp=0x000000eab26fec00
Event: 6.893 Thread 0x000002c97f9e2870 DEOPT UNPACKING pc=0x000002c9075869a3 sp=0x000000eab26feb68 mode 2
Event: 6.893 Thread 0x000002c97f9e2ff0 DEOPT UNPACKING pc=0x000002c9075869a3 sp=0x000000eab27feab8 mode 2

Classes loaded (20 events):
Event: 2.962 Loading class java/util/concurrent/atomic/AtomicReference
Event: 2.966 Loading class java/util/concurrent/atomic/AtomicReference done
Event: 2.986 Loading class java/util/concurrent/ConcurrentLinkedQueue
Event: 2.987 Loading class java/util/AbstractQueue
Event: 2.987 Loading class java/util/AbstractQueue done
Event: 2.987 Loading class java/util/concurrent/ConcurrentLinkedQueue done
Event: 2.987 Loading class java/util/concurrent/ConcurrentLinkedQueue$Node
Event: 2.987 Loading class java/util/concurrent/ConcurrentLinkedQueue$Node done
Event: 4.656 Loading class java/util/concurrent/Callable
Event: 4.656 Loading class java/util/concurrent/Callable done
Event: 4.657 Loading class java/util/concurrent/ForkJoinTask$AdaptedCallable
Event: 4.660 Loading class java/util/concurrent/RunnableFuture
Event: 4.661 Loading class java/util/concurrent/RunnableFuture done
Event: 4.661 Loading class java/util/concurrent/ForkJoinTask$AdaptedCallable done
Event: 4.663 Loading class java/util/concurrent/ForkJoinPool$DefaultForkJoinWorkerThreadFactory$1
Event: 4.667 Loading class java/util/concurrent/ForkJoinPool$DefaultForkJoinWorkerThreadFactory$1 done
Event: 4.751 Loading class java/lang/reflect/GenericSignatureFormatError
Event: 4.752 Loading class java/lang/ClassFormatError
Event: 4.752 Loading class java/lang/ClassFormatError done
Event: 4.752 Loading class java/lang/reflect/GenericSignatureFormatError done

Classes unloaded (6 events):
Event: 5.990 Thread 0x000002c97edb8ec0 Unloading class 0x000002c9100ac000 'java/lang/invoke/LambdaForm$DMH+0x000002c9100ac000'
Event: 6.658 Thread 0x000002c97edb8ec0 Unloading class 0x000002c910114c00 'java/lang/invoke/LambdaForm$DMH+0x000002c910114c00'
Event: 6.658 Thread 0x000002c97edb8ec0 Unloading class 0x000002c910114000 'java/lang/invoke/LambdaForm$DMH+0x000002c910114000'
Event: 6.658 Thread 0x000002c97edb8ec0 Unloading class 0x000002c910104c00 'java/lang/invoke/LambdaForm$DMH+0x000002c910104c00'
Event: 6.658 Thread 0x000002c97edb8ec0 Unloading class 0x000002c910104000 'java/lang/invoke/LambdaForm$DMH+0x000002c910104000'
Event: 6.658 Thread 0x000002c97edb8ec0 Unloading class 0x000002c9100ac400 'java/lang/invoke/LambdaForm$DMH+0x000002c9100ac400'

Classes redefined (0 events):
No events

Internal exceptions (20 events):
Event: 1.601 Thread 0x000002c9727fa4e0 Exception <a 'java/lang/NoSuchMethodError'{0x00000000c7f94688}: 'java.lang.Object java.lang.invoke.DirectMethodHandle$Holder.invokeVirtual(java.lang.Object, java.lang.Object, int)'> (0x00000000c7f94688) 
thrown [s\src\hotspot\share\interpreter\linkResolver.cpp, line 759]
Event: 1.606 Thread 0x000002c9727fa4e0 Exception <a 'sun/nio/fs/WindowsException'{0x00000000c7f9b438}> (0x00000000c7f9b438) 
thrown [s\src\hotspot\share\prims\jni.cpp, line 516]
Event: 1.606 Thread 0x000002c9727fa4e0 Exception <a 'sun/nio/fs/WindowsException'{0x00000000c7f9c060}> (0x00000000c7f9c060) 
thrown [s\src\hotspot\share\prims\jni.cpp, line 516]
Event: 1.606 Thread 0x000002c9727fa4e0 Exception <a 'sun/nio/fs/WindowsException'{0x00000000c7f9c968}> (0x00000000c7f9c968) 
thrown [s\src\hotspot\share\prims\jni.cpp, line 516]
Event: 1.606 Thread 0x000002c9727fa4e0 Exception <a 'java/lang/NoSuchMethodError'{0x00000000c7f9d998}: 'void java.lang.invoke.DirectMethodHandle$Holder.invokeSpecial(java.lang.Object, java.lang.Object, java.lang.Object)'> (0x00000000c7f9d998) 
thrown [s\src\hotspot\share\interpreter\linkResolver.cpp, line 759]
Event: 2.827 Thread 0x000002c9727fa4e0 Exception <a 'java/lang/NoSuchMethodError'{0x00000000c7621f28}: 'void java.lang.invoke.DirectMethodHandle$Holder.invokeStatic(java.lang.Object, java.lang.Object, java.lang.Object)'> (0x00000000c7621f28) 
thrown [s\src\hotspot\share\interpreter\linkResolver.cpp, line 759]
Event: 2.931 Thread 0x000002c9727fa4e0 Exception <a 'java/lang/NoSuchMethodError'{0x00000000c76c0c58}: 'void java.lang.invoke.DirectMethodHandle$Holder.invokeStatic(java.lang.Object, java.lang.Object, java.lang.Object, java.lang.Object)'> (0x00000000c76c0c58) 
thrown [s\src\hotspot\share\interpreter\linkResolver.cpp, line 759]
Event: 4.642 Thread 0x000002c9727fa4e0 Exception <a 'java/lang/NoSuchMethodError'{0x00000000c6394ef8}: 'java.lang.Object java.lang.invoke.DirectMethodHandle$Holder.invokeStaticInit(java.lang.Object, java.lang.Object, java.lang.Object, java.lang.Object, java.lang.Object, java.lang.Object, java.lang.Object, java.lang.Object, java.lang.Object, java.lang.Object, java.lang.Object, java.lang.Object, java.lang.Object, java.lang.Object, java.lang.Object, java.lang.Object, java.lang.Object, java.lang.Object, java.lang.Object, java.lang.Object, int, java
Event: 4.644 Thread 0x000002c9727fa4e0 Exception <a 'java/lang/NoSuchMethodError'{0x00000000c63a2570}: 'int java.lang.invoke.DirectMethodHandle$Holder.invokeVirtual(java.lang.Object, java.lang.Object)'> (0x00000000c63a2570) 
thrown [s\src\hotspot\share\interpreter\linkResolver.cpp, line 759]
Event: 4.761 Thread 0x000002c97f9e2ff0 Exception <a 'java/lang/IncompatibleClassChangeError'{0x00000000c62f5cb0}: Found class java.lang.Object, but interface was expected> (0x00000000c62f5cb0) 
thrown [s\src\hotspot\share\interpreter\linkResolver.cpp, line 826]
Event: 4.761 Thread 0x000002c97f9e2870 Exception <a 'java/lang/IncompatibleClassChangeError'{0x00000000c6242610}: Found class java.lang.Object, but interface was expected> (0x00000000c6242610) 
thrown [s\src\hotspot\share\interpreter\linkResolver.cpp, line 826]
Event: 4.811 Thread 0x000002c97f9e2ff0 Exception <a 'java/lang/NoSuchMethodError'{0x00000000c990d0e0}: 'java.lang.Object java.lang.invoke.DirectMethodHandle$Holder.invokeVirtual(java.lang.Object, java.lang.Object, java.lang.Object)'> (0x00000000c990d0e0) 
thrown [s\src\hotspot\share\interpreter\linkResolver.cpp, line 759]
Event: 4.811 Thread 0x000002c97f9e2870 Exception <a 'java/lang/NoSuchMethodError'{0x00000000c9992c88}: 'java.lang.Object java.lang.invoke.DirectMethodHandle$Holder.invokeVirtual(java.lang.Object, java.lang.Object, java.lang.Object)'> (0x00000000c9992c88) 
thrown [s\src\hotspot\share\interpreter\linkResolver.cpp, line 759]
Event: 5.007 Thread 0x000002c97f9e2870 Exception <a 'java/lang/NoSuchMethodError'{0x00000000c98d9678}: 'long java.lang.invoke.DirectMethodHandle$Holder.invokeStatic(java.lang.Object, java.lang.Object)'> (0x00000000c98d9678) 
thrown [s\src\hotspot\share\interpreter\linkResolver.cpp, line 759]
Event: 5.007 Thread 0x000002c97f9e2ff0 Exception <a 'java/lang/NoSuchMethodError'{0x00000000c99eb4b0}: 'long java.lang.invoke.DirectMethodHandle$Holder.invokeStatic(java.lang.Object, java.lang.Object)'> (0x00000000c99eb4b0) 
thrown [s\src\hotspot\share\interpreter\linkResolver.cpp, line 759]
Event: 5.008 Thread 0x000002c97f9e2870 Exception <a 'java/lang/NoSuchMethodError'{0x00000000c98dce78}: 'long java.lang.invoke.DirectMethodHandle$Holder.invokeStaticInit(java.lang.Object, java.lang.Object)'> (0x00000000c98dce78) 
thrown [s\src\hotspot\share\interpreter\linkResolver.cpp, line 759]
Event: 5.008 Thread 0x000002c97f9e2ff0 Exception <a 'java/lang/NoSuchMethodError'{0x00000000c99eec88}: 'long java.lang.invoke.DirectMethodHandle$Holder.invokeStaticInit(java.lang.Object, java.lang.Object)'> (0x00000000c99eec88) 
thrown [s\src\hotspot\share\interpreter\linkResolver.cpp, line 759]
Event: 5.212 Thread 0x000002c97f9e2ff0 Exception <a 'java/lang/NoSuchMethodError'{0x00000000c93318c0}: 'java.lang.Object java.lang.invoke.DirectMethodHandle$Holder.newInvokeSpecial(java.lang.Object, int, java.lang.Object)'> (0x00000000c93318c0) 
thrown [s\src\hotspot\share\interpreter\linkResolver.cpp, line 759]
Event: 5.457 Thread 0x000002c97f9e2ff0 Exception <a 'java/lang/NoSuchMethodError'{0x00000000c7a4f4e8}: 'void java.lang.invoke.DirectMethodHandle$Holder.invokeSpecial(java.lang.Object, java.lang.Object, java.lang.Object, java.lang.Object, java.lang.Object)'> (0x00000000c7a4f4e8) 
thrown [s\src\hotspot\share\interpreter\linkResolver.cpp, line 759]
Event: 5.458 Thread 0x000002c97f9e2870 Exception <a 'java/lang/NoSuchMethodError'{0x00000000c7b42320}: 'void java.lang.invoke.DirectMethodHandle$Holder.invokeSpecial(java.lang.Object, java.lang.Object, java.lang.Object, java.lang.Object, java.lang.Object)'> (0x00000000c7b42320) 
thrown [s\src\hotspot\share\interpreter\linkResolver.cpp, line 759]

VM Operations (20 events):
Event: 5.855 Executing VM operation: HandshakeAllThreads done
Event: 5.876 Executing VM operation: G1CollectForAllocation
Event: 5.910 Executing VM operation: G1CollectForAllocation done
Event: 5.990 Executing VM operation: G1PauseRemark
Event: 5.998 Executing VM operation: G1PauseRemark done
Event: 6.048 Executing VM operation: G1PauseCleanup
Event: 6.060 Executing VM operation: G1PauseCleanup done
Event: 6.229 Executing VM operation: G1CollectForAllocation
Event: 6.257 Executing VM operation: G1CollectForAllocation done
Event: 6.274 Executing VM operation: G1CollectForAllocation
Event: 6.289 Executing VM operation: G1CollectForAllocation done
Event: 6.477 Executing VM operation: G1CollectForAllocation
Event: 6.496 Executing VM operation: G1CollectForAllocation done
Event: 6.646 Executing VM operation: G1PauseRemark
Event: 6.661 Executing VM operation: G1PauseRemark done
Event: 6.744 Executing VM operation: G1PauseCleanup
Event: 6.745 Executing VM operation: G1PauseCleanup done
Event: 6.858 Executing VM operation: G1CollectForAllocation
Event: 6.880 Executing VM operation: G1CollectForAllocation done
Event: 6.925 Executing VM operation: G1CollectForAllocation

Memory protections (0 events):
No events

Nmethod flushes (0 events):
No events

Events (20 events):
Event: 0.160 Thread 0x000002c9727fa4e0 Thread added: 0x000002c97edd6520
Event: 0.160 Thread 0x000002c9727fa4e0 Thread added: 0x000002c97edd80f0
Event: 0.160 Thread 0x000002c9727fa4e0 Thread added: 0x000002c97eddabc0
Event: 0.160 Thread 0x000002c9727fa4e0 Thread added: 0x000002c97eddb580
Event: 0.160 Thread 0x000002c9727fa4e0 Thread added: 0x000002c97eddd330
Event: 0.161 Thread 0x000002c9727fa4e0 Thread added: 0x000002c97edded40
Event: 0.162 Thread 0x000002c9727fa4e0 Thread added: 0x000002c97ede42f0
Event: 0.193 Thread 0x000002c9727fa4e0 Thread added: 0x000002c97ef36ed0
Event: 0.197 Thread 0x000002c9727fa4e0 Thread added: 0x000002c97ef3d6f0
Event: 0.352 Thread 0x000002c97eddd330 Thread added: 0x000002c97f09b410
Event: 1.462 Thread 0x000002c97f09b410 Thread exited: 0x000002c97f09b410
Event: 1.632 Thread 0x000002c97eddd330 Thread added: 0x000002c97f59c4c0
Event: 1.984 Thread 0x000002c97f59c4c0 Thread exited: 0x000002c97f59c4c0
Event: 2.492 Thread 0x000002c97edded40 Thread added: 0x000002c97f0c4070
Event: 2.992 Thread 0x000002c97f0c4070 Thread exited: 0x000002c97f0c4070
Event: 4.667 Thread 0x000002c9727fa4e0 Thread added: 0x000002c97f9e2870
Event: 4.670 Thread 0x000002c9727fa4e0 Thread added: 0x000002c97f9e2ff0
Event: 4.698 Thread 0x000002c97eddd330 Thread added: 0x000002c9540e27e0
Event: 5.025 Thread 0x000002c9540e27e0 Thread exited: 0x000002c9540e27e0
Event: 5.043 Thread 0x000002c97edded40 Thread added: 0x000002c95406e7c0


Dynamic libraries:
0x00007ff6ccbf0000 - 0x00007ff6ccbfe000 	C:\Program Files\Microsoft\jdk-17.0.15.6-hotspot\bin\java.exe
0x00007ffeb2c50000 - 0x00007ffeb2e68000 	C:\Windows\SYSTEM32\ntdll.dll
0x00007ffeb16b0000 - 0x00007ffeb1774000 	C:\Windows\System32\KERNEL32.DLL
0x00007ffeaff30000 - 0x00007ffeb0303000 	C:\Windows\System32\KERNELBASE.dll
0x00007ffeb0570000 - 0x00007ffeb0681000 	C:\Windows\System32\ucrtbase.dll
0x00007ffe875a0000 - 0x00007ffe875b7000 	C:\Program Files\Microsoft\jdk-17.0.15.6-hotspot\bin\jli.dll
0x00007ffeb19f0000 - 0x00007ffeb1ba2000 	C:\Windows\System32\USER32.dll
0x00007ffeb08c0000 - 0x00007ffeb08e6000 	C:\Windows\System32\win32u.dll
0x00007ffeb2180000 - 0x00007ffeb21a9000 	C:\Windows\System32\GDI32.dll
0x00007ffeb0450000 - 0x00007ffeb056b000 	C:\Windows\System32\gdi32full.dll
0x00007ffeafe90000 - 0x00007ffeaff2a000 	C:\Windows\System32\msvcp_win.dll
0x00007ffe9d610000 - 0x00007ffe9d8ac000 	C:\Windows\WinSxS\amd64_microsoft.windows.common-controls_6595b64144ccf1df_6.0.22621.6060_none_2712eda17382d24b\COMCTL32.dll
0x00007ffeb2af0000 - 0x00007ffeb2b97000 	C:\Windows\System32\msvcrt.dll
0x00007ffe874d0000 - 0x00007ffe874ed000 	C:\Program Files\Microsoft\jdk-17.0.15.6-hotspot\bin\VCRUNTIME140.dll
0x00007ffeb2bb0000 - 0x00007ffeb2be1000 	C:\Windows\System32\IMM32.DLL
0x00007ffea4970000 - 0x00007ffea497c000 	C:\Program Files\Microsoft\jdk-17.0.15.6-hotspot\bin\vcruntime140_1.dll
0x00007ffe70270000 - 0x00007ffe702fd000 	C:\Program Files\Microsoft\jdk-17.0.15.6-hotspot\bin\msvcp140.dll
0x00007ffdb9f40000 - 0x00007ffdbabb2000 	C:\Program Files\Microsoft\jdk-17.0.15.6-hotspot\bin\server\jvm.dll
0x00007ffeb12d0000 - 0x00007ffeb1381000 	C:\Windows\System32\ADVAPI32.dll
0x00007ffeb1bb0000 - 0x00007ffeb1c58000 	C:\Windows\System32\sechost.dll
0x00007ffeafd60000 - 0x00007ffeafd88000 	C:\Windows\System32\bcrypt.dll
0x00007ffeb28b0000 - 0x00007ffeb29c8000 	C:\Windows\System32\RPCRT4.dll
0x00007ffeb21b0000 - 0x00007ffeb2221000 	C:\Windows\System32\WS2_32.dll
0x00007ffeafc30000 - 0x00007ffeafc7d000 	C:\Windows\SYSTEM32\POWRPROF.dll
0x00007ffea9680000 - 0x00007ffea96b4000 	C:\Windows\SYSTEM32\WINMM.dll
0x00007ffead940000 - 0x00007ffead94a000 	C:\Windows\SYSTEM32\VERSION.dll
0x00007ffeafc10000 - 0x00007ffeafc23000 	C:\Windows\SYSTEM32\UMPDC.dll
0x00007ffeaed00000 - 0x00007ffeaed18000 	C:\Windows\SYSTEM32\kernel.appcore.dll
0x00007ffea46d0000 - 0x00007ffea46da000 	C:\Program Files\Microsoft\jdk-17.0.15.6-hotspot\bin\jimage.dll
0x00007ffeac8c0000 - 0x00007ffeacaf3000 	C:\Windows\SYSTEM32\DBGHELP.DLL
0x00007ffeb2510000 - 0x00007ffeb28a1000 	C:\Windows\System32\combase.dll
0x00007ffeb1910000 - 0x00007ffeb19e8000 	C:\Windows\System32\OLEAUT32.dll
0x00007ffe980e0000 - 0x00007ffe98112000 	C:\Windows\SYSTEM32\dbgcore.DLL
0x00007ffeafe10000 - 0x00007ffeafe8b000 	C:\Windows\System32\bcryptPrimitives.dll
0x00007ffe78d90000 - 0x00007ffe78db5000 	C:\Program Files\Microsoft\jdk-17.0.15.6-hotspot\bin\java.dll
0x00007ffe69f60000 - 0x00007ffe6a036000 	C:\Program Files\Microsoft\jdk-17.0.15.6-hotspot\bin\jsvml.dll
0x00007ffeb0a30000 - 0x00007ffeb12cc000 	C:\Windows\System32\SHELL32.dll
0x00007ffeb0310000 - 0x00007ffeb044f000 	C:\Windows\System32\wintypes.dll
0x00007ffeadc10000 - 0x00007ffeae52a000 	C:\Windows\SYSTEM32\windows.storage.dll
0x00007ffeb1780000 - 0x00007ffeb1884000 	C:\Windows\System32\SHCORE.dll
0x00007ffeb09c0000 - 0x00007ffeb0a29000 	C:\Windows\System32\shlwapi.dll
0x00007ffeafc90000 - 0x00007ffeafcb5000 	C:\Windows\SYSTEM32\profapi.dll
0x00007ffe87210000 - 0x00007ffe8722a000 	C:\Program Files\Microsoft\jdk-17.0.15.6-hotspot\bin\net.dll
0x00007ffea9a00000 - 0x00007ffea9b2c000 	C:\Windows\SYSTEM32\WINHTTP.dll
0x00007ffeaf1c0000 - 0x00007ffeaf229000 	C:\Windows\system32\mswsock.dll
0x00007ffe871a0000 - 0x00007ffe871b6000 	C:\Program Files\Microsoft\jdk-17.0.15.6-hotspot\bin\nio.dll
0x00007ffe82c90000 - 0x00007ffe82ca8000 	C:\Program Files\Microsoft\jdk-17.0.15.6-hotspot\bin\zip.dll
0x00007ffe9e2c0000 - 0x00007ffe9e2d0000 	C:\Program Files\Microsoft\jdk-17.0.15.6-hotspot\bin\verify.dll

dbghelp: loaded successfully - version: 4.0.5 - missing functions: none
symbol engine: initialized successfully - sym options: 0x614 - pdb path: .;C:\Program Files\Microsoft\jdk-17.0.15.6-hotspot\bin;C:\Windows\SYSTEM32;C:\Windows\WinSxS\amd64_microsoft.windows.common-controls_6595b64144ccf1df_6.0.22621.6060_none_2712eda17382d24b;C:\Program Files\Microsoft\jdk-17.0.15.6-hotspot\bin\server

VM Arguments:
jvm_args: -Xmx1G 
java_command: com.android.tools.r8.D8 --debug --min-api 21 --output obj\Debug\net9.0-android\android\bin\ --lib C:\Users\Dell\AppData\Local\Android\Sdk\platforms\android-35\android.jar obj\Debug\net9.0-android\android\bin\classes.zip C:\Program Files\dotnet\packs\Microsoft.Android.Ref.35\35.0.105\ref\net9.0\mono.android.jar C:\Program Files\dotnet\packs\Microsoft.Android.Sdk.Windows\35.0.105\tools\\java_runtime_net6.jar C:\Users\Dell\.nuget\packages\xamarin.androidx.annotation.jvm\1.9.1.3\buildTransitive\net8.0-android34.0\..\..\jar\androidx.annotation.annotation-jvm.jar C:\Users\Dell\.nuget\packages\xamarin.androidx.collection.jvm\1.5.0.1\buildTransitive\net8.0-android34.0\..\..\jar\androidx.collection.collection-jvm.jar C:\Users\Dell\.nuget\packages\xamarin.androidx.annotation\1.9.1.3\buildTransitive\net8.0-android34.0\..\..\jar\androidx.annotation.annotation.jar C:\Users\Dell\.nuget\packages\xamarin.androidx.collection\1.5.0.1\buildTransitive\net8.0-android34.0\..\..\jar\androidx.collection.collection.jar C:\Users\Dell\.nuget\packages\xamarin.androidx.concurrent.futures\1.2.0.6\buildTransitive\net8.0-android34.0\..\..\jar\androidx.concurrent.concurrent-futures.jar C:\Users\Dell\.nuget\packages\xamarin.androidx.lifecycle.common.jvm\2.8.7.3\buildTransitive\net8.0-android34.0\..\..\jar\androidx.lifecycle.lifecycle-common-jvm.jar C:\Users\Dell\.nuget\packages\xamarin.androidx.lifecycle.common\2.8.7.3\buildTransitive\net8.0-android34.0\..\..\jar\androidx.lifecycle.lifecycle-common.jar C:\Users\Dell\.nuget\packages\xamarin.androidx.arch.core.common\2.2.0.16\buildTransitive\net8.0-android34.0\..\..\jar\androidx.arch.core.core-common.jar C:\Users\Dell\.nuget\packages\xamarin.androidx.resourceinspection.annotation\1.0.1.20\buildTransitive\net8.0-android34.0\..\..\jar\androidx.resourceinspection.resourceinspection-annotation.jar C:\Users\Dell\.nuget\packages\xamarin.androidx.constraintlayout.core\1.1.1.1\buildTransitive\net8.0-android34.0\..\..\jar\androidx.constraintlay
java_class_path (initial): C:\Program Files\dotnet\packs\Microsoft.Android.Sdk.Windows\35.0.105\tools\r8.jar
Launcher Type: SUN_STANDARD

[Global flags]
     intx CICompilerCount                          = 3                                         {product} {ergonomic}
     uint ConcGCThreads                            = 1                                         {product} {ergonomic}
     uint G1ConcRefinementThreads                  = 4                                         {product} {ergonomic}
   size_t G1HeapRegionSize                         = 1048576                                   {product} {ergonomic}
    uintx GCDrainStackTargetSize                   = 64                                        {product} {ergonomic}
   size_t InitialHeapSize                          = 134217728                                 {product} {ergonomic}
   size_t MarkStackSize                            = 4194304                                   {product} {ergonomic}
   size_t MaxHeapSize                              = 1073741824                                {product} {command line}
   size_t MaxNewSize                               = 643825664                                 {product} {ergonomic}
   size_t MinHeapDeltaBytes                        = 1048576                                   {product} {ergonomic}
   size_t MinHeapSize                              = 8388608                                   {product} {ergonomic}
    uintx NonNMethodCodeHeapSize                   = 5832780                                {pd product} {ergonomic}
    uintx NonProfiledCodeHeapSize                  = 122912730                              {pd product} {ergonomic}
    uintx ProfiledCodeHeapSize                     = 122912730                              {pd product} {ergonomic}
    uintx ReservedCodeCacheSize                    = 251658240                              {pd product} {ergonomic}
     bool SegmentedCodeCache                       = true                                      {product} {ergonomic}
   size_t SoftMaxHeapSize                          = 1073741824                             {manageable} {ergonomic}
     bool UseCompressedClassPointers               = true                           {product lp64_product} {ergonomic}
     bool UseCompressedOops                        = true                           {product lp64_product} {ergonomic}
     bool UseG1GC                                  = true                                      {product} {ergonomic}
     bool UseLargePagesIndividualAllocation        = false                                  {pd product} {ergonomic}

Logging:
Log output configuration:
 #0: stdout all=warning uptime,level,tags
 #1: stderr all=off uptime,level,tags

Environment Variables:
JAVA_HOME=C:\Program Files\Microsoft\jdk-17.0.15.6-hotspot
PATH=C:\Program Files\Eclipse Adoptium\jdk-25.0.1.8-hotspot\bin;C:\Program Files\Microsoft\jdk-17.0.15.6-hotspot\bin;C:\Program Files\MySQL\MySQL Server 8.0\bin;"C:\xampp\php;C:\Program Files (x86)\Common Files\Oracle\Java\java8path";C:\Windows\system32;C:\Windows;C:\Windows\System32\Wbem;C:\Windows\System32\WindowsPowerShell\v1.0\;C:\Windows\System32\OpenSSH\;C:\Program Files\Microsoft SQL Server\150\Tools\Binn\;C:\Program Files\dotnet\;C:\ProgramData\chocolatey\bin;C:\Program Files\Git\cmd;C:\Users\Dell\AppData\Local\Android\Sdk\platform-tools;C:\Program Files\dotnet;C:\Program Files\MySQL\MySQL Server 8.0\bin;C:\Users\Dell\AppData\Local\Microsoft\WindowsApps;C:\Users\Dell\.dotnet\tools;C:\Users\Dell\AppData\Local\Programs\Microsoft VS Code\bin;C:\msys64\ucrt64\bin;C:\Users\Dell\.dotnet\tools;C:\Users\Dell\AppData\Local\Android\Sdk\platform-tools;C:\Program Files\dotnet;C:\Users\Dell\AppData\Local\Programs\cursor\resources\app\bin;C:\Users\Dell\AppData\Local\Programs\Kiro\bin
USERNAME=dk
LANG=en_US.UTF-8
OS=Windows_NT
PROCESSOR_IDENTIFIER=Intel64 Family 6 Model 142 Stepping 9, GenuineIntel
TMP=C:\Users\Dell\AppData\Local\Temp
TEMP=C:\Users\Dell\AppData\Local\Temp



Periodic native trim disabled


---------------  S Y S T E M  ---------------

OS:
 Windows 11 , 64 bit Build 22621 (10.0.22621.5415)
OS uptime: 6 days 9:49 hours
Hyper-V role detected

CPU: total 4 (initial active 4) (2 cores per cpu, 2 threads per core) family 6 model 142 stepping 9 microcode 0xf6, cx8, cmov, fxsr, ht, mmx, 3dnowpref, sse, sse2, sse3, ssse3, sse4.1, sse4.2, popcnt, lzcnt, tsc, tscinvbit, avx, avx2, aes, erms, clmul, bmi1, bmi2, rtm, adx, fma, vzeroupper, clflush, clflushopt, hv
Processor Information for the first 4 processors :
  Max Mhz: 2712, Current Mhz: 2611, Mhz Limit: 2603

Memory: 4k page, system-wide physical 8073M (406M free)
TotalPageFile size 32649M (AvailPageFile size 228M)
current process WorkingSet (physical memory assigned to process): 259M, peak: 261M
current process commit charge ("private bytes"): 312M, peak: 540M

vm_info: OpenJDK 64-Bit Server VM (17.0.15+6-LTS) for windows-amd64 JRE (17.0.15+6-LTS), built on Apr  9 2025 22:27:25 by "MicrosoftCorporation" with unknown MS VC++:1939

END.
