#
# There is insufficient memory for the Java Runtime Environment to continue.
# Native memory allocation (malloc) failed to allocate 1617632 bytes. Error detail: Chunk::new
# Possible reasons:
#   The system is out of physical RAM or swap space
#   This process is running with CompressedOops enabled, and the Java Heap may be blocking the growth of the native heap
# Possible solutions:
#   Reduce memory load on the system
#   Increase physical memory or swap space
#   Check if swap backing store is full
#   Decrease Java heap size (-Xmx/-Xms)
#   Decrease number of Java threads
#   Decrease Java thread stack sizes (-Xss)
#   Set larger code cache with -XX:ReservedCodeCacheSize=
#   JVM is running with Unscaled Compressed Oops mode in which the Java heap is
#     placed in the first 4GB address space. The Java Heap base address is the
#     maximum limit for the native heap growth. Please use -XX:HeapBaseMinAddress
#     to set the Java Heap base and to place the Java Heap above 4GB virtual address.
# This output file may be truncated or incomplete.
#
#  Out of Memory Error (arena.cpp:191), pid=7120, tid=12952
#
# JRE version: OpenJDK Runtime Environment Microsoft-11369865 (17.0.15+6) (build 17.0.15+6-LTS)
# Java VM: OpenJDK 64-Bit Server VM Microsoft-11369865 (17.0.15+6-LTS, mixed mode, sharing, tiered, compressed oops, compressed class ptrs, g1 gc, windows-amd64)
# No core dump will be written. Minidumps are not enabled by default on client versions of Windows
#

---------------  S U M M A R Y ------------

Command Line: -Xmx1G com.android.tools.r8.D8 --debug --min-api 21 --output obj\Debug\net9.0-android\android\bin\ --lib C:\Users\Dell\AppData\Local\Android\Sdk\platforms\android-35\android.jar obj\Debug\net9.0-android\android\bin\classes.zip C:\Program Files\dotnet\packs\Microsoft.Android.Ref.35\35.0.105\ref\net9.0\mono.android.jar C:\Program Files\dotnet\packs\Microsoft.Android.Sdk.Windows\35.0.105\tools\\java_runtime_net6.jar C:\Users\Dell\.nuget\packages\xamarin.androidx.annotation.jvm\1.9.1.3\buildTransitive\net8.0-android34.0\..\..\jar\androidx.annotation.annotation-jvm.jar C:\Users\Dell\.nuget\packages\xamarin.androidx.collection.jvm\1.5.0.1\buildTransitive\net8.0-android34.0\..\..\jar\androidx.collection.collection-jvm.jar C:\Users\Dell\.nuget\packages\xamarin.androidx.annotation\1.9.1.3\buildTransitive\net8.0-android34.0\..\..\jar\androidx.annotation.annotation.jar C:\Users\Dell\.nuget\packages\xamarin.androidx.collection\1.5.0.1\buildTransitive\net8.0-android34.0\..\..\jar\androidx.collection.collection.jar C:\Users\Dell\.nuget\packages\xamarin.androidx.concurrent.futures\1.2.0.6\buildTransitive\net8.0-android34.0\..\..\jar\androidx.concurrent.concurrent-futures.jar C:\Users\Dell\.nuget\packages\xamarin.androidx.lifecycle.common.jvm\2.8.7.3\buildTransitive\net8.0-android34.0\..\..\jar\androidx.lifecycle.lifecycle-common-jvm.jar C:\Users\Dell\.nuget\packages\xamarin.androidx.lifecycle.common\2.8.7.3\buildTransitive\net8.0-android34.0\..\..\jar\androidx.lifecycle.lifecycle-common.jar C:\Users\Dell\.nuget\packages\xamarin.androidx.arch.core.common\2.2.0.16\buildTransitive\net8.0-android34.0\..\..\jar\androidx.arch.core.core-common.jar C:\Users\Dell\.nuget\packages\xamarin.androidx.resourceinspection.annotation\1.0.1.20\buildTransitive\net8.0-android34.0\..\..\jar\androidx.resourceinspection.resourceinspection-annotation.jar C:\Users\Dell\.nuget\packages\xamarin.androidx.constraintlayout.core\1.1.1.1\buildTransitive\net8.0-android34.0\..\..\jar\androidx.constraintlayout.constraintlayout-core.jar C:\Users\Dell\.nuget\packages\xamarin.androidx.collection.ktx\1.5.0.1\buildTransitive\net8.0-android34.0\..\..\jar\androidx.collection.collection-ktx.jar C:\Program Files\dotnet\packs\Microsoft.NETCore.App.Runtime.Mono.android-arm64\9.0.11\runtimes\android-arm64\native\libSystem.Security.Cryptography.Native.Android.jar obj\Debug\net9.0-android\lp\95\jl\classes.jar obj\Debug\net9.0-android\lp\96\jl\classes.jar obj\Debug\net9.0-android\lp\97\jl\classes.jar obj\Debug\net9.0-android\lp\98\jl\classes.jar obj\Debug\net9.0-android\lp\99\jl\classes.jar obj\Debug\net9.0-android\lp\100\jl\classes.jar obj\Debug\net9.0-android\lp\102\jl\classes.jar obj\Debug\net9.0-android\lp\103\jl\classes.jar obj\Debug\net9.0-android\lp\104\jl\classes.jar obj\Debug\net9.0-android\lp\105\jl\classes.jar obj\Debug\net9.0-android\lp\106\jl\classes.jar obj\Debug\net9.0-android\lp\107\jl\classes.jar obj\Debug\net9.0-android\lp\108\jl\classes.jar obj\Debug\net9.0-android\lp\109\jl\classes.jar obj\Debug\net9.0-android\lp\110\jl\classes.jar obj\Debug\net9.0-android\lp\111\jl\classes.jar obj\Debug\net9.0-android\lp\112\jl\classes.jar obj\Debug\net9.0-android\lp\114\jl\classes.jar obj\Debug\net9.0-android\lp\115\jl\classes.jar obj\Debug\net9.0-android\lp\116\jl\classes.jar obj\Debug\net9.0-android\lp\117\jl\classes.jar obj\Debug\net9.0-android\lp\118\jl\classes.jar obj\Debug\net9.0-android\lp\119\jl\classes.jar obj\Debug\net9.0-android\lp\120\jl\classes.jar obj\Debug\net9.0-android\lp\121\jl\classes.jar obj\Debug\net9.0-android\lp\122\jl\classes.jar obj\Debug\net9.0-android\lp\123\jl\classes.jar obj\Debug\net9.0-android\lp\124\jl\classes.jar obj\Debug\net9.0-android\lp\125\jl\classes.jar obj\Debug\net9.0-android\lp\125\jl\libs\repackaged.jar obj\Debug\net9.0-android\lp\126\jl\classes.jar obj\Debug\net9.0-android\lp\127\jl\classes.jar obj\Debug\net9.0-android\lp\128\jl\classes.jar obj\Debug\net9.0-android\lp\129\jl\classes.jar obj\Debug\net9.0-android\lp\130\jl\classes.jar obj\Debug\net9.0-android\lp\131\jl\classes.jar obj\Debug\net9.0-android\lp\132\jl\classes.jar obj\Debug\net9.0-android\lp\133\jl\classes.jar obj\Debug\net9.0-android\lp\134\jl\classes.jar obj\Debug\net9.0-android\lp\135\jl\classes.jar obj\Debug\net9.0-android\lp\136\jl\classes.jar obj\Debug\net9.0-android\lp\137\jl\classes.jar obj\Debug\net9.0-android\lp\138\jl\classes.jar obj\Debug\net9.0-android\lp\139\jl\classes.jar obj\Debug\net9.0-android\lp\140\jl\classes.jar obj\Debug\net9.0-android\lp\141\jl\classes.jar obj\Debug\net9.0-android\lp\142\jl\classes.jar obj\Debug\net9.0-android\lp\144\jl\classes.jar obj\Debug\net9.0-android\lp\145\jl\classes.jar obj\Debug\net9.0-android\lp\146\jl\classes.jar obj\Debug\net9.0-android\lp\147\jl\classes.jar obj\Debug\net9.0-android\lp\148\jl\classes.jar obj\Debug\net9.0-android\lp\149\jl\classes.jar obj\Debug\net9.0-android\lp\150\jl\classes.jar obj\Debug\net9.0-android\lp\151\jl\classes.jar obj\Debug\net9.0-android\lp\152\jl\classes.jar obj\Debug\net9.0-android\lp\153\jl\classes.jar obj\Debug\net9.0-android\lp\154\jl\libs\ED64959F88B22E6D.jar obj\Debug\net9.0-android\lp\155\jl\libs\2E7FD15AFA9B216B.jar obj\Debug\net9.0-android\lp\157\jl\classes.jar obj\Debug\net9.0-android\lp\160\jl\libs\659D48BEBA477FDD.jar obj\Debug\net9.0-android\lp\161\jl\libs\95D547F40BE4687C.jar obj\Debug\net9.0-android\lp\162\jl\classes.jar obj\Debug\net9.0-android\lp\163\jl\classes.jar obj\Debug\net9.0-android\lp\164\jl\libs\F975D0960055A5E3.jar obj\Debug\net9.0-android\lp\165\jl\libs\B71CFF5D5A0B3AEB.jar obj\Debug\net9.0-android\lp\166\jl\libs\8F2EB7DF0BED3603.jar obj\Debug\net9.0-android\lp\167\jl\libs\8956669C0037225B.jar obj\Debug\net9.0-android\lp\168\jl\libs\05D34BA5CA8637CF.jar obj\Debug\net9.0-android\lp\169\jl\libs\DCFB018199B59345.jar obj\Debug\net9.0-android\lp\170\jl\libs\F91D79B39A269A7E.jar obj\Debug\net9.0-android\lp\171\jl\libs\327D95CCFE836D7B.jar obj\Debug\net9.0-android\lp\172\jl\libs\C7DE71AD77BC3A1F.jar obj\Debug\net9.0-android\lp\173\jl\libs\F01C7EADE990A004.jar obj\Debug\net9.0-android\lp\174\jl\libs\F6DB49E0CC905A9A.jar obj\Debug\net9.0-android\lp\175\jl\libs\A1A754E9E8693F85.jar obj\Debug\net9.0-android\lp\176\jl\libs\B7446A23346A729D.jar obj\Debug\net9.0-android\lp\177\jl\libs\623E6E29E2058512.jar --map-diagnostics warning info

Host: Intel(R) Core(TM) i5-7300U CPU @ 2.60GHz, 4 cores, 7G,  Windows 11 , 64 bit Build 22621 (10.0.22621.5415)
Time: Tue Dec  9 20:55:20 2025 South Africa Standard Time elapsed time: 8.809993 seconds (0d 0h 0m 8s)

---------------  T H R E A D  ---------------

Current thread (0x0000029bea44f090):  JavaThread "C2 CompilerThread1" daemon [_thread_in_native, id=12952, stack(0x000000f4a8b00000,0x000000f4a8c00000)]


Current CompileTask:
C2:   8810 1912   !   4       com.android.tools.r8.graph.h4::c (814 bytes)

Stack: [0x000000f4a8b00000,0x000000f4a8c00000]
Native frames: (J=compiled Java code, j=interpreted, Vv=VM code, C=native code)
V  [jvm.dll+0x6887a9]
V  [jvm.dll+0x83f5a8]
V  [jvm.dll+0x841053]
V  [jvm.dll+0x8416c3]
V  [jvm.dll+0x2496ef]
V  [jvm.dll+0xad134]
V  [jvm.dll+0xad7cc]
V  [jvm.dll+0x36af2e]
V  [jvm.dll+0x335513]
V  [jvm.dll+0x3349aa]
V  [jvm.dll+0x21a908]
V  [jvm.dll+0x219d3f]
V  [jvm.dll+0x1a55f6]
V  [jvm.dll+0x22a39a]
V  [jvm.dll+0x2284db]
V  [jvm.dll+0x7f4e28]
V  [jvm.dll+0x7ef2dc]
V  [jvm.dll+0x687687]
C  [ucrtbase.dll+0x29333]
C  [KERNEL32.DLL+0x1259d]
C  [ntdll.dll+0x5af78]


---------------  P R O C E S S  ---------------

Threads class SMR info:
_java_thread_list=0x0000029bea428ea0, length=15, elements={
0x0000029bca7b8150, 0x0000029be5d7d070, 0x0000029be5d7def0, 0x0000029be5d93810,
0x0000029be5d95350, 0x0000029be5d95f10, 0x0000029be5d988e0, 0x0000029be5d9a690,
0x0000029be5d9b140, 0x0000029be5ddc580, 0x0000029bea0de5e0, 0x0000029bea0e4f30,
0x0000029bea9b7e00, 0x0000029bea9b4700, 0x0000029bea44f090
}

Java Threads: ( => current thread )
  0x0000029bca7b8150 JavaThread "main" [_thread_blocked, id=21804, stack(0x000000f4a7100000,0x000000f4a7200000)]
  0x0000029be5d7d070 JavaThread "Reference Handler" daemon [_thread_blocked, id=21308, stack(0x000000f4a7800000,0x000000f4a7900000)]
  0x0000029be5d7def0 JavaThread "Finalizer" daemon [_thread_blocked, id=11100, stack(0x000000f4a7900000,0x000000f4a7a00000)]
  0x0000029be5d93810 JavaThread "Signal Dispatcher" daemon [_thread_blocked, id=14440, stack(0x000000f4a7a00000,0x000000f4a7b00000)]
  0x0000029be5d95350 JavaThread "Attach Listener" daemon [_thread_blocked, id=7424, stack(0x000000f4a7b00000,0x000000f4a7c00000)]
  0x0000029be5d95f10 JavaThread "Service Thread" daemon [_thread_blocked, id=23900, stack(0x000000f4a7c00000,0x000000f4a7d00000)]
  0x0000029be5d988e0 JavaThread "Monitor Deflation Thread" daemon [_thread_blocked, id=6316, stack(0x000000f4a7d00000,0x000000f4a7e00000)]
  0x0000029be5d9a690 JavaThread "C2 CompilerThread0" daemon [_thread_in_native, id=20404, stack(0x000000f4a7e00000,0x000000f4a7f00000)]
  0x0000029be5d9b140 JavaThread "C1 CompilerThread0" daemon [_thread_blocked, id=26256, stack(0x000000f4a7f00000,0x000000f4a8000000)]
  0x0000029be5ddc580 JavaThread "Sweeper thread" daemon [_thread_blocked, id=13360, stack(0x000000f4a8000000,0x000000f4a8100000)]
  0x0000029bea0de5e0 JavaThread "Notification Thread" daemon [_thread_blocked, id=25672, stack(0x000000f4a8100000,0x000000f4a8200000)]
  0x0000029bea0e4f30 JavaThread "Common-Cleaner" daemon [_thread_blocked, id=21992, stack(0x000000f4a8300000,0x000000f4a8400000)]
  0x0000029bea9b7e00 JavaThread "ForkJoinPool-1-worker-1" daemon [_thread_in_Java, id=7172, stack(0x000000f4a8400000,0x000000f4a8500000)]
  0x0000029bea9b4700 JavaThread "ForkJoinPool-1-worker-2" daemon [_thread_blocked, id=13512, stack(0x000000f4a8a00000,0x000000f4a8b00000)]
=>0x0000029bea44f090 JavaThread "C2 CompilerThread1" daemon [_thread_in_native, id=12952, stack(0x000000f4a8b00000,0x000000f4a8c00000)]

Other Threads:
  0x0000029be5d77580 VMThread "VM Thread" [stack: 0x000000f4a7700000,0x000000f4a7800000] [id=25108]
  0x0000029bea0deac0 WatcherThread [stack: 0x000000f4a8200000,0x000000f4a8300000] [id=10216]
  0x0000029bca7f43a0 GCTaskThread "GC Thread#0" [stack: 0x000000f4a7200000,0x000000f4a7300000] [id=13396]
  0x0000029bea6ea410 GCTaskThread "GC Thread#1" [stack: 0x000000f4a8500000,0x000000f4a8600000] [id=18900]
  0x0000029bea7bfb20 GCTaskThread "GC Thread#2" [stack: 0x000000f4a8600000,0x000000f4a8700000] [id=16936]
  0x0000029bea7cdfd0 GCTaskThread "GC Thread#3" [stack: 0x000000f4a8700000,0x000000f4a8800000] [id=22784]
  0x0000029bca7fd2f0 ConcurrentGCThread "G1 Main Marker" [stack: 0x000000f4a7300000,0x000000f4a7400000] [id=20752]
  0x0000029bca7fdd10 ConcurrentGCThread "G1 Conc#0" [stack: 0x000000f4a7400000,0x000000f4a7500000] [id=17176]
  0x0000029bca855670 ConcurrentGCThread "G1 Refine#0" [stack: 0x000000f4a7500000,0x000000f4a7600000] [id=7956]
  0x0000029bea5869a0 ConcurrentGCThread "G1 Refine#1" [stack: 0x000000f4a8800000,0x000000f4a8900000] [id=14360]
  0x0000029beab906d0 ConcurrentGCThread "G1 Refine#2" [stack: 0x000000f4a8900000,0x000000f4a8a00000] [id=20464]
  0x0000029bea597b70 ConcurrentGCThread "G1 Refine#3" [stack: 0x000000f4a8c00000,0x000000f4a8d00000] [id=25408]
  0x0000029be5c40200 ConcurrentGCThread "G1 Service" [stack: 0x000000f4a7600000,0x000000f4a7700000] [id=17288]

Threads with active compile tasks:
C2 CompilerThread0     8931 1857 %     4       com.android.tools.r8.internal.vd::a @ 197 (4363 bytes)
C2 CompilerThread1     8931 1912   !   4       com.android.tools.r8.graph.h4::c (814 bytes)

VM state: not at safepoint (normal execution)

VM Mutex/Monitor currently owned by a thread: None

Heap address: 0x00000000c0000000, size: 1024 MB, Compressed Oops mode: 32-bit

CDS archive(s) mapped at: [0x0000029b80000000-0x0000029b80bb0000-0x0000029b80bb0000), size 12255232, SharedBaseAddress: 0x0000029b80000000, ArchiveRelocationMode: 1.
Compressed class space mapped at: 0x0000029b81000000-0x0000029bc1000000, reserved size: 1073741824
Narrow klass base: 0x0000029b80000000, Narrow klass shift: 0, Narrow klass range: 0x100000000

GC Precious Log:
 CPUs: 4 total, 4 available
 Memory: 8073M
 Large Page Support: Disabled
 NUMA Support: Disabled
 Compressed Oops: Enabled (32-bit)
 Heap Region Size: 1M
 Heap Min Capacity: 8M
 Heap Initial Capacity: 128M
 Heap Max Capacity: 1G
 Pre-touch: Disabled
 Parallel Workers: 4
 Concurrent Workers: 1
 Concurrent Refinement Workers: 4
 Periodic GC: Disabled

Heap:
 garbage-first heap   total 176128K, used 105422K [0x00000000c0000000, 0x0000000100000000)
  region size 1024K, 12 young (12288K), 6 survivors (6144K)
 Metaspace       used 7457K, committed 7680K, reserved 1114112K
  class space    used 854K, committed 960K, reserved 1048576K

Heap Regions: E=young(eden), S=young(survivor), O=old, HS=humongous(starts), HC=humongous(continues), CS=collection set, F=free, OA=open archive, CA=closed archive, TAMS=top-at-mark-start (previous, next)
|   0|0x00000000c0000000, 0x00000000c0100000, 0x00000000c0100000|100%|HS|  |TAMS 0x00000000c0100000, 0x00000000c0100000| Complete 
|   1|0x00000000c0100000, 0x00000000c0200000, 0x00000000c0200000|100%| O|  |TAMS 0x00000000c0200000, 0x00000000c0200000| Untracked 
|   2|0x00000000c0200000, 0x00000000c0300000, 0x00000000c0300000|100%| O|  |TAMS 0x00000000c0200000, 0x00000000c0300000| Untracked 
|   3|0x00000000c0300000, 0x00000000c0400000, 0x00000000c0400000|100%| O|  |TAMS 0x00000000c0400000, 0x00000000c0400000| Untracked 
|   4|0x00000000c0400000, 0x00000000c0500000, 0x00000000c0500000|100%| O|  |TAMS 0x00000000c0400000, 0x00000000c0500000| Untracked 
|   5|0x00000000c0500000, 0x00000000c0600000, 0x00000000c0600000|100%| O|  |TAMS 0x00000000c0500000, 0x00000000c0600000| Untracked 
|   6|0x00000000c0600000, 0x00000000c0700000, 0x00000000c0700000|100%| O|  |TAMS 0x00000000c0700000, 0x00000000c0700000| Untracked 
|   7|0x00000000c0700000, 0x00000000c0800000, 0x00000000c0800000|100%| O|  |TAMS 0x00000000c0800000, 0x00000000c0800000| Untracked 
|   8|0x00000000c0800000, 0x00000000c0900000, 0x00000000c0900000|100%| O|  |TAMS 0x00000000c0900000, 0x00000000c0900000| Untracked 
|   9|0x00000000c0900000, 0x00000000c0a00000, 0x00000000c0a00000|100%| O|  |TAMS 0x00000000c0a00000, 0x00000000c0a00000| Untracked 
|  10|0x00000000c0a00000, 0x00000000c0b00000, 0x00000000c0b00000|100%| O|  |TAMS 0x00000000c0b00000, 0x00000000c0b00000| Untracked 
|  11|0x00000000c0b00000, 0x00000000c0c00000, 0x00000000c0c00000|100%| O|  |TAMS 0x00000000c0c00000, 0x00000000c0c00000| Untracked 
|  12|0x00000000c0c00000, 0x00000000c0d00000, 0x00000000c0d00000|100%|HS|  |TAMS 0x00000000c0d00000, 0x00000000c0d00000| Complete 
|  13|0x00000000c0d00000, 0x00000000c0e00000, 0x00000000c0e00000|100%|HC|  |TAMS 0x00000000c0e00000, 0x00000000c0e00000| Complete 
|  14|0x00000000c0e00000, 0x00000000c0f00000, 0x00000000c0f00000|100%| O|  |TAMS 0x00000000c0f00000, 0x00000000c0f00000| Untracked 
|  15|0x00000000c0f00000, 0x00000000c1000000, 0x00000000c1000000|100%| O|  |TAMS 0x00000000c1000000, 0x00000000c1000000| Untracked 
|  16|0x00000000c1000000, 0x00000000c1100000, 0x00000000c1100000|100%| O|  |TAMS 0x00000000c1100000, 0x00000000c1100000| Untracked 
|  17|0x00000000c1100000, 0x00000000c1200000, 0x00000000c1200000|100%| O|  |TAMS 0x00000000c1200000, 0x00000000c1200000| Untracked 
|  18|0x00000000c1200000, 0x00000000c1300000, 0x00000000c1300000|100%| O|  |TAMS 0x00000000c1200000, 0x00000000c1300000| Untracked 
|  19|0x00000000c1300000, 0x00000000c1400000, 0x00000000c1400000|100%| O|  |TAMS 0x00000000c1300000, 0x00000000c1400000| Untracked 
|  20|0x00000000c1400000, 0x00000000c1500000, 0x00000000c1500000|100%| O|  |TAMS 0x00000000c1500000, 0x00000000c1500000| Untracked 
|  21|0x00000000c1500000, 0x00000000c1600000, 0x00000000c1600000|100%| O|  |TAMS 0x00000000c1600000, 0x00000000c1600000| Untracked 
|  22|0x00000000c1600000, 0x00000000c1700000, 0x00000000c1700000|100%| O|  |TAMS 0x00000000c1700000, 0x00000000c1700000| Untracked 
|  23|0x00000000c1700000, 0x00000000c1800000, 0x00000000c1800000|100%| O|  |TAMS 0x00000000c1800000, 0x00000000c1800000| Untracked 
|  24|0x00000000c1800000, 0x00000000c1900000, 0x00000000c1900000|100%| O|  |TAMS 0x00000000c1900000, 0x00000000c1900000| Untracked 
|  25|0x00000000c1900000, 0x00000000c1a00000, 0x00000000c1a00000|100%| O|  |TAMS 0x00000000c1a00000, 0x00000000c1a00000| Untracked 
|  26|0x00000000c1a00000, 0x00000000c1b00000, 0x00000000c1b00000|100%| O|  |TAMS 0x00000000c1b00000, 0x00000000c1b00000| Untracked 
|  27|0x00000000c1b00000, 0x00000000c1c00000, 0x00000000c1c00000|100%| O|  |TAMS 0x00000000c1c00000, 0x00000000c1c00000| Untracked 
|  28|0x00000000c1c00000, 0x00000000c1d00000, 0x00000000c1d00000|100%| O|  |TAMS 0x00000000c1d00000, 0x00000000c1d00000| Untracked 
|  29|0x00000000c1d00000, 0x00000000c1e00000, 0x00000000c1e00000|100%| O|  |TAMS 0x00000000c1e00000, 0x00000000c1e00000| Untracked 
|  30|0x00000000c1e00000, 0x00000000c1f00000, 0x00000000c1f00000|100%| O|  |TAMS 0x00000000c1f00000, 0x00000000c1f00000| Untracked 
|  31|0x00000000c1f00000, 0x00000000c2000000, 0x00000000c2000000|100%| O|  |TAMS 0x00000000c2000000, 0x00000000c2000000| Untracked 
|  32|0x00000000c2000000, 0x00000000c2100000, 0x00000000c2100000|100%| O|  |TAMS 0x00000000c2100000, 0x00000000c2100000| Untracked 
|  33|0x00000000c2100000, 0x00000000c2200000, 0x00000000c2200000|100%| O|  |TAMS 0x00000000c2200000, 0x00000000c2200000| Untracked 
|  34|0x00000000c2200000, 0x00000000c2300000, 0x00000000c2300000|100%| O|  |TAMS 0x00000000c2300000, 0x00000000c2300000| Untracked 
|  35|0x00000000c2300000, 0x00000000c2400000, 0x00000000c2400000|100%| O|  |TAMS 0x00000000c2400000, 0x00000000c2400000| Untracked 
|  36|0x00000000c2400000, 0x00000000c2500000, 0x00000000c2500000|100%| O|  |TAMS 0x00000000c2500000, 0x00000000c2500000| Untracked 
|  37|0x00000000c2500000, 0x00000000c2600000, 0x00000000c2600000|100%| O|  |TAMS 0x00000000c2600000, 0x00000000c2600000| Untracked 
|  38|0x00000000c2600000, 0x00000000c2700000, 0x00000000c2700000|100%| O|  |TAMS 0x00000000c2700000, 0x00000000c2700000| Untracked 
|  39|0x00000000c2700000, 0x00000000c2800000, 0x00000000c2800000|100%| O|  |TAMS 0x00000000c2800000, 0x00000000c2800000| Untracked 
|  40|0x00000000c2800000, 0x00000000c2900000, 0x00000000c2900000|100%| O|  |TAMS 0x00000000c2900000, 0x00000000c2900000| Untracked 
|  41|0x00000000c2900000, 0x00000000c2a00000, 0x00000000c2a00000|100%| O|  |TAMS 0x00000000c2a00000, 0x00000000c2a00000| Untracked 
|  42|0x00000000c2a00000, 0x00000000c2b00000, 0x00000000c2b00000|100%| O|  |TAMS 0x00000000c2b00000, 0x00000000c2b00000| Untracked 
|  43|0x00000000c2b00000, 0x00000000c2c00000, 0x00000000c2c00000|100%| O|  |TAMS 0x00000000c2c00000, 0x00000000c2c00000| Untracked 
|  44|0x00000000c2c00000, 0x00000000c2d00000, 0x00000000c2d00000|100%| O|  |TAMS 0x00000000c2d00000, 0x00000000c2d00000| Untracked 
|  45|0x00000000c2d00000, 0x00000000c2e00000, 0x00000000c2e00000|100%| O|  |TAMS 0x00000000c2e00000, 0x00000000c2e00000| Untracked 
|  46|0x00000000c2e00000, 0x00000000c2f00000, 0x00000000c2f00000|100%| O|  |TAMS 0x00000000c2e00000, 0x00000000c2f00000| Untracked 
|  47|0x00000000c2f00000, 0x00000000c3000000, 0x00000000c3000000|100%| O|  |TAMS 0x00000000c2f00000, 0x00000000c3000000| Untracked 
|  48|0x00000000c3000000, 0x00000000c3100000, 0x00000000c3100000|100%|HS|  |TAMS 0x00000000c3100000, 0x00000000c3100000| Complete 
|  49|0x00000000c3100000, 0x00000000c3200000, 0x00000000c3200000|100%| O|  |TAMS 0x00000000c3200000, 0x00000000c3200000| Untracked 
|  50|0x00000000c3200000, 0x00000000c3300000, 0x00000000c3300000|100%| O|  |TAMS 0x00000000c3300000, 0x00000000c3300000| Untracked 
|  51|0x00000000c3300000, 0x00000000c3400000, 0x00000000c3400000|100%| O|  |TAMS 0x00000000c3400000, 0x00000000c3400000| Untracked 
|  52|0x00000000c3400000, 0x00000000c3500000, 0x00000000c3500000|100%| O|  |TAMS 0x00000000c3500000, 0x00000000c3500000| Untracked 
|  53|0x00000000c3500000, 0x00000000c3600000, 0x00000000c3600000|100%| O|  |TAMS 0x00000000c3600000, 0x00000000c3600000| Untracked 
|  54|0x00000000c3600000, 0x00000000c3700000, 0x00000000c3700000|100%| O|  |TAMS 0x00000000c3700000, 0x00000000c3700000| Untracked 
|  55|0x00000000c3700000, 0x00000000c3800000, 0x00000000c3800000|100%| O|  |TAMS 0x00000000c3800000, 0x00000000c3800000| Untracked 
|  56|0x00000000c3800000, 0x00000000c3900000, 0x00000000c3900000|100%| O|  |TAMS 0x00000000c3900000, 0x00000000c3900000| Untracked 
|  57|0x00000000c3900000, 0x00000000c3a00000, 0x00000000c3a00000|100%| O|  |TAMS 0x00000000c3a00000, 0x00000000c3a00000| Untracked 
|  58|0x00000000c3a00000, 0x00000000c3b00000, 0x00000000c3b00000|100%| O|  |TAMS 0x00000000c3b00000, 0x00000000c3b00000| Untracked 
|  59|0x00000000c3b00000, 0x00000000c3c00000, 0x00000000c3c00000|100%| O|  |TAMS 0x00000000c3b00000, 0x00000000c3c00000| Untracked 
|  60|0x00000000c3c00000, 0x00000000c3d00000, 0x00000000c3d00000|100%| O|  |TAMS 0x00000000c3c00000, 0x00000000c3d00000| Untracked 
|  61|0x00000000c3d00000, 0x00000000c3e00000, 0x00000000c3e00000|100%| O|  |TAMS 0x00000000c3d00000, 0x00000000c3e00000| Untracked 
|  62|0x00000000c3e00000, 0x00000000c3f00000, 0x00000000c3f00000|100%| O|  |TAMS 0x00000000c3e00000, 0x00000000c3f00000| Untracked 
|  63|0x00000000c3f00000, 0x00000000c4000000, 0x00000000c4000000|100%| O|  |TAMS 0x00000000c3f00000, 0x00000000c4000000| Untracked 
|  64|0x00000000c4000000, 0x00000000c4100000, 0x00000000c4100000|100%| O|  |TAMS 0x00000000c4000000, 0x00000000c4100000| Untracked 
|  65|0x00000000c4100000, 0x00000000c4200000, 0x00000000c4200000|100%| O|  |TAMS 0x00000000c4100000, 0x00000000c4200000| Untracked 
|  66|0x00000000c4200000, 0x00000000c4300000, 0x00000000c4300000|100%| O|  |TAMS 0x00000000c4200000, 0x00000000c4300000| Untracked 
|  67|0x00000000c4300000, 0x00000000c4400000, 0x00000000c4400000|100%| O|  |TAMS 0x00000000c4300000, 0x00000000c4400000| Untracked 
|  68|0x00000000c4400000, 0x00000000c4500000, 0x00000000c4500000|100%| O|  |TAMS 0x00000000c4400000, 0x00000000c4500000| Untracked 
|  69|0x00000000c4500000, 0x00000000c4600000, 0x00000000c4600000|100%| O|  |TAMS 0x00000000c4500000, 0x00000000c4600000| Untracked 
|  70|0x00000000c4600000, 0x00000000c4700000, 0x00000000c4700000|100%| O|  |TAMS 0x00000000c4600000, 0x00000000c4700000| Untracked 
|  71|0x00000000c4700000, 0x00000000c4800000, 0x00000000c4800000|100%| O|  |TAMS 0x00000000c4700000, 0x00000000c4800000| Untracked 
|  72|0x00000000c4800000, 0x00000000c4900000, 0x00000000c4900000|100%| O|  |TAMS 0x00000000c4800000, 0x00000000c4900000| Untracked 
|  73|0x00000000c4900000, 0x00000000c4a00000, 0x00000000c4a00000|100%| O|  |TAMS 0x00000000c4900000, 0x00000000c4a00000| Untracked 
|  74|0x00000000c4a00000, 0x00000000c4b00000, 0x00000000c4b00000|100%| O|  |TAMS 0x00000000c4a00000, 0x00000000c4b00000| Untracked 
|  75|0x00000000c4b00000, 0x00000000c4c00000, 0x00000000c4c00000|100%| O|  |TAMS 0x00000000c4b00000, 0x00000000c4c00000| Untracked 
|  76|0x00000000c4c00000, 0x00000000c4d00000, 0x00000000c4d00000|100%| O|  |TAMS 0x00000000c4c00000, 0x00000000c4d00000| Untracked 
|  77|0x00000000c4d00000, 0x00000000c4e00000, 0x00000000c4e00000|100%| O|  |TAMS 0x00000000c4d00000, 0x00000000c4e00000| Untracked 
|  78|0x00000000c4e00000, 0x00000000c4f00000, 0x00000000c4f00000|100%| O|  |TAMS 0x00000000c4e00000, 0x00000000c4f00000| Untracked 
|  79|0x00000000c4f00000, 0x00000000c5000000, 0x00000000c5000000|100%| O|  |TAMS 0x00000000c4f00000, 0x00000000c5000000| Untracked 
|  80|0x00000000c5000000, 0x00000000c5100000, 0x00000000c5100000|100%| O|  |TAMS 0x00000000c5000000, 0x00000000c5100000| Untracked 
|  81|0x00000000c5100000, 0x00000000c5200000, 0x00000000c5200000|100%| O|  |TAMS 0x00000000c5100000, 0x00000000c5143000| Untracked 
|  82|0x00000000c5200000, 0x00000000c5300000, 0x00000000c5300000|100%| O|  |TAMS 0x00000000c5200000, 0x00000000c5200000| Untracked 
|  83|0x00000000c5300000, 0x00000000c5400000, 0x00000000c5400000|100%| O|  |TAMS 0x00000000c5300000, 0x00000000c5300000| Untracked 
|  84|0x00000000c5400000, 0x00000000c5500000, 0x00000000c5500000|100%| O|  |TAMS 0x00000000c5400000, 0x00000000c5400000| Untracked 
|  85|0x00000000c5500000, 0x00000000c5600000, 0x00000000c5600000|100%| O|  |TAMS 0x00000000c5500000, 0x00000000c5500000| Untracked 
|  86|0x00000000c5600000, 0x00000000c5700000, 0x00000000c5700000|100%| O|  |TAMS 0x00000000c5600000, 0x00000000c5600000| Untracked 
|  87|0x00000000c5700000, 0x00000000c5800000, 0x00000000c5800000|100%| O|  |TAMS 0x00000000c5700000, 0x00000000c5700000| Untracked 
|  88|0x00000000c5800000, 0x00000000c5900000, 0x00000000c5900000|100%| O|  |TAMS 0x00000000c5800000, 0x00000000c5800000| Untracked 
|  89|0x00000000c5900000, 0x00000000c5a00000, 0x00000000c5a00000|100%| O|  |TAMS 0x00000000c5900000, 0x00000000c5900000| Untracked 
|  90|0x00000000c5a00000, 0x00000000c5b00000, 0x00000000c5b00000|100%| O|  |TAMS 0x00000000c5a00000, 0x00000000c5a00000| Untracked 
|  91|0x00000000c5b00000, 0x00000000c5bf3800, 0x00000000c5c00000| 95%| O|  |TAMS 0x00000000c5b00000, 0x00000000c5b00000| Untracked 
|  92|0x00000000c5c00000, 0x00000000c5c00000, 0x00000000c5d00000|  0%| F|  |TAMS 0x00000000c5c00000, 0x00000000c5c00000| Untracked 
|  93|0x00000000c5d00000, 0x00000000c5d00000, 0x00000000c5e00000|  0%| F|  |TAMS 0x00000000c5d00000, 0x00000000c5d00000| Untracked 
|  94|0x00000000c5e00000, 0x00000000c5e00000, 0x00000000c5f00000|  0%| F|  |TAMS 0x00000000c5e00000, 0x00000000c5e00000| Untracked 
|  95|0x00000000c5f00000, 0x00000000c5f00000, 0x00000000c6000000|  0%| F|  |TAMS 0x00000000c5f00000, 0x00000000c5f00000| Untracked 
|  96|0x00000000c6000000, 0x00000000c6000000, 0x00000000c6100000|  0%| F|  |TAMS 0x00000000c6000000, 0x00000000c6000000| Untracked 
|  97|0x00000000c6100000, 0x00000000c6100000, 0x00000000c6200000|  0%| F|  |TAMS 0x00000000c6100000, 0x00000000c6100000| Untracked 
|  98|0x00000000c6200000, 0x00000000c6200000, 0x00000000c6300000|  0%| F|  |TAMS 0x00000000c6200000, 0x00000000c6200000| Untracked 
|  99|0x00000000c6300000, 0x00000000c6300000, 0x00000000c6400000|  0%| F|  |TAMS 0x00000000c6300000, 0x00000000c6300000| Untracked 
| 100|0x00000000c6400000, 0x00000000c6400000, 0x00000000c6500000|  0%| F|  |TAMS 0x00000000c6400000, 0x00000000c6400000| Untracked 
| 101|0x00000000c6500000, 0x00000000c6500000, 0x00000000c6600000|  0%| F|  |TAMS 0x00000000c6500000, 0x00000000c6500000| Untracked 
| 102|0x00000000c6600000, 0x00000000c6600000, 0x00000000c6700000|  0%| F|  |TAMS 0x00000000c6600000, 0x00000000c6600000| Untracked 
| 103|0x00000000c6700000, 0x00000000c6700000, 0x00000000c6800000|  0%| F|  |TAMS 0x00000000c6700000, 0x00000000c6700000| Untracked 
| 104|0x00000000c6800000, 0x00000000c6800000, 0x00000000c6900000|  0%| F|  |TAMS 0x00000000c6800000, 0x00000000c6800000| Untracked 
| 105|0x00000000c6900000, 0x00000000c6900000, 0x00000000c6a00000|  0%| F|  |TAMS 0x00000000c6900000, 0x00000000c6900000| Untracked 
| 106|0x00000000c6a00000, 0x00000000c6a00000, 0x00000000c6b00000|  0%| F|  |TAMS 0x00000000c6a00000, 0x00000000c6a00000| Untracked 
| 107|0x00000000c6b00000, 0x00000000c6b00000, 0x00000000c6c00000|  0%| F|  |TAMS 0x00000000c6b00000, 0x00000000c6b00000| Untracked 
| 108|0x00000000c6c00000, 0x00000000c6c00000, 0x00000000c6d00000|  0%| F|  |TAMS 0x00000000c6c00000, 0x00000000c6c00000| Untracked 
| 109|0x00000000c6d00000, 0x00000000c6d00000, 0x00000000c6e00000|  0%| F|  |TAMS 0x00000000c6d00000, 0x00000000c6d00000| Untracked 
| 110|0x00000000c6e00000, 0x00000000c6e00000, 0x00000000c6f00000|  0%| F|  |TAMS 0x00000000c6e00000, 0x00000000c6e00000| Untracked 
| 111|0x00000000c6f00000, 0x00000000c6f00000, 0x00000000c7000000|  0%| F|  |TAMS 0x00000000c6f00000, 0x00000000c6f00000| Untracked 
| 112|0x00000000c7000000, 0x00000000c7000000, 0x00000000c7100000|  0%| F|  |TAMS 0x00000000c7000000, 0x00000000c7000000| Untracked 
| 113|0x00000000c7100000, 0x00000000c7100000, 0x00000000c7200000|  0%| F|  |TAMS 0x00000000c7100000, 0x00000000c7100000| Untracked 
| 114|0x00000000c7200000, 0x00000000c7200000, 0x00000000c7300000|  0%| F|  |TAMS 0x00000000c7200000, 0x00000000c7200000| Untracked 
| 115|0x00000000c7300000, 0x00000000c7300000, 0x00000000c7400000|  0%| F|  |TAMS 0x00000000c7300000, 0x00000000c7300000| Untracked 
| 116|0x00000000c7400000, 0x00000000c7400000, 0x00000000c7500000|  0%| F|  |TAMS 0x00000000c7400000, 0x00000000c7400000| Untracked 
| 117|0x00000000c7500000, 0x00000000c7500000, 0x00000000c7600000|  0%| F|  |TAMS 0x00000000c7500000, 0x00000000c7500000| Untracked 
| 118|0x00000000c7600000, 0x00000000c7600000, 0x00000000c7700000|  0%| F|  |TAMS 0x00000000c7600000, 0x00000000c7600000| Untracked 
| 119|0x00000000c7700000, 0x00000000c7700000, 0x00000000c7800000|  0%| F|  |TAMS 0x00000000c7700000, 0x00000000c7700000| Untracked 
| 120|0x00000000c7800000, 0x00000000c7800000, 0x00000000c7900000|  0%| F|  |TAMS 0x00000000c7800000, 0x00000000c7800000| Untracked 
| 121|0x00000000c7900000, 0x00000000c7900000, 0x00000000c7a00000|  0%| F|  |TAMS 0x00000000c7900000, 0x00000000c7900000| Untracked 
| 122|0x00000000c7a00000, 0x00000000c7a00000, 0x00000000c7b00000|  0%| F|  |TAMS 0x00000000c7a00000, 0x00000000c7a00000| Untracked 
| 123|0x00000000c7b00000, 0x00000000c7b00000, 0x00000000c7c00000|  0%| F|  |TAMS 0x00000000c7b00000, 0x00000000c7b00000| Untracked 
| 124|0x00000000c7c00000, 0x00000000c7c00000, 0x00000000c7d00000|  0%| F|  |TAMS 0x00000000c7c00000, 0x00000000c7c00000| Untracked 
| 125|0x00000000c7d00000, 0x00000000c7d00000, 0x00000000c7e00000|  0%| F|  |TAMS 0x00000000c7d00000, 0x00000000c7d00000| Untracked 
| 126|0x00000000c7e00000, 0x00000000c7e00000, 0x00000000c7f00000|  0%| F|  |TAMS 0x00000000c7e00000, 0x00000000c7e00000| Untracked 
| 127|0x00000000c7f00000, 0x00000000c8000000, 0x00000000c8000000|100%| S|CS|TAMS 0x00000000c7f00000, 0x00000000c7f00000| Complete 
| 128|0x00000000c8000000, 0x00000000c8100000, 0x00000000c8100000|100%| S|CS|TAMS 0x00000000c8000000, 0x00000000c8000000| Complete 
| 129|0x00000000c8100000, 0x00000000c8200000, 0x00000000c8200000|100%| S|CS|TAMS 0x00000000c8100000, 0x00000000c8100000| Complete 
| 130|0x00000000c8200000, 0x00000000c8300000, 0x00000000c8300000|100%| S|CS|TAMS 0x00000000c8200000, 0x00000000c8200000| Complete 
| 131|0x00000000c8300000, 0x00000000c8400000, 0x00000000c8400000|100%| S|CS|TAMS 0x00000000c8300000, 0x00000000c8300000| Complete 
| 132|0x00000000c8400000, 0x00000000c8500000, 0x00000000c8500000|100%| S|CS|TAMS 0x00000000c8400000, 0x00000000c8400000| Complete 
| 133|0x00000000c8500000, 0x00000000c8500000, 0x00000000c8600000|  0%| F|  |TAMS 0x00000000c8500000, 0x00000000c8500000| Untracked 
| 134|0x00000000c8600000, 0x00000000c8600000, 0x00000000c8700000|  0%| F|  |TAMS 0x00000000c8600000, 0x00000000c8600000| Untracked 
| 135|0x00000000c8700000, 0x00000000c8700000, 0x00000000c8800000|  0%| F|  |TAMS 0x00000000c8700000, 0x00000000c8700000| Untracked 
| 136|0x00000000c8800000, 0x00000000c8800000, 0x00000000c8900000|  0%| F|  |TAMS 0x00000000c8800000, 0x00000000c8800000| Untracked 
| 137|0x00000000c8900000, 0x00000000c8900000, 0x00000000c8a00000|  0%| F|  |TAMS 0x00000000c8900000, 0x00000000c8900000| Untracked 
| 138|0x00000000c8a00000, 0x00000000c8a00000, 0x00000000c8b00000|  0%| F|  |TAMS 0x00000000c8a00000, 0x00000000c8a00000| Untracked 
| 139|0x00000000c8b00000, 0x00000000c8b00000, 0x00000000c8c00000|  0%| F|  |TAMS 0x00000000c8b00000, 0x00000000c8b00000| Untracked 
| 140|0x00000000c8c00000, 0x00000000c8c00000, 0x00000000c8d00000|  0%| F|  |TAMS 0x00000000c8c00000, 0x00000000c8c00000| Untracked 
| 141|0x00000000c8d00000, 0x00000000c8d00000, 0x00000000c8e00000|  0%| F|  |TAMS 0x00000000c8d00000, 0x00000000c8d00000| Untracked 
| 142|0x00000000c8e00000, 0x00000000c8e00000, 0x00000000c8f00000|  0%| F|  |TAMS 0x00000000c8e00000, 0x00000000c8e00000| Untracked 
| 143|0x00000000c8f00000, 0x00000000c8f00000, 0x00000000c9000000|  0%| F|  |TAMS 0x00000000c8f00000, 0x00000000c8f00000| Untracked 
| 144|0x00000000c9000000, 0x00000000c9000000, 0x00000000c9100000|  0%| F|  |TAMS 0x00000000c9000000, 0x00000000c9000000| Untracked 
| 145|0x00000000c9100000, 0x00000000c9100000, 0x00000000c9200000|  0%| F|  |TAMS 0x00000000c9100000, 0x00000000c9100000| Untracked 
| 146|0x00000000c9200000, 0x00000000c9200000, 0x00000000c9300000|  0%| F|  |TAMS 0x00000000c9200000, 0x00000000c9200000| Untracked 
| 147|0x00000000c9300000, 0x00000000c9300000, 0x00000000c9400000|  0%| F|  |TAMS 0x00000000c9300000, 0x00000000c9300000| Untracked 
| 148|0x00000000c9400000, 0x00000000c9400000, 0x00000000c9500000|  0%| F|  |TAMS 0x00000000c9400000, 0x00000000c9400000| Untracked 
| 149|0x00000000c9500000, 0x00000000c9500000, 0x00000000c9600000|  0%| F|  |TAMS 0x00000000c9500000, 0x00000000c9500000| Untracked 
| 150|0x00000000c9600000, 0x00000000c9600000, 0x00000000c9700000|  0%| F|  |TAMS 0x00000000c9600000, 0x00000000c9600000| Untracked 
| 151|0x00000000c9700000, 0x00000000c9700000, 0x00000000c9800000|  0%| F|  |TAMS 0x00000000c9700000, 0x00000000c9700000| Untracked 
| 152|0x00000000c9800000, 0x00000000c9800000, 0x00000000c9900000|  0%| F|  |TAMS 0x00000000c9800000, 0x00000000c9800000| Untracked 
| 153|0x00000000c9900000, 0x00000000c9900000, 0x00000000c9a00000|  0%| F|  |TAMS 0x00000000c9900000, 0x00000000c9900000| Untracked 
| 154|0x00000000c9a00000, 0x00000000c9a00000, 0x00000000c9b00000|  0%| F|  |TAMS 0x00000000c9a00000, 0x00000000c9a00000| Untracked 
| 155|0x00000000c9b00000, 0x00000000c9b00000, 0x00000000c9c00000|  0%| F|  |TAMS 0x00000000c9b00000, 0x00000000c9b00000| Untracked 
| 156|0x00000000c9c00000, 0x00000000c9c00000, 0x00000000c9d00000|  0%| F|  |TAMS 0x00000000c9c00000, 0x00000000c9c00000| Untracked 
| 157|0x00000000c9d00000, 0x00000000c9d00000, 0x00000000c9e00000|  0%| F|  |TAMS 0x00000000c9d00000, 0x00000000c9d00000| Untracked 
| 158|0x00000000c9e00000, 0x00000000c9e00000, 0x00000000c9f00000|  0%| F|  |TAMS 0x00000000c9e00000, 0x00000000c9e00000| Untracked 
| 159|0x00000000c9f00000, 0x00000000c9f00000, 0x00000000ca000000|  0%| F|  |TAMS 0x00000000c9f00000, 0x00000000c9f00000| Untracked 
| 160|0x00000000ca000000, 0x00000000ca000000, 0x00000000ca100000|  0%| F|  |TAMS 0x00000000ca000000, 0x00000000ca000000| Untracked 
| 161|0x00000000ca100000, 0x00000000ca100000, 0x00000000ca200000|  0%| F|  |TAMS 0x00000000ca100000, 0x00000000ca100000| Untracked 
| 162|0x00000000ca200000, 0x00000000ca200000, 0x00000000ca300000|  0%| F|  |TAMS 0x00000000ca200000, 0x00000000ca200000| Untracked 
| 163|0x00000000ca300000, 0x00000000ca300000, 0x00000000ca400000|  0%| F|  |TAMS 0x00000000ca300000, 0x00000000ca300000| Untracked 
| 164|0x00000000ca400000, 0x00000000ca400000, 0x00000000ca500000|  0%| F|  |TAMS 0x00000000ca400000, 0x00000000ca400000| Untracked 
| 165|0x00000000ca500000, 0x00000000ca500000, 0x00000000ca600000|  0%| F|  |TAMS 0x00000000ca500000, 0x00000000ca500000| Untracked 
| 166|0x00000000ca600000, 0x00000000ca6b6df0, 0x00000000ca700000| 71%| E|  |TAMS 0x00000000ca600000, 0x00000000ca600000| Complete 
| 167|0x00000000ca700000, 0x00000000ca800000, 0x00000000ca800000|100%| E|CS|TAMS 0x00000000ca700000, 0x00000000ca700000| Complete 
| 168|0x00000000ca800000, 0x00000000ca900000, 0x00000000ca900000|100%| E|CS|TAMS 0x00000000ca800000, 0x00000000ca800000| Complete 
| 169|0x00000000ca900000, 0x00000000caa00000, 0x00000000caa00000|100%| E|CS|TAMS 0x00000000ca900000, 0x00000000ca900000| Complete 
| 170|0x00000000caa00000, 0x00000000cab00000, 0x00000000cab00000|100%| E|CS|TAMS 0x00000000caa00000, 0x00000000caa00000| Complete 
| 171|0x00000000cab00000, 0x00000000cac00000, 0x00000000cac00000|100%| E|CS|TAMS 0x00000000cab00000, 0x00000000cab00000| Complete 

Card table byte_map: [0x0000029be14f0000,0x0000029be16f0000] _byte_map_base: 0x0000029be0ef0000

Marking Bits (Prev, Next): (CMBitMap*) 0x0000029bca7f4a00, (CMBitMap*) 0x0000029bca7f49c0
 Prev Bits: [0x0000029be28f0000, 0x0000029be38f0000)
 Next Bits: [0x0000029be18f0000, 0x0000029be28f0000)

Polling page: 0x0000029bc8570000

Metaspace:

Usage:
  Non-class:      6.45 MB used.
      Class:    854.12 KB used.
       Both:      7.28 MB used.

Virtual space:
  Non-class space:       64.00 MB reserved,       6.56 MB ( 10%) committed,  1 nodes.
      Class space:        1.00 GB reserved,     960.00 KB ( <1%) committed,  1 nodes.
             Both:        1.06 GB reserved,       7.50 MB ( <1%) committed. 

Chunk freelists:
   Non-Class:  8.53 MB
       Class:  14.91 MB
        Both:  23.45 MB

MaxMetaspaceSize: unlimited
CompressedClassSpaceSize: 1.00 GB
Initial GC threshold: 21.00 MB
Current GC threshold: 21.00 MB
CDS: on
MetaspaceReclaimPolicy: balanced
 - commit_granule_bytes: 65536.
 - commit_granule_words: 8192.
 - virtual_space_node_default_size: 8388608.
 - enlarge_chunks_in_place: 1.
 - new_chunks_are_fully_committed: 0.
 - uncommit_free_chunks: 1.
 - use_allocation_guard: 0.
 - handle_deallocations: 1.


Internal statistics:

num_allocs_failed_limit: 0.
num_arena_births: 82.
num_arena_deaths: 0.
num_vsnodes_births: 2.
num_vsnodes_deaths: 0.
num_space_committed: 120.
num_space_uncommitted: 0.
num_chunks_returned_to_freelist: 0.
num_chunks_taken_from_freelist: 292.
num_chunk_merges: 0.
num_chunk_splits: 187.
num_chunks_enlarged: 135.
num_inconsistent_stats: 0.

CodeHeap 'non-profiled nmethods': size=120000Kb used=1271Kb max_used=1271Kb free=118728Kb
 bounds [0x0000029bd9dc0000, 0x0000029bda030000, 0x0000029be12f0000]
CodeHeap 'profiled nmethods': size=120000Kb used=3729Kb max_used=3729Kb free=116271Kb
 bounds [0x0000029bd22f0000, 0x0000029bd26a0000, 0x0000029bd9820000]
CodeHeap 'non-nmethods': size=5760Kb used=1156Kb max_used=1215Kb free=4603Kb
 bounds [0x0000029bd9820000, 0x0000029bd9a90000, 0x0000029bd9dc0000]
 total_blobs=2354 nmethods=1911 adapters=356
 compilation: enabled
              stopped_count=0, restarted_count=0
 full_count=0

Compilation events (20 events):
Event: 8.626 Thread 0x0000029be5d9b140 1921       2       com.android.tools.r8.graph.f4::a (89 bytes)
Event: 8.627 Thread 0x0000029be5d9b140 nmethod 1921 0x0000029bd2688f90 code [0x0000029bd2689160, 0x0000029bd2689528]
Event: 8.629 Thread 0x0000029be5d9b140 1922       2       com.android.tools.r8.graph.L4::b (157 bytes)
Event: 8.630 Thread 0x0000029be5d9b140 nmethod 1922 0x0000029bd2689710 code [0x0000029bd2689960, 0x0000029bd268a118]
Event: 8.633 Thread 0x0000029be5d9b140 1924       2       com.android.tools.r8.internal.n10::<init> (41 bytes)
Event: 8.633 Thread 0x0000029be5d9b140 nmethod 1924 0x0000029bd268a590 code [0x0000029bd268a720, 0x0000029bd268a8b8]
Event: 8.646 Thread 0x0000029be5d9b140 1926       2       com.android.tools.r8.graph.F3::<init> (35 bytes)
Event: 8.646 Thread 0x0000029be5d9b140 nmethod 1926 0x0000029bd268a990 code [0x0000029bd268ab40, 0x0000029bd268aed8]
Event: 8.646 Thread 0x0000029be5d9b140 1927       2       com.android.tools.r8.graph.F3::a (150 bytes)
Event: 8.647 Thread 0x0000029be5d9b140 nmethod 1927 0x0000029bd268af90 code [0x0000029bd268b140, 0x0000029bd268b428]
Event: 8.648 Thread 0x0000029be5d9b140 1928       2       com.android.tools.r8.graph.r0::a (124 bytes)
Event: 8.648 Thread 0x0000029be5d9b140 nmethod 1928 0x0000029bd268b590 code [0x0000029bd268b7c0, 0x0000029bd268c2f8]
Event: 8.681 Thread 0x0000029be5d9b140 1930       2       com.android.tools.r8.graph.L4::a (160 bytes)
Event: 8.682 Thread 0x0000029be5d9b140 nmethod 1930 0x0000029bd268c710 code [0x0000029bd268c960, 0x0000029bd268d118]
Event: 8.737 Thread 0x0000029be5d9b140 1932       2       com.android.tools.r8.graph.L4::g (64 bytes)
Event: 8.738 Thread 0x0000029be5d9b140 nmethod 1932 0x0000029bd268d590 code [0x0000029bd268d780, 0x0000029bd268dab8]
Event: 8.772 Thread 0x0000029be5d9b140 1933   !   2       java.lang.Class::desiredAssertionStatus (54 bytes)
Event: 8.772 Thread 0x0000029be5d9b140 nmethod 1933 0x0000029bd268dc90 code [0x0000029bd268de60, 0x0000029bd268e178]
Event: 8.780 Thread 0x0000029be5d9b140 1934   !   3       com.android.tools.r8.graph.g4::a (581 bytes)
Event: 8.789 Thread 0x0000029be5d9b140 nmethod 1934 0x0000029bd268e310 code [0x0000029bd268e9a0, 0x0000029bd26924e8]

GC Heap History (20 events):
Event: 3.564 GC heap before
{Heap before GC invocations=2 (full 0):
 garbage-first heap   total 131072K, used 29305K [0x00000000c0000000, 0x0000000100000000)
  region size 1024K, 14 young (14336K), 1 survivors (1024K)
 Metaspace       used 5070K, committed 5248K, reserved 1114112K
  class space    used 552K, committed 640K, reserved 1048576K
}
Event: 3.574 GC heap after
{Heap after GC invocations=3 (full 0):
 garbage-first heap   total 131072K, used 19456K [0x00000000c0000000, 0x0000000100000000)
  region size 1024K, 2 young (2048K), 2 survivors (2048K)
 Metaspace       used 5070K, committed 5248K, reserved 1114112K
  class space    used 552K, committed 640K, reserved 1048576K
}
Event: 4.274 GC heap before
{Heap before GC invocations=3 (full 0):
 garbage-first heap   total 131072K, used 41984K [0x00000000c0000000, 0x0000000100000000)
  region size 1024K, 22 young (22528K), 2 survivors (2048K)
 Metaspace       used 5754K, committed 5888K, reserved 1114112K
  class space    used 646K, committed 704K, reserved 1048576K
}
Event: 4.283 GC heap after
{Heap after GC invocations=4 (full 0):
 garbage-first heap   total 131072K, used 25069K [0x00000000c0000000, 0x0000000100000000)
  region size 1024K, 3 young (3072K), 3 survivors (3072K)
 Metaspace       used 5754K, committed 5888K, reserved 1114112K
  class space    used 646K, committed 704K, reserved 1048576K
}
Event: 4.649 GC heap before
{Heap before GC invocations=4 (full 0):
 garbage-first heap   total 131072K, used 56813K [0x00000000c0000000, 0x0000000100000000)
  region size 1024K, 34 young (34816K), 3 survivors (3072K)
 Metaspace       used 5760K, committed 5888K, reserved 1114112K
  class space    used 646K, committed 704K, reserved 1048576K
}
Event: 4.659 GC heap after
{Heap after GC invocations=5 (full 0):
 garbage-first heap   total 131072K, used 33378K [0x00000000c0000000, 0x0000000100000000)
  region size 1024K, 5 young (5120K), 5 survivors (5120K)
 Metaspace       used 5760K, committed 5888K, reserved 1114112K
  class space    used 646K, committed 704K, reserved 1048576K
}
Event: 5.195 GC heap before
{Heap before GC invocations=5 (full 0):
 garbage-first heap   total 131072K, used 74338K [0x00000000c0000000, 0x0000000100000000)
  region size 1024K, 45 young (46080K), 5 survivors (5120K)
 Metaspace       used 5763K, committed 5888K, reserved 1114112K
  class space    used 646K, committed 704K, reserved 1048576K
}
Event: 5.210 GC heap after
{Heap after GC invocations=6 (full 0):
 garbage-first heap   total 131072K, used 44032K [0x00000000c0000000, 0x0000000100000000)
  region size 1024K, 6 young (6144K), 6 survivors (6144K)
 Metaspace       used 5763K, committed 5888K, reserved 1114112K
  class space    used 646K, committed 704K, reserved 1048576K
}
Event: 6.061 GC heap before
{Heap before GC invocations=6 (full 0):
 garbage-first heap   total 131072K, used 81920K [0x00000000c0000000, 0x0000000100000000)
  region size 1024K, 43 young (44032K), 6 survivors (6144K)
 Metaspace       used 5768K, committed 5888K, reserved 1114112K
  class space    used 646K, committed 704K, reserved 1048576K
}
Event: 6.069 GC heap after
{Heap after GC invocations=7 (full 0):
 garbage-first heap   total 131072K, used 54272K [0x00000000c0000000, 0x0000000100000000)
  region size 1024K, 6 young (6144K), 6 survivors (6144K)
 Metaspace       used 5768K, committed 5888K, reserved 1114112K
  class space    used 646K, committed 704K, reserved 1048576K
}
Event: 6.263 GC heap before
{Heap before GC invocations=7 (full 0):
 garbage-first heap   total 131072K, used 90112K [0x00000000c0000000, 0x0000000100000000)
  region size 1024K, 40 young (40960K), 6 survivors (6144K)
 Metaspace       used 5768K, committed 5888K, reserved 1114112K
  class space    used 646K, committed 704K, reserved 1048576K
}
Event: 6.273 GC heap after
{Heap after GC invocations=8 (full 0):
 garbage-first heap   total 131072K, used 64512K [0x00000000c0000000, 0x0000000100000000)
  region size 1024K, 5 young (5120K), 5 survivors (5120K)
 Metaspace       used 5768K, committed 5888K, reserved 1114112K
  class space    used 646K, committed 704K, reserved 1048576K
}
Event: 7.246 GC heap before
{Heap before GC invocations=8 (full 0):
 garbage-first heap   total 131072K, used 95232K [0x00000000c0000000, 0x0000000100000000)
  region size 1024K, 35 young (35840K), 5 survivors (5120K)
 Metaspace       used 7209K, committed 7360K, reserved 1114112K
  class space    used 831K, committed 896K, reserved 1048576K
}
Event: 7.258 GC heap after
{Heap after GC invocations=9 (full 0):
 garbage-first heap   total 131072K, used 72192K [0x00000000c0000000, 0x0000000100000000)
  region size 1024K, 5 young (5120K), 5 survivors (5120K)
 Metaspace       used 7209K, committed 7360K, reserved 1114112K
  class space    used 831K, committed 896K, reserved 1048576K
}
Event: 7.666 GC heap before
{Heap before GC invocations=10 (full 0):
 garbage-first heap   total 131072K, used 93696K [0x00000000c0000000, 0x0000000100000000)
  region size 1024K, 31 young (31744K), 5 survivors (5120K)
 Metaspace       used 7366K, committed 7616K, reserved 1114112K
  class space    used 847K, committed 960K, reserved 1048576K
}
Event: 7.693 GC heap after
{Heap after GC invocations=11 (full 0):
 garbage-first heap   total 131072K, used 75776K [0x00000000c0000000, 0x0000000100000000)
  region size 1024K, 4 young (4096K), 4 survivors (4096K)
 Metaspace       used 7366K, committed 7616K, reserved 1114112K
  class space    used 847K, committed 960K, reserved 1048576K
}
Event: 7.748 GC heap before
{Heap before GC invocations=11 (full 0):
 garbage-first heap   total 131072K, used 77824K [0x00000000c0000000, 0x0000000100000000)
  region size 1024K, 6 young (6144K), 4 survivors (4096K)
 Metaspace       used 7385K, committed 7616K, reserved 1114112K
  class space    used 847K, committed 960K, reserved 1048576K
}
Event: 7.761 GC heap after
{Heap after GC invocations=12 (full 0):
 garbage-first heap   total 176128K, used 76800K [0x00000000c0000000, 0x0000000100000000)
  region size 1024K, 1 young (1024K), 1 survivors (1024K)
 Metaspace       used 7385K, committed 7616K, reserved 1114112K
  class space    used 847K, committed 960K, reserved 1048576K
}
Event: 8.591 GC heap before
{Heap before GC invocations=12 (full 0):
 garbage-first heap   total 176128K, used 123904K [0x00000000c0000000, 0x0000000100000000)
  region size 1024K, 48 young (49152K), 1 survivors (1024K)
 Metaspace       used 7429K, committed 7616K, reserved 1114112K
  class space    used 850K, committed 960K, reserved 1048576K
}
Event: 8.610 GC heap after
{Heap after GC invocations=13 (full 0):
 garbage-first heap   total 176128K, used 89356K [0x00000000c0000000, 0x0000000100000000)
  region size 1024K, 6 young (6144K), 6 survivors (6144K)
 Metaspace       used 7429K, committed 7616K, reserved 1114112K
  class space    used 850K, committed 960K, reserved 1048576K
}

Dll operation events (7 events):
Event: 0.116 Loaded shared library C:\Program Files\Microsoft\jdk-17.0.15.6-hotspot\bin\java.dll
Event: 0.566 Loaded shared library C:\Program Files\Microsoft\jdk-17.0.15.6-hotspot\bin\jsvml.dll
Event: 0.754 Loaded shared library C:\Program Files\Microsoft\jdk-17.0.15.6-hotspot\bin\net.dll
Event: 0.757 Loaded shared library C:\Program Files\Microsoft\jdk-17.0.15.6-hotspot\bin\nio.dll
Event: 0.795 Loaded shared library C:\Program Files\Microsoft\jdk-17.0.15.6-hotspot\bin\zip.dll
Event: 1.799 Loaded shared library C:\Program Files\Microsoft\jdk-17.0.15.6-hotspot\bin\jimage.dll
Event: 6.578 Loaded shared library C:\Program Files\Microsoft\jdk-17.0.15.6-hotspot\bin\verify.dll

Deoptimization events (20 events):
Event: 7.914 Thread 0x0000029bea9b4700 Uncommon trap: trap_request=0xffffffde fr.pc=0x0000029bd9e84580 relative=0x0000000000000060
Event: 7.914 Thread 0x0000029bea9b4700 Uncommon trap: reason=class_check action=maybe_recompile pc=0x0000029bd9e84580 method=java.lang.invoke.Invokers$Holder.linkToTargetMethod(Ljava/lang/Object;Ljava/lang/Object;Ljava/lang/Object;)Ljava/lang/Object; @ 1 c2
Event: 7.914 Thread 0x0000029bea9b4700 DEOPT PACKING pc=0x0000029bd9e84580 sp=0x000000f4a8afdfb0
Event: 7.914 Thread 0x0000029bea9b4700 DEOPT UNPACKING pc=0x0000029bd98769a3 sp=0x000000f4a8afdf38 mode 2
Event: 7.999 Thread 0x0000029bea9b7e00 Uncommon trap: trap_request=0xffffff45 fr.pc=0x0000029bd9ea33fc relative=0x000000000000155c
Event: 7.999 Thread 0x0000029bea9b7e00 Uncommon trap: reason=unstable_if action=reinterpret pc=0x0000029bd9ea33fc method=java.util.concurrent.ConcurrentHashMap.computeIfAbsent(Ljava/lang/Object;Ljava/util/function/Function;)Ljava/lang/Object; @ 244 c2
Event: 7.999 Thread 0x0000029bea9b7e00 DEOPT PACKING pc=0x0000029bd9ea33fc sp=0x000000f4a84fe010
Event: 7.999 Thread 0x0000029bea9b7e00 DEOPT UNPACKING pc=0x0000029bd98769a3 sp=0x000000f4a84fdfa8 mode 2
Event: 8.117 Thread 0x0000029bea9b4700 Uncommon trap: trap_request=0xffffff45 fr.pc=0x0000029bd9ed5314 relative=0x0000000000000954
Event: 8.117 Thread 0x0000029bea9b4700 Uncommon trap: reason=unstable_if action=reinterpret pc=0x0000029bd9ed5314 method=com.android.tools.r8.internal.vd.a([CII)Ljava/lang/String; @ 66 c2
Event: 8.117 Thread 0x0000029bea9b4700 DEOPT PACKING pc=0x0000029bd9ed5314 sp=0x000000f4a8afe640
Event: 8.117 Thread 0x0000029bea9b4700 DEOPT UNPACKING pc=0x0000029bd98769a3 sp=0x000000f4a8afe570 mode 2
Event: 8.183 Thread 0x0000029bea9b7e00 Uncommon trap: trap_request=0xffffff45 fr.pc=0x0000029bd9ec707c relative=0x00000000000007bc
Event: 8.183 Thread 0x0000029bea9b7e00 Uncommon trap: reason=unstable_if action=reinterpret pc=0x0000029bd9ec707c method=com.android.tools.r8.internal.vd.a([CII)Ljava/lang/String; @ 66 c2
Event: 8.183 Thread 0x0000029bea9b7e00 DEOPT PACKING pc=0x0000029bd9ec707c sp=0x000000f4a84fe220
Event: 8.183 Thread 0x0000029bea9b7e00 DEOPT UNPACKING pc=0x0000029bd98769a3 sp=0x000000f4a84fe1d0 mode 2
Event: 8.778 Thread 0x0000029bea9b7e00 Uncommon trap: trap_request=0xffffff45 fr.pc=0x0000029bd9ef8b28 relative=0x0000000000003828
Event: 8.778 Thread 0x0000029bea9b7e00 Uncommon trap: reason=unstable_if action=reinterpret pc=0x0000029bd9ef8b28 method=com.android.tools.r8.graph.I2.a(Ljava/lang/String;)[B @ 36 c2
Event: 8.778 Thread 0x0000029bea9b7e00 DEOPT PACKING pc=0x0000029bd9ef8b28 sp=0x000000f4a84fe3c0
Event: 8.778 Thread 0x0000029bea9b7e00 DEOPT UNPACKING pc=0x0000029bd98769a3 sp=0x000000f4a84fe1e8 mode 2

Classes loaded (20 events):
Event: 4.098 Loading class java/util/concurrent/atomic/AtomicReference
Event: 4.102 Loading class java/util/concurrent/atomic/AtomicReference done
Event: 4.128 Loading class java/util/concurrent/ConcurrentLinkedQueue
Event: 4.128 Loading class java/util/AbstractQueue
Event: 4.129 Loading class java/util/AbstractQueue done
Event: 4.129 Loading class java/util/concurrent/ConcurrentLinkedQueue done
Event: 4.129 Loading class java/util/concurrent/ConcurrentLinkedQueue$Node
Event: 4.129 Loading class java/util/concurrent/ConcurrentLinkedQueue$Node done
Event: 6.507 Loading class java/util/concurrent/Callable
Event: 6.511 Loading class java/util/concurrent/Callable done
Event: 6.511 Loading class java/util/concurrent/ForkJoinTask$AdaptedCallable
Event: 6.512 Loading class java/util/concurrent/RunnableFuture
Event: 6.513 Loading class java/util/concurrent/RunnableFuture done
Event: 6.513 Loading class java/util/concurrent/ForkJoinTask$AdaptedCallable done
Event: 6.516 Loading class java/util/concurrent/ForkJoinPool$DefaultForkJoinWorkerThreadFactory$1
Event: 6.516 Loading class java/util/concurrent/ForkJoinPool$DefaultForkJoinWorkerThreadFactory$1 done
Event: 6.636 Loading class java/lang/reflect/GenericSignatureFormatError
Event: 6.640 Loading class java/lang/ClassFormatError
Event: 6.641 Loading class java/lang/ClassFormatError done
Event: 6.641 Loading class java/lang/reflect/GenericSignatureFormatError done

Classes unloaded (0 events):
No events

Classes redefined (0 events):
No events

Internal exceptions (20 events):
Event: 2.470 Thread 0x0000029bca7b8150 Exception <a 'java/lang/NoSuchMethodError'{0x00000000c7f92a88}: 'java.lang.Object java.lang.invoke.DirectMethodHandle$Holder.invokeVirtual(java.lang.Object, java.lang.Object, int)'> (0x00000000c7f92a88) 
thrown [s\src\hotspot\share\interpreter\linkResolver.cpp, line 759]
Event: 2.480 Thread 0x0000029bca7b8150 Exception <a 'sun/nio/fs/WindowsException'{0x00000000c7f99838}> (0x00000000c7f99838) 
thrown [s\src\hotspot\share\prims\jni.cpp, line 516]
Event: 2.480 Thread 0x0000029bca7b8150 Exception <a 'sun/nio/fs/WindowsException'{0x00000000c7f9a460}> (0x00000000c7f9a460) 
thrown [s\src\hotspot\share\prims\jni.cpp, line 516]
Event: 2.480 Thread 0x0000029bca7b8150 Exception <a 'sun/nio/fs/WindowsException'{0x00000000c7f9ad68}> (0x00000000c7f9ad68) 
thrown [s\src\hotspot\share\prims\jni.cpp, line 516]
Event: 2.481 Thread 0x0000029bca7b8150 Exception <a 'java/lang/NoSuchMethodError'{0x00000000c7f9bd98}: 'void java.lang.invoke.DirectMethodHandle$Holder.invokeSpecial(java.lang.Object, java.lang.Object, java.lang.Object)'> (0x00000000c7f9bd98) 
thrown [s\src\hotspot\share\interpreter\linkResolver.cpp, line 759]
Event: 3.019 Thread 0x0000029bca7b8150 Implicit null exception at 0x0000029bd9e2fab0 to 0x0000029bd9e2fc78
Event: 3.611 Thread 0x0000029bca7b8150 Implicit null exception at 0x0000029bd9de21ef to 0x0000029bd9de2ed8
Event: 3.975 Thread 0x0000029bca7b8150 Exception <a 'java/lang/NoSuchMethodError'{0x00000000c7502e10}: 'void java.lang.invoke.DirectMethodHandle$Holder.invokeStatic(java.lang.Object, java.lang.Object, java.lang.Object)'> (0x00000000c7502e10) 
thrown [s\src\hotspot\share\interpreter\linkResolver.cpp, line 759]
Event: 4.068 Thread 0x0000029bca7b8150 Exception <a 'java/lang/NoSuchMethodError'{0x00000000c75a1180}: 'void java.lang.invoke.DirectMethodHandle$Holder.invokeStatic(java.lang.Object, java.lang.Object, java.lang.Object, java.lang.Object)'> (0x00000000c75a1180) 
thrown [s\src\hotspot\share\interpreter\linkResolver.cpp, line 759]
Event: 6.493 Thread 0x0000029bca7b8150 Exception <a 'java/lang/NoSuchMethodError'{0x00000000c6a36050}: 'java.lang.Object java.lang.invoke.DirectMethodHandle$Holder.invokeStaticInit(java.lang.Object, java.lang.Object, java.lang.Object, java.lang.Object, java.lang.Object, java.lang.Object, java.lang.Object, java.lang.Object, java.lang.Object, java.lang.Object, java.lang.Object, java.lang.Object, java.lang.Object, java.lang.Object, java.lang.Object, java.lang.Object, java.lang.Object, java.lang.Object, java.lang.Object, java.lang.Object, int, java
Event: 6.495 Thread 0x0000029bca7b8150 Exception <a 'java/lang/NoSuchMethodError'{0x00000000c6a43648}: 'int java.lang.invoke.DirectMethodHandle$Holder.invokeVirtual(java.lang.Object, java.lang.Object)'> (0x00000000c6a43648) 
thrown [s\src\hotspot\share\interpreter\linkResolver.cpp, line 759]
Event: 6.650 Thread 0x0000029bea9b7e00 Exception <a 'java/lang/IncompatibleClassChangeError'{0x00000000c67055a0}: Found class java.lang.Object, but interface was expected> (0x00000000c67055a0) 
thrown [s\src\hotspot\share\interpreter\linkResolver.cpp, line 826]
Event: 6.650 Thread 0x0000029bea9b4700 Exception <a 'java/lang/IncompatibleClassChangeError'{0x00000000c6884ea8}: Found class java.lang.Object, but interface was expected> (0x00000000c6884ea8) 
thrown [s\src\hotspot\share\interpreter\linkResolver.cpp, line 826]
Event: 6.679 Thread 0x0000029bea9b4700 Exception <a 'java/lang/NoSuchMethodError'{0x00000000c68a5130}: 'java.lang.Object java.lang.invoke.DirectMethodHandle$Holder.invokeVirtual(java.lang.Object, java.lang.Object, java.lang.Object)'> (0x00000000c68a5130) 
thrown [s\src\hotspot\share\interpreter\linkResolver.cpp, line 759]
Event: 6.680 Thread 0x0000029bea9b7e00 Exception <a 'java/lang/NoSuchMethodError'{0x00000000c67183d0}: 'java.lang.Object java.lang.invoke.DirectMethodHandle$Holder.invokeVirtual(java.lang.Object, java.lang.Object, java.lang.Object)'> (0x00000000c67183d0) 
thrown [s\src\hotspot\share\interpreter\linkResolver.cpp, line 759]
Event: 6.957 Thread 0x0000029bea9b7e00 Exception <a 'java/lang/NoSuchMethodError'{0x00000000c6683488}: 'long java.lang.invoke.DirectMethodHandle$Holder.invokeStatic(java.lang.Object, java.lang.Object)'> (0x00000000c6683488) 
thrown [s\src\hotspot\share\interpreter\linkResolver.cpp, line 759]
Event: 6.957 Thread 0x0000029bea9b4700 Exception <a 'java/lang/NoSuchMethodError'{0x00000000c664d818}: 'long java.lang.invoke.DirectMethodHandle$Holder.invokeStatic(java.lang.Object, java.lang.Object)'> (0x00000000c664d818) 
thrown [s\src\hotspot\share\interpreter\linkResolver.cpp, line 759]
Event: 6.958 Thread 0x0000029bea9b7e00 Exception <a 'java/lang/NoSuchMethodError'{0x00000000c6686c88}: 'long java.lang.invoke.DirectMethodHandle$Holder.invokeStaticInit(java.lang.Object, java.lang.Object)'> (0x00000000c6686c88) 
thrown [s\src\hotspot\share\interpreter\linkResolver.cpp, line 759]
Event: 7.165 Thread 0x0000029bea9b4700 Exception <a 'java/lang/NoSuchMethodError'{0x00000000c6215730}: 'java.lang.Object java.lang.invoke.DirectMethodHandle$Holder.newInvokeSpecial(java.lang.Object, int, java.lang.Object)'> (0x00000000c6215730) 
thrown [s\src\hotspot\share\interpreter\linkResolver.cpp, line 759]
Event: 7.568 Thread 0x0000029bea9b4700 Exception <a 'java/lang/NoSuchMethodError'{0x00000000c67d7d58}: 'void java.lang.invoke.DirectMethodHandle$Holder.invokeSpecial(java.lang.Object, java.lang.Object, java.lang.Object, java.lang.Object, java.lang.Object)'> (0x00000000c67d7d58) 
thrown [s\src\hotspot\share\interpreter\linkResolver.cpp, line 759]

VM Operations (20 events):
Event: 5.195 Executing VM operation: G1CollectForAllocation
Event: 5.210 Executing VM operation: G1CollectForAllocation done
Event: 6.061 Executing VM operation: G1CollectForAllocation
Event: 6.069 Executing VM operation: G1CollectForAllocation done
Event: 6.263 Executing VM operation: G1CollectForAllocation
Event: 6.273 Executing VM operation: G1CollectForAllocation done
Event: 7.246 Executing VM operation: G1CollectForAllocation
Event: 7.258 Executing VM operation: G1CollectForAllocation done
Event: 7.312 Executing VM operation: G1PauseRemark
Event: 7.329 Executing VM operation: G1PauseRemark done
Event: 7.350 Executing VM operation: G1PauseCleanup
Event: 7.351 Executing VM operation: G1PauseCleanup done
Event: 7.558 Executing VM operation: HandshakeAllThreads
Event: 7.558 Executing VM operation: HandshakeAllThreads done
Event: 7.666 Executing VM operation: G1CollectForAllocation
Event: 7.693 Executing VM operation: G1CollectForAllocation done
Event: 7.748 Executing VM operation: G1CollectForAllocation
Event: 7.761 Executing VM operation: G1CollectForAllocation done
Event: 8.591 Executing VM operation: G1CollectForAllocation
Event: 8.610 Executing VM operation: G1CollectForAllocation done

Memory protections (0 events):
No events

Nmethod flushes (0 events):
No events

Events (20 events):
Event: 0.647 Thread 0x0000029bca7b8150 Thread added: 0x0000029be5d93810
Event: 0.647 Thread 0x0000029bca7b8150 Thread added: 0x0000029be5d95350
Event: 0.647 Thread 0x0000029bca7b8150 Thread added: 0x0000029be5d95f10
Event: 0.647 Thread 0x0000029bca7b8150 Thread added: 0x0000029be5d988e0
Event: 0.647 Thread 0x0000029bca7b8150 Thread added: 0x0000029be5d9a690
Event: 0.649 Thread 0x0000029bca7b8150 Thread added: 0x0000029be5d9b140
Event: 0.654 Thread 0x0000029bca7b8150 Thread added: 0x0000029be5ddc580
Event: 0.723 Thread 0x0000029bca7b8150 Thread added: 0x0000029bea0de5e0
Event: 0.746 Thread 0x0000029bca7b8150 Thread added: 0x0000029bea0e4f30
Event: 0.902 Thread 0x0000029be5d9a690 Thread added: 0x0000029bea1afd10
Event: 1.503 Thread 0x0000029bea1afd10 Thread exited: 0x0000029bea1afd10
Event: 1.574 Thread 0x0000029be5d9b140 Thread added: 0x0000029bea7bf600
Event: 2.944 Thread 0x0000029bea7bf600 Thread exited: 0x0000029bea7bf600
Event: 3.452 Thread 0x0000029be5d9b140 Thread added: 0x0000029bea67fc50
Event: 4.309 Thread 0x0000029bea67fc50 Thread exited: 0x0000029bea67fc50
Event: 6.517 Thread 0x0000029bca7b8150 Thread added: 0x0000029bea9b7e00
Event: 6.523 Thread 0x0000029bca7b8150 Thread added: 0x0000029bea9b4700
Event: 6.546 Thread 0x0000029be5d9b140 Thread added: 0x0000029bea259340
Event: 6.670 Thread 0x0000029bea259340 Thread exited: 0x0000029bea259340
Event: 7.035 Thread 0x0000029be5d9b140 Thread added: 0x0000029bea44f090


Dynamic libraries:
0x00007ff6349e0000 - 0x00007ff6349ee000 	C:\Program Files\Microsoft\jdk-17.0.15.6-hotspot\bin\java.exe
0x00007ffeb2c50000 - 0x00007ffeb2e68000 	C:\Windows\SYSTEM32\ntdll.dll
0x00007ffeb16b0000 - 0x00007ffeb1774000 	C:\Windows\System32\KERNEL32.DLL
0x00007ffeaff30000 - 0x00007ffeb0303000 	C:\Windows\System32\KERNELBASE.dll
0x00007ffea4990000 - 0x00007ffea49a7000 	C:\Program Files\Microsoft\jdk-17.0.15.6-hotspot\bin\jli.dll
0x00007ffeb19f0000 - 0x00007ffeb1ba2000 	C:\Windows\System32\USER32.dll
0x00007ffeb08c0000 - 0x00007ffeb08e6000 	C:\Windows\System32\win32u.dll
0x00007ffeb2180000 - 0x00007ffeb21a9000 	C:\Windows\System32\GDI32.dll
0x00007ffeb0450000 - 0x00007ffeb056b000 	C:\Windows\System32\gdi32full.dll
0x00007ffeafe90000 - 0x00007ffeaff2a000 	C:\Windows\System32\msvcp_win.dll
0x00007ffeb0570000 - 0x00007ffeb0681000 	C:\Windows\System32\ucrtbase.dll
0x00007ffe9d610000 - 0x00007ffe9d8ac000 	C:\Windows\WinSxS\amd64_microsoft.windows.common-controls_6595b64144ccf1df_6.0.22621.6060_none_2712eda17382d24b\COMCTL32.dll
0x00007ffeb2af0000 - 0x00007ffeb2b97000 	C:\Windows\System32\msvcrt.dll
0x00007ffea4720000 - 0x00007ffea473d000 	C:\Program Files\Microsoft\jdk-17.0.15.6-hotspot\bin\VCRUNTIME140.dll
0x00007ffeb2bb0000 - 0x00007ffeb2be1000 	C:\Windows\System32\IMM32.DLL
0x00007ffeab9d0000 - 0x00007ffeab9dc000 	C:\Program Files\Microsoft\jdk-17.0.15.6-hotspot\bin\vcruntime140_1.dll
0x00007ffe6bfd0000 - 0x00007ffe6c05d000 	C:\Program Files\Microsoft\jdk-17.0.15.6-hotspot\bin\msvcp140.dll
0x00007ffdb9f40000 - 0x00007ffdbabb2000 	C:\Program Files\Microsoft\jdk-17.0.15.6-hotspot\bin\server\jvm.dll
0x00007ffeb12d0000 - 0x00007ffeb1381000 	C:\Windows\System32\ADVAPI32.dll
0x00007ffeb1bb0000 - 0x00007ffeb1c58000 	C:\Windows\System32\sechost.dll
0x00007ffeafd60000 - 0x00007ffeafd88000 	C:\Windows\System32\bcrypt.dll
0x00007ffeb28b0000 - 0x00007ffeb29c8000 	C:\Windows\System32\RPCRT4.dll
0x00007ffeb21b0000 - 0x00007ffeb2221000 	C:\Windows\System32\WS2_32.dll
0x00007ffeafc30000 - 0x00007ffeafc7d000 	C:\Windows\SYSTEM32\POWRPROF.dll
0x00007ffea9680000 - 0x00007ffea96b4000 	C:\Windows\SYSTEM32\WINMM.dll
0x00007ffead940000 - 0x00007ffead94a000 	C:\Windows\SYSTEM32\VERSION.dll
0x00007ffeafc10000 - 0x00007ffeafc23000 	C:\Windows\SYSTEM32\UMPDC.dll
0x00007ffeaed00000 - 0x00007ffeaed18000 	C:\Windows\SYSTEM32\kernel.appcore.dll
0x00007ffea4980000 - 0x00007ffea498a000 	C:\Program Files\Microsoft\jdk-17.0.15.6-hotspot\bin\jimage.dll
0x00007ffeac8c0000 - 0x00007ffeacaf3000 	C:\Windows\SYSTEM32\DBGHELP.DLL
0x00007ffeb2510000 - 0x00007ffeb28a1000 	C:\Windows\System32\combase.dll
0x00007ffeb1910000 - 0x00007ffeb19e8000 	C:\Windows\System32\OLEAUT32.dll
0x00007ffe980e0000 - 0x00007ffe98112000 	C:\Windows\SYSTEM32\dbgcore.DLL
0x00007ffeafe10000 - 0x00007ffeafe8b000 	C:\Windows\System32\bcryptPrimitives.dll
0x00007ffe78d90000 - 0x00007ffe78db5000 	C:\Program Files\Microsoft\jdk-17.0.15.6-hotspot\bin\java.dll
0x00007ffe69be0000 - 0x00007ffe69cb6000 	C:\Program Files\Microsoft\jdk-17.0.15.6-hotspot\bin\jsvml.dll
0x00007ffeb0a30000 - 0x00007ffeb12cc000 	C:\Windows\System32\SHELL32.dll
0x00007ffeb0310000 - 0x00007ffeb044f000 	C:\Windows\System32\wintypes.dll
0x00007ffeadc10000 - 0x00007ffeae52a000 	C:\Windows\SYSTEM32\windows.storage.dll
0x00007ffeb1780000 - 0x00007ffeb1884000 	C:\Windows\System32\SHCORE.dll
0x00007ffeb09c0000 - 0x00007ffeb0a29000 	C:\Windows\System32\shlwapi.dll
0x00007ffeafc90000 - 0x00007ffeafcb5000 	C:\Windows\SYSTEM32\profapi.dll
0x00007ffea4700000 - 0x00007ffea471a000 	C:\Program Files\Microsoft\jdk-17.0.15.6-hotspot\bin\net.dll
0x00007ffea9a00000 - 0x00007ffea9b2c000 	C:\Windows\SYSTEM32\WINHTTP.dll
0x00007ffeaf1c0000 - 0x00007ffeaf229000 	C:\Windows\system32\mswsock.dll
0x00007ffe874d0000 - 0x00007ffe874e6000 	C:\Program Files\Microsoft\jdk-17.0.15.6-hotspot\bin\nio.dll
0x00007ffe87210000 - 0x00007ffe87228000 	C:\Program Files\Microsoft\jdk-17.0.15.6-hotspot\bin\zip.dll
0x00007ffea4760000 - 0x00007ffea4770000 	C:\Program Files\Microsoft\jdk-17.0.15.6-hotspot\bin\verify.dll

dbghelp: loaded successfully - version: 4.0.5 - missing functions: none
symbol engine: initialized successfully - sym options: 0x614 - pdb path: .;C:\Program Files\Microsoft\jdk-17.0.15.6-hotspot\bin;C:\Windows\SYSTEM32;C:\Windows\WinSxS\amd64_microsoft.windows.common-controls_6595b64144ccf1df_6.0.22621.6060_none_2712eda17382d24b;C:\Program Files\Microsoft\jdk-17.0.15.6-hotspot\bin\server

VM Arguments:
jvm_args: -Xmx1G 
java_command: com.android.tools.r8.D8 --debug --min-api 21 --output obj\Debug\net9.0-android\android\bin\ --lib C:\Users\Dell\AppData\Local\Android\Sdk\platforms\android-35\android.jar obj\Debug\net9.0-android\android\bin\classes.zip C:\Program Files\dotnet\packs\Microsoft.Android.Ref.35\35.0.105\ref\net9.0\mono.android.jar C:\Program Files\dotnet\packs\Microsoft.Android.Sdk.Windows\35.0.105\tools\\java_runtime_net6.jar C:\Users\Dell\.nuget\packages\xamarin.androidx.annotation.jvm\1.9.1.3\buildTransitive\net8.0-android34.0\..\..\jar\androidx.annotation.annotation-jvm.jar C:\Users\Dell\.nuget\packages\xamarin.androidx.collection.jvm\1.5.0.1\buildTransitive\net8.0-android34.0\..\..\jar\androidx.collection.collection-jvm.jar C:\Users\Dell\.nuget\packages\xamarin.androidx.annotation\1.9.1.3\buildTransitive\net8.0-android34.0\..\..\jar\androidx.annotation.annotation.jar C:\Users\Dell\.nuget\packages\xamarin.androidx.collection\1.5.0.1\buildTransitive\net8.0-android34.0\..\..\jar\androidx.collection.collection.jar C:\Users\Dell\.nuget\packages\xamarin.androidx.concurrent.futures\1.2.0.6\buildTransitive\net8.0-android34.0\..\..\jar\androidx.concurrent.concurrent-futures.jar C:\Users\Dell\.nuget\packages\xamarin.androidx.lifecycle.common.jvm\2.8.7.3\buildTransitive\net8.0-android34.0\..\..\jar\androidx.lifecycle.lifecycle-common-jvm.jar C:\Users\Dell\.nuget\packages\xamarin.androidx.lifecycle.common\2.8.7.3\buildTransitive\net8.0-android34.0\..\..\jar\androidx.lifecycle.lifecycle-common.jar C:\Users\Dell\.nuget\packages\xamarin.androidx.arch.core.common\2.2.0.16\buildTransitive\net8.0-android34.0\..\..\jar\androidx.arch.core.core-common.jar C:\Users\Dell\.nuget\packages\xamarin.androidx.resourceinspection.annotation\1.0.1.20\buildTransitive\net8.0-android34.0\..\..\jar\androidx.resourceinspection.resourceinspection-annotation.jar C:\Users\Dell\.nuget\packages\xamarin.androidx.constraintlayout.core\1.1.1.1\buildTransitive\net8.0-android34.0\..\..\jar\androidx.constraintlay
java_class_path (initial): C:\Program Files\dotnet\packs\Microsoft.Android.Sdk.Windows\35.0.105\tools\r8.jar
Launcher Type: SUN_STANDARD

[Global flags]
     intx CICompilerCount                          = 3                                         {product} {ergonomic}
     uint ConcGCThreads                            = 1                                         {product} {ergonomic}
     uint G1ConcRefinementThreads                  = 4                                         {product} {ergonomic}
   size_t G1HeapRegionSize                         = 1048576                                   {product} {ergonomic}
    uintx GCDrainStackTargetSize                   = 64                                        {product} {ergonomic}
   size_t InitialHeapSize                          = 134217728                                 {product} {ergonomic}
   size_t MarkStackSize                            = 4194304                                   {product} {ergonomic}
   size_t MaxHeapSize                              = 1073741824                                {product} {command line}
   size_t MaxNewSize                               = 643825664                                 {product} {ergonomic}
   size_t MinHeapDeltaBytes                        = 1048576                                   {product} {ergonomic}
   size_t MinHeapSize                              = 8388608                                   {product} {ergonomic}
    uintx NonNMethodCodeHeapSize                   = 5832780                                {pd product} {ergonomic}
    uintx NonProfiledCodeHeapSize                  = 122912730                              {pd product} {ergonomic}
    uintx ProfiledCodeHeapSize                     = 122912730                              {pd product} {ergonomic}
    uintx ReservedCodeCacheSize                    = 251658240                              {pd product} {ergonomic}
     bool SegmentedCodeCache                       = true                                      {product} {ergonomic}
   size_t SoftMaxHeapSize                          = 1073741824                             {manageable} {ergonomic}
     bool UseCompressedClassPointers               = true                           {product lp64_product} {ergonomic}
     bool UseCompressedOops                        = true                           {product lp64_product} {ergonomic}
     bool UseG1GC                                  = true                                      {product} {ergonomic}
     bool UseLargePagesIndividualAllocation        = false                                  {pd product} {ergonomic}

Logging:
Log output configuration:
 #0: stdout all=warning uptime,level,tags
 #1: stderr all=off uptime,level,tags

Environment Variables:
JAVA_HOME=C:\Program Files\Microsoft\jdk-17.0.15.6-hotspot
PATH=C:\Program Files\Eclipse Adoptium\jdk-25.0.1.8-hotspot\bin;C:\Program Files\Microsoft\jdk-17.0.15.6-hotspot\bin;C:\Program Files\MySQL\MySQL Server 8.0\bin;"C:\xampp\php;C:\Program Files (x86)\Common Files\Oracle\Java\java8path";C:\Windows\system32;C:\Windows;C:\Windows\System32\Wbem;C:\Windows\System32\WindowsPowerShell\v1.0\;C:\Windows\System32\OpenSSH\;C:\Program Files\Microsoft SQL Server\150\Tools\Binn\;C:\Program Files\dotnet\;C:\ProgramData\chocolatey\bin;C:\Program Files\Git\cmd;C:\Users\Dell\AppData\Local\Android\Sdk\platform-tools;C:\Program Files\dotnet;C:\Program Files\MySQL\MySQL Server 8.0\bin;C:\Users\Dell\AppData\Local\Microsoft\WindowsApps;C:\Users\Dell\.dotnet\tools;C:\Users\Dell\AppData\Local\Programs\Microsoft VS Code\bin;C:\msys64\ucrt64\bin;C:\Users\Dell\.dotnet\tools;C:\Users\Dell\AppData\Local\Android\Sdk\platform-tools;C:\Program Files\dotnet;C:\Users\Dell\AppData\Local\Programs\cursor\resources\app\bin;C:\Users\Dell\AppData\Local\Programs\Kiro\bin
USERNAME=dk
LANG=en_US.UTF-8
OS=Windows_NT
PROCESSOR_IDENTIFIER=Intel64 Family 6 Model 142 Stepping 9, GenuineIntel
TMP=C:\Users\Dell\AppData\Local\Temp
TEMP=C:\Users\Dell\AppData\Local\Temp



Periodic native trim disabled


---------------  S Y S T E M  ---------------

OS:
 Windows 11 , 64 bit Build 22621 (10.0.22621.5415)
OS uptime: 6 days 10:00 hours
Hyper-V role detected

CPU: total 4 (initial active 4) (2 cores per cpu, 2 threads per core) family 6 model 142 stepping 9 microcode 0xf6, cx8, cmov, fxsr, ht, mmx, 3dnowpref, sse, sse2, sse3, ssse3, sse4.1, sse4.2, popcnt, lzcnt, tsc, tscinvbit, avx, avx2, aes, erms, clmul, bmi1, bmi2, rtm, adx, fma, vzeroupper, clflush, clflushopt, hv
Processor Information for the first 4 processors :
  Max Mhz: 2712, Current Mhz: 2611, Mhz Limit: 2603

Memory: 4k page, system-wide physical 8073M (360M free)
TotalPageFile size 32649M (AvailPageFile size 6M)
current process WorkingSet (physical memory assigned to process): 258M, peak: 258M
current process commit charge ("private bytes"): 299M, peak: 301M

vm_info: OpenJDK 64-Bit Server VM (17.0.15+6-LTS) for windows-amd64 JRE (17.0.15+6-LTS), built on Apr  9 2025 22:27:25 by "MicrosoftCorporation" with unknown MS VC++:1939

END.
