#
# There is insufficient memory for the Java Runtime Environment to continue.
# Native memory allocation (mmap) failed to map 187695104 bytes. Error detail: G1 virtual space
# Possible reasons:
#   The system is out of physical RAM or swap space
#   This process is running with CompressedOops enabled, and the Java Heap may be blocking the growth of the native heap
# Possible solutions:
#   Reduce memory load on the system
#   Increase physical memory or swap space
#   Check if swap backing store is full
#   Decrease Java heap size (-Xmx/-Xms)
#   Decrease number of Java threads
#   Decrease Java thread stack sizes (-Xss)
#   Set larger code cache with -XX:ReservedCodeCacheSize=
#   JVM is running with Unscaled Compressed Oops mode in which the Java heap is
#     placed in the first 4GB address space. The Java Heap base address is the
#     maximum limit for the native heap growth. Please use -XX:HeapBaseMinAddress
#     to set the Java Heap base and to place the Java Heap above 4GB virtual address.
# This output file may be truncated or incomplete.
#
#  Out of Memory Error (os_windows.cpp:3710), pid=21996, tid=11864
#
# JRE version: OpenJDK Runtime Environment Microsoft-11369865 (17.0.15+6) (build 17.0.15+6-LTS)
# Java VM: OpenJDK 64-Bit Server VM Microsoft-11369865 (17.0.15+6-LTS, mixed mode, sharing, tiered, compressed oops, compressed class ptrs, g1 gc, windows-amd64)
# No core dump will be written. Minidumps are not enabled by default on client versions of Windows
#

---------------  S U M M A R Y ------------

Command Line: -Xmx1G com.android.tools.r8.D8 --debug --min-api 21 --output obj\Debug\net9.0-android\android\bin\ --lib C:\Users\Dell\AppData\Local\Android\Sdk\platforms\android-35\android.jar obj\Debug\net9.0-android\android\bin\classes.zip C:\Program Files\dotnet\packs\Microsoft.Android.Ref.35\35.0.105\ref\net9.0\mono.android.jar C:\Program Files\dotnet\packs\Microsoft.Android.Sdk.Windows\35.0.105\tools\\java_runtime_net6.jar C:\Users\Dell\.nuget\packages\xamarin.androidx.annotation.jvm\1.9.1.3\buildTransitive\net8.0-android34.0\..\..\jar\androidx.annotation.annotation-jvm.jar C:\Users\Dell\.nuget\packages\xamarin.androidx.collection.jvm\1.5.0.1\buildTransitive\net8.0-android34.0\..\..\jar\androidx.collection.collection-jvm.jar C:\Users\Dell\.nuget\packages\xamarin.androidx.annotation\1.9.1.3\buildTransitive\net8.0-android34.0\..\..\jar\androidx.annotation.annotation.jar C:\Users\Dell\.nuget\packages\xamarin.androidx.collection\1.5.0.1\buildTransitive\net8.0-android34.0\..\..\jar\androidx.collection.collection.jar C:\Users\Dell\.nuget\packages\xamarin.androidx.concurrent.futures\1.2.0.6\buildTransitive\net8.0-android34.0\..\..\jar\androidx.concurrent.concurrent-futures.jar C:\Users\Dell\.nuget\packages\xamarin.androidx.lifecycle.common.jvm\2.8.7.3\buildTransitive\net8.0-android34.0\..\..\jar\androidx.lifecycle.lifecycle-common-jvm.jar C:\Users\Dell\.nuget\packages\xamarin.androidx.lifecycle.common\2.8.7.3\buildTransitive\net8.0-android34.0\..\..\jar\androidx.lifecycle.lifecycle-common.jar C:\Users\Dell\.nuget\packages\xamarin.androidx.arch.core.common\2.2.0.16\buildTransitive\net8.0-android34.0\..\..\jar\androidx.arch.core.core-common.jar C:\Users\Dell\.nuget\packages\xamarin.androidx.resourceinspection.annotation\1.0.1.20\buildTransitive\net8.0-android34.0\..\..\jar\androidx.resourceinspection.resourceinspection-annotation.jar C:\Users\Dell\.nuget\packages\xamarin.androidx.constraintlayout.core\1.1.1.1\buildTransitive\net8.0-android34.0\..\..\jar\androidx.constraintlayout.constraintlayout-core.jar C:\Users\Dell\.nuget\packages\xamarin.androidx.collection.ktx\1.5.0.1\buildTransitive\net8.0-android34.0\..\..\jar\androidx.collection.collection-ktx.jar C:\Program Files\dotnet\packs\Microsoft.NETCore.App.Runtime.Mono.android-arm64\9.0.11\runtimes\android-arm64\native\libSystem.Security.Cryptography.Native.Android.jar obj\Debug\net9.0-android\lp\95\jl\classes.jar obj\Debug\net9.0-android\lp\96\jl\classes.jar obj\Debug\net9.0-android\lp\97\jl\classes.jar obj\Debug\net9.0-android\lp\98\jl\classes.jar obj\Debug\net9.0-android\lp\99\jl\classes.jar obj\Debug\net9.0-android\lp\100\jl\classes.jar obj\Debug\net9.0-android\lp\102\jl\classes.jar obj\Debug\net9.0-android\lp\103\jl\classes.jar obj\Debug\net9.0-android\lp\104\jl\classes.jar obj\Debug\net9.0-android\lp\105\jl\classes.jar obj\Debug\net9.0-android\lp\106\jl\classes.jar obj\Debug\net9.0-android\lp\107\jl\classes.jar obj\Debug\net9.0-android\lp\108\jl\classes.jar obj\Debug\net9.0-android\lp\109\jl\classes.jar obj\Debug\net9.0-android\lp\110\jl\classes.jar obj\Debug\net9.0-android\lp\111\jl\classes.jar obj\Debug\net9.0-android\lp\112\jl\classes.jar obj\Debug\net9.0-android\lp\114\jl\classes.jar obj\Debug\net9.0-android\lp\115\jl\classes.jar obj\Debug\net9.0-android\lp\116\jl\classes.jar obj\Debug\net9.0-android\lp\117\jl\classes.jar obj\Debug\net9.0-android\lp\118\jl\classes.jar obj\Debug\net9.0-android\lp\119\jl\classes.jar obj\Debug\net9.0-android\lp\120\jl\classes.jar obj\Debug\net9.0-android\lp\121\jl\classes.jar obj\Debug\net9.0-android\lp\122\jl\classes.jar obj\Debug\net9.0-android\lp\123\jl\classes.jar obj\Debug\net9.0-android\lp\124\jl\classes.jar obj\Debug\net9.0-android\lp\125\jl\classes.jar obj\Debug\net9.0-android\lp\125\jl\libs\repackaged.jar obj\Debug\net9.0-android\lp\126\jl\classes.jar obj\Debug\net9.0-android\lp\127\jl\classes.jar obj\Debug\net9.0-android\lp\128\jl\classes.jar obj\Debug\net9.0-android\lp\129\jl\classes.jar obj\Debug\net9.0-android\lp\130\jl\classes.jar obj\Debug\net9.0-android\lp\131\jl\classes.jar obj\Debug\net9.0-android\lp\132\jl\classes.jar obj\Debug\net9.0-android\lp\133\jl\classes.jar obj\Debug\net9.0-android\lp\134\jl\classes.jar obj\Debug\net9.0-android\lp\135\jl\classes.jar obj\Debug\net9.0-android\lp\136\jl\classes.jar obj\Debug\net9.0-android\lp\137\jl\classes.jar obj\Debug\net9.0-android\lp\138\jl\classes.jar obj\Debug\net9.0-android\lp\139\jl\classes.jar obj\Debug\net9.0-android\lp\140\jl\classes.jar obj\Debug\net9.0-android\lp\141\jl\classes.jar obj\Debug\net9.0-android\lp\142\jl\classes.jar obj\Debug\net9.0-android\lp\144\jl\classes.jar obj\Debug\net9.0-android\lp\145\jl\classes.jar obj\Debug\net9.0-android\lp\146\jl\classes.jar obj\Debug\net9.0-android\lp\147\jl\classes.jar obj\Debug\net9.0-android\lp\148\jl\classes.jar obj\Debug\net9.0-android\lp\149\jl\classes.jar obj\Debug\net9.0-android\lp\150\jl\classes.jar obj\Debug\net9.0-android\lp\151\jl\classes.jar obj\Debug\net9.0-android\lp\152\jl\classes.jar obj\Debug\net9.0-android\lp\153\jl\classes.jar obj\Debug\net9.0-android\lp\154\jl\libs\ED64959F88B22E6D.jar obj\Debug\net9.0-android\lp\155\jl\libs\2E7FD15AFA9B216B.jar obj\Debug\net9.0-android\lp\157\jl\classes.jar obj\Debug\net9.0-android\lp\160\jl\libs\659D48BEBA477FDD.jar obj\Debug\net9.0-android\lp\161\jl\libs\95D547F40BE4687C.jar obj\Debug\net9.0-android\lp\162\jl\classes.jar obj\Debug\net9.0-android\lp\163\jl\classes.jar obj\Debug\net9.0-android\lp\164\jl\libs\F975D0960055A5E3.jar obj\Debug\net9.0-android\lp\165\jl\libs\B71CFF5D5A0B3AEB.jar obj\Debug\net9.0-android\lp\166\jl\libs\8F2EB7DF0BED3603.jar obj\Debug\net9.0-android\lp\167\jl\libs\8956669C0037225B.jar obj\Debug\net9.0-android\lp\168\jl\libs\05D34BA5CA8637CF.jar obj\Debug\net9.0-android\lp\169\jl\libs\DCFB018199B59345.jar obj\Debug\net9.0-android\lp\170\jl\libs\F91D79B39A269A7E.jar obj\Debug\net9.0-android\lp\171\jl\libs\327D95CCFE836D7B.jar obj\Debug\net9.0-android\lp\172\jl\libs\C7DE71AD77BC3A1F.jar obj\Debug\net9.0-android\lp\173\jl\libs\F01C7EADE990A004.jar obj\Debug\net9.0-android\lp\174\jl\libs\F6DB49E0CC905A9A.jar obj\Debug\net9.0-android\lp\175\jl\libs\A1A754E9E8693F85.jar obj\Debug\net9.0-android\lp\176\jl\libs\B7446A23346A729D.jar obj\Debug\net9.0-android\lp\177\jl\libs\623E6E29E2058512.jar --map-diagnostics warning info

Host: Intel(R) Core(TM) i5-7300U CPU @ 2.60GHz, 4 cores, 7G,  Windows 11 , 64 bit Build 22621 (10.0.22621.5415)
Time: Tue Dec  9 20:49:47 2025 South Africa Standard Time elapsed time: 13.931684 seconds (0d 0h 0m 13s)

---------------  T H R E A D  ---------------

Current thread (0x00000207fa937c30):  VMThread "VM Thread" [stack: 0x000000a86c700000,0x000000a86c800000] [id=11864]

Stack: [0x000000a86c700000,0x000000a86c800000]
Native frames: (J=compiled Java code, j=interpreted, Vv=VM code, C=native code)
V  [jvm.dll+0x6887a9]
V  [jvm.dll+0x83f5a8]
V  [jvm.dll+0x841053]
V  [jvm.dll+0x8416c3]
V  [jvm.dll+0x2496ef]
V  [jvm.dll+0x6856e9]
V  [jvm.dll+0x679b7a]
V  [jvm.dll+0x30b0d7]
V  [jvm.dll+0x312646]
V  [jvm.dll+0x36300e]
V  [jvm.dll+0x36324d]
V  [jvm.dll+0x2e236c]
V  [jvm.dll+0x2e0719]
V  [jvm.dll+0x2dfe7c]
V  [jvm.dll+0x322a2b]
V  [jvm.dll+0x845efd]
V  [jvm.dll+0x846c33]
V  [jvm.dll+0x84715f]
V  [jvm.dll+0x847544]
V  [jvm.dll+0x84760e]
V  [jvm.dll+0x7ef2dc]
V  [jvm.dll+0x687687]
C  [ucrtbase.dll+0x29333]
C  [KERNEL32.DLL+0x1259d]
C  [ntdll.dll+0x5af78]

VM_Operation (0x000000a86dbfe670): G1CollectForAllocation, mode: safepoint, requested by thread 0x00000207ff589c10


---------------  P R O C E S S  ---------------

Threads class SMR info:
_java_thread_list=0x00000207ff6c2590, length=15, elements={
0x00000207dd1ee940, 0x00000207fa93d630, 0x00000207fa93e4b0, 0x00000207fa956a10,
0x00000207fa9585e0, 0x00000207fa95b0b0, 0x00000207fa95ba70, 0x00000207fa95d820,
0x00000207fa95e2d0, 0x00000207fa963490, 0x00000207faa8d1b0, 0x00000207faa97b10,
0x00000207ff589490, 0x00000207ff589c10, 0x00000207ff6c1e10
}

Java Threads: ( => current thread )
  0x00000207dd1ee940 JavaThread "main" [_thread_blocked, id=6672, stack(0x000000a86c100000,0x000000a86c200000)]
  0x00000207fa93d630 JavaThread "Reference Handler" daemon [_thread_blocked, id=8664, stack(0x000000a86c800000,0x000000a86c900000)]
  0x00000207fa93e4b0 JavaThread "Finalizer" daemon [_thread_blocked, id=26256, stack(0x000000a86c900000,0x000000a86ca00000)]
  0x00000207fa956a10 JavaThread "Signal Dispatcher" daemon [_thread_blocked, id=13512, stack(0x000000a86ca00000,0x000000a86cb00000)]
  0x00000207fa9585e0 JavaThread "Attach Listener" daemon [_thread_blocked, id=7172, stack(0x000000a86cb00000,0x000000a86cc00000)]
  0x00000207fa95b0b0 JavaThread "Service Thread" daemon [_thread_blocked, id=10216, stack(0x000000a86cc00000,0x000000a86cd00000)]
  0x00000207fa95ba70 JavaThread "Monitor Deflation Thread" daemon [_thread_blocked, id=21992, stack(0x000000a86cd00000,0x000000a86ce00000)]
  0x00000207fa95d820 JavaThread "C2 CompilerThread0" daemon [_thread_blocked, id=18600, stack(0x000000a86ce00000,0x000000a86cf00000)]
  0x00000207fa95e2d0 JavaThread "C1 CompilerThread0" daemon [_thread_blocked, id=18304, stack(0x000000a86cf00000,0x000000a86d000000)]
  0x00000207fa963490 JavaThread "Sweeper thread" daemon [_thread_blocked, id=15620, stack(0x000000a86d000000,0x000000a86d100000)]
  0x00000207faa8d1b0 JavaThread "Notification Thread" daemon [_thread_blocked, id=25420, stack(0x000000a86d100000,0x000000a86d200000)]
  0x00000207faa97b10 JavaThread "Common-Cleaner" daemon [_thread_blocked, id=14420, stack(0x000000a86d300000,0x000000a86d400000)]
  0x00000207ff589490 JavaThread "ForkJoinPool-1-worker-1" daemon [_thread_blocked, id=23360, stack(0x000000a86da00000,0x000000a86db00000)]
  0x00000207ff589c10 JavaThread "ForkJoinPool-1-worker-2" daemon [_thread_blocked, id=25440, stack(0x000000a86db00000,0x000000a86dc00000)]
  0x00000207ff6c1e10 JavaThread "C2 CompilerThread1" daemon [_thread_blocked, id=18012, stack(0x000000a86dc00000,0x000000a86dd00000)]

Other Threads:
=>0x00000207fa937c30 VMThread "VM Thread" [stack: 0x000000a86c700000,0x000000a86c800000] [id=11864]
  0x00000207faa936b0 WatcherThread [stack: 0x000000a86d200000,0x000000a86d300000] [id=23912]
  0x00000207df3b4e40 GCTaskThread "GC Thread#0" [stack: 0x000000a86c200000,0x000000a86c300000] [id=11912]
  0x00000207ff050000 GCTaskThread "GC Thread#1" [stack: 0x000000a86d500000,0x000000a86d600000] [id=13696]
  0x00000207ff0502c0 GCTaskThread "GC Thread#2" [stack: 0x000000a86d600000,0x000000a86d700000] [id=24344]
  0x00000207ff419790 GCTaskThread "GC Thread#3" [stack: 0x000000a86d700000,0x000000a86d800000] [id=600]
  0x00000207df3bdd90 ConcurrentGCThread "G1 Main Marker" [stack: 0x000000a86c300000,0x000000a86c400000] [id=6316]
  0x00000207df3be7b0 ConcurrentGCThread "G1 Conc#0" [stack: 0x000000a86c400000,0x000000a86c500000] [id=1144]
  0x00000207fa8020b0 ConcurrentGCThread "G1 Refine#0" [stack: 0x000000a86c500000,0x000000a86c600000] [id=23900]
  0x00000207fada3840 ConcurrentGCThread "G1 Refine#1" [stack: 0x000000a86d800000,0x000000a86d900000] [id=7588]
  0x00000207df3800a0 ConcurrentGCThread "G1 Refine#2" [stack: 0x000000a86d400000,0x000000a86d500000] [id=23484]
  0x00000207faa1ffe0 ConcurrentGCThread "G1 Refine#3" [stack: 0x000000a86d900000,0x000000a86da00000] [id=9420]
  0x00000207fa802ae0 ConcurrentGCThread "G1 Service" [stack: 0x000000a86c600000,0x000000a86c700000] [id=20404]

Threads with active compile tasks:
C2 CompilerThread0    14024 2081       4       com.android.tools.r8.graph.E0::<init> (339 bytes)
C2 CompilerThread1    14024 2093       4       com.android.tools.r8.internal.vd::a (4363 bytes)

VM state: at safepoint (normal execution)

VM Mutex/Monitor currently owned by a thread:  ([mutex/lock_event])
[0x00000207df3758a0] Threads_lock - owner thread: 0x00000207fa937c30
[0x00000207df3748e0] Heap_lock - owner thread: 0x00000207ff589c10

Heap address: 0x00000000c0000000, size: 1024 MB, Compressed Oops mode: 32-bit

CDS archive(s) mapped at: [0x0000020780000000-0x0000020780bb0000-0x0000020780bb0000), size 12255232, SharedBaseAddress: 0x0000020780000000, ArchiveRelocationMode: 1.
Compressed class space mapped at: 0x0000020781000000-0x00000207c1000000, reserved size: 1073741824
Narrow klass base: 0x0000020780000000, Narrow klass shift: 0, Narrow klass range: 0x100000000

GC Precious Log:
 CPUs: 4 total, 4 available
 Memory: 8073M
 Large Page Support: Disabled
 NUMA Support: Disabled
 Compressed Oops: Enabled (32-bit)
 Heap Region Size: 1M
 Heap Min Capacity: 8M
 Heap Initial Capacity: 128M
 Heap Max Capacity: 1G
 Pre-touch: Disabled
 Parallel Workers: 4
 Concurrent Workers: 1
 Concurrent Refinement Workers: 4
 Periodic GC: Disabled

Heap:
 garbage-first heap   total 176128K, used 113885K [0x00000000c0000000, 0x0000000100000000)
  region size 1024K, 5 young (5120K), 5 survivors (5120K)
 Metaspace       used 7472K, committed 7680K, reserved 1114112K
  class space    used 854K, committed 960K, reserved 1048576K

Heap Regions: E=young(eden), S=young(survivor), O=old, HS=humongous(starts), HC=humongous(continues), CS=collection set, F=free, OA=open archive, CA=closed archive, TAMS=top-at-mark-start (previous, next)
|   0|0x00000000c0000000, 0x00000000c0100000, 0x00000000c0100000|100%|HS|  |TAMS 0x00000000c0100000, 0x00000000c0100000| Complete 
|   1|0x00000000c0100000, 0x00000000c0200000, 0x00000000c0200000|100%| O|  |TAMS 0x00000000c0200000, 0x00000000c0200000| Untracked 
|   2|0x00000000c0200000, 0x00000000c0300000, 0x00000000c0300000|100%| O|  |TAMS 0x00000000c0300000, 0x00000000c0300000| Untracked 
|   3|0x00000000c0300000, 0x00000000c0400000, 0x00000000c0400000|100%| O|  |TAMS 0x00000000c0400000, 0x00000000c0400000| Untracked 
|   4|0x00000000c0400000, 0x00000000c0500000, 0x00000000c0500000|100%| O|  |TAMS 0x00000000c0500000, 0x00000000c0500000| Untracked 
|   5|0x00000000c0500000, 0x00000000c0600000, 0x00000000c0600000|100%| O|  |TAMS 0x00000000c0600000, 0x00000000c0600000| Untracked 
|   6|0x00000000c0600000, 0x00000000c0700000, 0x00000000c0700000|100%|HS|  |TAMS 0x00000000c0600000, 0x00000000c0700000| Complete 
|   7|0x00000000c0700000, 0x00000000c0800000, 0x00000000c0800000|100%| O|  |TAMS 0x00000000c0800000, 0x00000000c0800000| Untracked 
|   8|0x00000000c0800000, 0x00000000c0900000, 0x00000000c0900000|100%| O|  |TAMS 0x00000000c0900000, 0x00000000c0900000| Untracked 
|   9|0x00000000c0900000, 0x00000000c0a00000, 0x00000000c0a00000|100%| O|  |TAMS 0x00000000c0900000, 0x00000000c0a00000| Untracked 
|  10|0x00000000c0a00000, 0x00000000c0b00000, 0x00000000c0b00000|100%| O|  |TAMS 0x00000000c0b00000, 0x00000000c0b00000| Untracked 
|  11|0x00000000c0b00000, 0x00000000c0c00000, 0x00000000c0c00000|100%| O|  |TAMS 0x00000000c0c00000, 0x00000000c0c00000| Untracked 
|  12|0x00000000c0c00000, 0x00000000c0d00000, 0x00000000c0d00000|100%|HS|  |TAMS 0x00000000c0d00000, 0x00000000c0d00000| Complete 
|  13|0x00000000c0d00000, 0x00000000c0e00000, 0x00000000c0e00000|100%|HC|  |TAMS 0x00000000c0e00000, 0x00000000c0e00000| Complete 
|  14|0x00000000c0e00000, 0x00000000c0f00000, 0x00000000c0f00000|100%| O|  |TAMS 0x00000000c0f00000, 0x00000000c0f00000| Untracked 
|  15|0x00000000c0f00000, 0x00000000c1000000, 0x00000000c1000000|100%| O|  |TAMS 0x00000000c1000000, 0x00000000c1000000| Untracked 
|  16|0x00000000c1000000, 0x00000000c1100000, 0x00000000c1100000|100%| O|  |TAMS 0x00000000c1100000, 0x00000000c1100000| Untracked 
|  17|0x00000000c1100000, 0x00000000c1200000, 0x00000000c1200000|100%| O|  |TAMS 0x00000000c1200000, 0x00000000c1200000| Untracked 
|  18|0x00000000c1200000, 0x00000000c1300000, 0x00000000c1300000|100%| O|  |TAMS 0x00000000c1300000, 0x00000000c1300000| Untracked 
|  19|0x00000000c1300000, 0x00000000c1400000, 0x00000000c1400000|100%| O|  |TAMS 0x00000000c1300000, 0x00000000c1400000| Untracked 
|  20|0x00000000c1400000, 0x00000000c1500000, 0x00000000c1500000|100%| O|  |TAMS 0x00000000c1500000, 0x00000000c1500000| Untracked 
|  21|0x00000000c1500000, 0x00000000c1600000, 0x00000000c1600000|100%| O|  |TAMS 0x00000000c1600000, 0x00000000c1600000| Untracked 
|  22|0x00000000c1600000, 0x00000000c1700000, 0x00000000c1700000|100%| O|  |TAMS 0x00000000c1700000, 0x00000000c1700000| Untracked 
|  23|0x00000000c1700000, 0x00000000c1800000, 0x00000000c1800000|100%| O|  |TAMS 0x00000000c1800000, 0x00000000c1800000| Untracked 
|  24|0x00000000c1800000, 0x00000000c1900000, 0x00000000c1900000|100%| O|  |TAMS 0x00000000c1900000, 0x00000000c1900000| Untracked 
|  25|0x00000000c1900000, 0x00000000c1a00000, 0x00000000c1a00000|100%| O|  |TAMS 0x00000000c1a00000, 0x00000000c1a00000| Untracked 
|  26|0x00000000c1a00000, 0x00000000c1b00000, 0x00000000c1b00000|100%| O|  |TAMS 0x00000000c1b00000, 0x00000000c1b00000| Untracked 
|  27|0x00000000c1b00000, 0x00000000c1c00000, 0x00000000c1c00000|100%| O|  |TAMS 0x00000000c1c00000, 0x00000000c1c00000| Untracked 
|  28|0x00000000c1c00000, 0x00000000c1d00000, 0x00000000c1d00000|100%| O|  |TAMS 0x00000000c1d00000, 0x00000000c1d00000| Untracked 
|  29|0x00000000c1d00000, 0x00000000c1e00000, 0x00000000c1e00000|100%| O|  |TAMS 0x00000000c1e00000, 0x00000000c1e00000| Untracked 
|  30|0x00000000c1e00000, 0x00000000c1f00000, 0x00000000c1f00000|100%| O|  |TAMS 0x00000000c1f00000, 0x00000000c1f00000| Untracked 
|  31|0x00000000c1f00000, 0x00000000c2000000, 0x00000000c2000000|100%| O|  |TAMS 0x00000000c2000000, 0x00000000c2000000| Untracked 
|  32|0x00000000c2000000, 0x00000000c2100000, 0x00000000c2100000|100%| O|  |TAMS 0x00000000c2100000, 0x00000000c2100000| Untracked 
|  33|0x00000000c2100000, 0x00000000c2200000, 0x00000000c2200000|100%| O|  |TAMS 0x00000000c2200000, 0x00000000c2200000| Untracked 
|  34|0x00000000c2200000, 0x00000000c2300000, 0x00000000c2300000|100%| O|  |TAMS 0x00000000c2300000, 0x00000000c2300000| Untracked 
|  35|0x00000000c2300000, 0x00000000c2400000, 0x00000000c2400000|100%| O|  |TAMS 0x00000000c2400000, 0x00000000c2400000| Untracked 
|  36|0x00000000c2400000, 0x00000000c2500000, 0x00000000c2500000|100%| O|  |TAMS 0x00000000c2500000, 0x00000000c2500000| Untracked 
|  37|0x00000000c2500000, 0x00000000c2600000, 0x00000000c2600000|100%| O|  |TAMS 0x00000000c2600000, 0x00000000c2600000| Untracked 
|  38|0x00000000c2600000, 0x00000000c2700000, 0x00000000c2700000|100%| O|  |TAMS 0x00000000c2700000, 0x00000000c2700000| Untracked 
|  39|0x00000000c2700000, 0x00000000c2800000, 0x00000000c2800000|100%| O|  |TAMS 0x00000000c2800000, 0x00000000c2800000| Untracked 
|  40|0x00000000c2800000, 0x00000000c2900000, 0x00000000c2900000|100%| O|  |TAMS 0x00000000c2900000, 0x00000000c2900000| Untracked 
|  41|0x00000000c2900000, 0x00000000c2a00000, 0x00000000c2a00000|100%| O|  |TAMS 0x00000000c2a00000, 0x00000000c2a00000| Untracked 
|  42|0x00000000c2a00000, 0x00000000c2b00000, 0x00000000c2b00000|100%| O|  |TAMS 0x00000000c2b00000, 0x00000000c2b00000| Untracked 
|  43|0x00000000c2b00000, 0x00000000c2c00000, 0x00000000c2c00000|100%| O|  |TAMS 0x00000000c2c00000, 0x00000000c2c00000| Untracked 
|  44|0x00000000c2c00000, 0x00000000c2d00000, 0x00000000c2d00000|100%|HS|  |TAMS 0x00000000c2c00000, 0x00000000c2d00000| Complete 
|  45|0x00000000c2d00000, 0x00000000c2e00000, 0x00000000c2e00000|100%|HS|  |TAMS 0x00000000c2d00000, 0x00000000c2e00000| Complete 
|  46|0x00000000c2e00000, 0x00000000c2f00000, 0x00000000c2f00000|100%| O|  |TAMS 0x00000000c2f00000, 0x00000000c2f00000| Untracked 
|  47|0x00000000c2f00000, 0x00000000c3000000, 0x00000000c3000000|100%|HS|  |TAMS 0x00000000c3000000, 0x00000000c3000000| Complete 
|  48|0x00000000c3000000, 0x00000000c3100000, 0x00000000c3100000|100%| O|  |TAMS 0x00000000c3100000, 0x00000000c3100000| Untracked 
|  49|0x00000000c3100000, 0x00000000c3200000, 0x00000000c3200000|100%| O|  |TAMS 0x00000000c3200000, 0x00000000c3200000| Untracked 
|  50|0x00000000c3200000, 0x00000000c3300000, 0x00000000c3300000|100%| O|  |TAMS 0x00000000c3300000, 0x00000000c3300000| Untracked 
|  51|0x00000000c3300000, 0x00000000c3400000, 0x00000000c3400000|100%| O|  |TAMS 0x00000000c3400000, 0x00000000c3400000| Untracked 
|  52|0x00000000c3400000, 0x00000000c3500000, 0x00000000c3500000|100%| O|  |TAMS 0x00000000c3500000, 0x00000000c3500000| Untracked 
|  53|0x00000000c3500000, 0x00000000c3600000, 0x00000000c3600000|100%| O|  |TAMS 0x00000000c3600000, 0x00000000c3600000| Untracked 
|  54|0x00000000c3600000, 0x00000000c3700000, 0x00000000c3700000|100%| O|  |TAMS 0x00000000c3700000, 0x00000000c3700000| Untracked 
|  55|0x00000000c3700000, 0x00000000c3800000, 0x00000000c3800000|100%| O|  |TAMS 0x00000000c3800000, 0x00000000c3800000| Untracked 
|  56|0x00000000c3800000, 0x00000000c3900000, 0x00000000c3900000|100%| O|  |TAMS 0x00000000c3900000, 0x00000000c3900000| Untracked 
|  57|0x00000000c3900000, 0x00000000c3a00000, 0x00000000c3a00000|100%| O|  |TAMS 0x00000000c3a00000, 0x00000000c3a00000| Untracked 
|  58|0x00000000c3a00000, 0x00000000c3b00000, 0x00000000c3b00000|100%| O|  |TAMS 0x00000000c3b00000, 0x00000000c3b00000| Untracked 
|  59|0x00000000c3b00000, 0x00000000c3c00000, 0x00000000c3c00000|100%| O|  |TAMS 0x00000000c3c00000, 0x00000000c3c00000| Untracked 
|  60|0x00000000c3c00000, 0x00000000c3d00000, 0x00000000c3d00000|100%| O|  |TAMS 0x00000000c3d00000, 0x00000000c3d00000| Untracked 
|  61|0x00000000c3d00000, 0x00000000c3e00000, 0x00000000c3e00000|100%| O|  |TAMS 0x00000000c3e00000, 0x00000000c3e00000| Untracked 
|  62|0x00000000c3e00000, 0x00000000c3f00000, 0x00000000c3f00000|100%| O|  |TAMS 0x00000000c3f00000, 0x00000000c3f00000| Untracked 
|  63|0x00000000c3f00000, 0x00000000c4000000, 0x00000000c4000000|100%| O|  |TAMS 0x00000000c4000000, 0x00000000c4000000| Untracked 
|  64|0x00000000c4000000, 0x00000000c4100000, 0x00000000c4100000|100%| O|  |TAMS 0x00000000c4100000, 0x00000000c4100000| Untracked 
|  65|0x00000000c4100000, 0x00000000c4200000, 0x00000000c4200000|100%| O|  |TAMS 0x00000000c4200000, 0x00000000c4200000| Untracked 
|  66|0x00000000c4200000, 0x00000000c4300000, 0x00000000c4300000|100%| O|  |TAMS 0x00000000c4300000, 0x00000000c4300000| Untracked 
|  67|0x00000000c4300000, 0x00000000c4400000, 0x00000000c4400000|100%| O|  |TAMS 0x00000000c4400000, 0x00000000c4400000| Untracked 
|  68|0x00000000c4400000, 0x00000000c4500000, 0x00000000c4500000|100%| O|  |TAMS 0x00000000c4500000, 0x00000000c4500000| Untracked 
|  69|0x00000000c4500000, 0x00000000c4600000, 0x00000000c4600000|100%| O|  |TAMS 0x00000000c4600000, 0x00000000c4600000| Untracked 
|  70|0x00000000c4600000, 0x00000000c4700000, 0x00000000c4700000|100%| O|  |TAMS 0x00000000c4700000, 0x00000000c4700000| Untracked 
|  71|0x00000000c4700000, 0x00000000c4800000, 0x00000000c4800000|100%| O|  |TAMS 0x00000000c4800000, 0x00000000c4800000| Untracked 
|  72|0x00000000c4800000, 0x00000000c4900000, 0x00000000c4900000|100%| O|  |TAMS 0x00000000c4900000, 0x00000000c4900000| Untracked 
|  73|0x00000000c4900000, 0x00000000c4a00000, 0x00000000c4a00000|100%| O|  |TAMS 0x00000000c4a00000, 0x00000000c4a00000| Untracked 
|  74|0x00000000c4a00000, 0x00000000c4b00000, 0x00000000c4b00000|100%| O|  |TAMS 0x00000000c4b00000, 0x00000000c4b00000| Untracked 
|  75|0x00000000c4b00000, 0x00000000c4c00000, 0x00000000c4c00000|100%| O|  |TAMS 0x00000000c4c00000, 0x00000000c4c00000| Untracked 
|  76|0x00000000c4c00000, 0x00000000c4d00000, 0x00000000c4d00000|100%| O|  |TAMS 0x00000000c4d00000, 0x00000000c4d00000| Untracked 
|  77|0x00000000c4d00000, 0x00000000c4e00000, 0x00000000c4e00000|100%| O|  |TAMS 0x00000000c4e00000, 0x00000000c4e00000| Untracked 
|  78|0x00000000c4e00000, 0x00000000c4f00000, 0x00000000c4f00000|100%| O|  |TAMS 0x00000000c4f00000, 0x00000000c4f00000| Untracked 
|  79|0x00000000c4f00000, 0x00000000c5000000, 0x00000000c5000000|100%| O|  |TAMS 0x00000000c5000000, 0x00000000c5000000| Untracked 
|  80|0x00000000c5000000, 0x00000000c5100000, 0x00000000c5100000|100%| O|  |TAMS 0x00000000c5100000, 0x00000000c5100000| Untracked 
|  81|0x00000000c5100000, 0x00000000c5200000, 0x00000000c5200000|100%| O|  |TAMS 0x00000000c5200000, 0x00000000c5200000| Untracked 
|  82|0x00000000c5200000, 0x00000000c5300000, 0x00000000c5300000|100%| O|  |TAMS 0x00000000c5300000, 0x00000000c5300000| Untracked 
|  83|0x00000000c5300000, 0x00000000c5400000, 0x00000000c5400000|100%| O|  |TAMS 0x00000000c5400000, 0x00000000c5400000| Untracked 
|  84|0x00000000c5400000, 0x00000000c5500000, 0x00000000c5500000|100%| O|  |TAMS 0x00000000c5500000, 0x00000000c5500000| Untracked 
|  85|0x00000000c5500000, 0x00000000c5600000, 0x00000000c5600000|100%| O|  |TAMS 0x00000000c5600000, 0x00000000c5600000| Untracked 
|  86|0x00000000c5600000, 0x00000000c5700000, 0x00000000c5700000|100%| O|  |TAMS 0x00000000c5700000, 0x00000000c5700000| Untracked 
|  87|0x00000000c5700000, 0x00000000c5800000, 0x00000000c5800000|100%| O|  |TAMS 0x00000000c5800000, 0x00000000c5800000| Untracked 
|  88|0x00000000c5800000, 0x00000000c5900000, 0x00000000c5900000|100%| O|  |TAMS 0x00000000c587bc00, 0x00000000c5900000| Untracked 
|  89|0x00000000c5900000, 0x00000000c5a00000, 0x00000000c5a00000|100%| O|  |TAMS 0x00000000c5900000, 0x00000000c5a00000| Untracked 
|  90|0x00000000c5a00000, 0x00000000c5b00000, 0x00000000c5b00000|100%| O|  |TAMS 0x00000000c5a00000, 0x00000000c5b00000| Untracked 
|  91|0x00000000c5b00000, 0x00000000c5c00000, 0x00000000c5c00000|100%| O|  |TAMS 0x00000000c5b00000, 0x00000000c5c00000| Untracked 
|  92|0x00000000c5c00000, 0x00000000c5d00000, 0x00000000c5d00000|100%| O|  |TAMS 0x00000000c5c00000, 0x00000000c5d00000| Untracked 
|  93|0x00000000c5d00000, 0x00000000c5e00000, 0x00000000c5e00000|100%| O|  |TAMS 0x00000000c5d00000, 0x00000000c5e00000| Untracked 
|  94|0x00000000c5e00000, 0x00000000c5f00000, 0x00000000c5f00000|100%| O|  |TAMS 0x00000000c5e00000, 0x00000000c5f00000| Untracked 
|  95|0x00000000c5f00000, 0x00000000c6000000, 0x00000000c6000000|100%| O|  |TAMS 0x00000000c5f00000, 0x00000000c6000000| Untracked 
|  96|0x00000000c6000000, 0x00000000c6100000, 0x00000000c6100000|100%| O|  |TAMS 0x00000000c6000000, 0x00000000c6100000| Untracked 
|  97|0x00000000c6100000, 0x00000000c6200000, 0x00000000c6200000|100%| O|  |TAMS 0x00000000c6100000, 0x00000000c6200000| Untracked 
|  98|0x00000000c6200000, 0x00000000c6300000, 0x00000000c6300000|100%| O|  |TAMS 0x00000000c6200000, 0x00000000c6300000| Untracked 
|  99|0x00000000c6300000, 0x00000000c6400000, 0x00000000c6400000|100%| O|  |TAMS 0x00000000c6300000, 0x00000000c6400000| Untracked 
| 100|0x00000000c6400000, 0x00000000c6500000, 0x00000000c6500000|100%| O|  |TAMS 0x00000000c6400000, 0x00000000c6500000| Untracked 
| 101|0x00000000c6500000, 0x00000000c6600000, 0x00000000c6600000|100%| O|  |TAMS 0x00000000c6500000, 0x00000000c6536200| Untracked 
| 102|0x00000000c6600000, 0x00000000c6700000, 0x00000000c6700000|100%| O|  |TAMS 0x00000000c6600000, 0x00000000c6600000| Untracked 
| 103|0x00000000c6700000, 0x00000000c6800000, 0x00000000c6800000|100%| O|  |TAMS 0x00000000c6700000, 0x00000000c6700000| Untracked 
| 104|0x00000000c6800000, 0x00000000c6900000, 0x00000000c6900000|100%| O|  |TAMS 0x00000000c6800000, 0x00000000c6800000| Untracked 
| 105|0x00000000c6900000, 0x00000000c6a00000, 0x00000000c6a00000|100%| O|  |TAMS 0x00000000c6900000, 0x00000000c6900000| Untracked 
| 106|0x00000000c6a00000, 0x00000000c6a37400, 0x00000000c6b00000| 21%| O|  |TAMS 0x00000000c6a00000, 0x00000000c6a00000| Untracked 
| 107|0x00000000c6b00000, 0x00000000c6b00000, 0x00000000c6c00000|  0%| F|  |TAMS 0x00000000c6b00000, 0x00000000c6b00000| Untracked 
| 108|0x00000000c6c00000, 0x00000000c6c00000, 0x00000000c6d00000|  0%| F|  |TAMS 0x00000000c6c00000, 0x00000000c6c00000| Untracked 
| 109|0x00000000c6d00000, 0x00000000c6d00000, 0x00000000c6e00000|  0%| F|  |TAMS 0x00000000c6d00000, 0x00000000c6d00000| Untracked 
| 110|0x00000000c6e00000, 0x00000000c6e00000, 0x00000000c6f00000|  0%| F|  |TAMS 0x00000000c6e00000, 0x00000000c6e00000| Untracked 
| 111|0x00000000c6f00000, 0x00000000c6f00000, 0x00000000c7000000|  0%| F|  |TAMS 0x00000000c6f00000, 0x00000000c6f00000| Untracked 
| 112|0x00000000c7000000, 0x00000000c7000000, 0x00000000c7100000|  0%| F|  |TAMS 0x00000000c7000000, 0x00000000c7000000| Untracked 
| 113|0x00000000c7100000, 0x00000000c7100000, 0x00000000c7200000|  0%| F|  |TAMS 0x00000000c7100000, 0x00000000c7100000| Untracked 
| 114|0x00000000c7200000, 0x00000000c7200000, 0x00000000c7300000|  0%| F|  |TAMS 0x00000000c7200000, 0x00000000c7200000| Untracked 
| 115|0x00000000c7300000, 0x00000000c7300000, 0x00000000c7400000|  0%| F|  |TAMS 0x00000000c7300000, 0x00000000c7300000| Untracked 
| 116|0x00000000c7400000, 0x00000000c7400000, 0x00000000c7500000|  0%| F|  |TAMS 0x00000000c7400000, 0x00000000c7400000| Untracked 
| 117|0x00000000c7500000, 0x00000000c7500000, 0x00000000c7600000|  0%| F|  |TAMS 0x00000000c7500000, 0x00000000c7500000| Untracked 
| 118|0x00000000c7600000, 0x00000000c7600000, 0x00000000c7700000|  0%| F|  |TAMS 0x00000000c7600000, 0x00000000c7600000| Untracked 
| 119|0x00000000c7700000, 0x00000000c7700000, 0x00000000c7800000|  0%| F|  |TAMS 0x00000000c7700000, 0x00000000c7700000| Untracked 
| 120|0x00000000c7800000, 0x00000000c7800000, 0x00000000c7900000|  0%| F|  |TAMS 0x00000000c7800000, 0x00000000c7800000| Untracked 
| 121|0x00000000c7900000, 0x00000000c7900000, 0x00000000c7a00000|  0%| F|  |TAMS 0x00000000c7900000, 0x00000000c7900000| Untracked 
| 122|0x00000000c7a00000, 0x00000000c7a00000, 0x00000000c7b00000|  0%| F|  |TAMS 0x00000000c7a00000, 0x00000000c7a00000| Untracked 
| 123|0x00000000c7b00000, 0x00000000c7b00000, 0x00000000c7c00000|  0%| F|  |TAMS 0x00000000c7b00000, 0x00000000c7b00000| Untracked 
| 124|0x00000000c7c00000, 0x00000000c7c00000, 0x00000000c7d00000|  0%| F|  |TAMS 0x00000000c7c00000, 0x00000000c7c00000| Untracked 
| 125|0x00000000c7d00000, 0x00000000c7d00000, 0x00000000c7e00000|  0%| F|  |TAMS 0x00000000c7d00000, 0x00000000c7d00000| Untracked 
| 126|0x00000000c7e00000, 0x00000000c7e00000, 0x00000000c7f00000|  0%| F|  |TAMS 0x00000000c7e00000, 0x00000000c7e00000| Untracked 
| 127|0x00000000c7f00000, 0x00000000c7f00000, 0x00000000c8000000|  0%| F|  |TAMS 0x00000000c7f00000, 0x00000000c7f00000| Untracked 
| 128|0x00000000c8000000, 0x00000000c8000000, 0x00000000c8100000|  0%| F|  |TAMS 0x00000000c8000000, 0x00000000c8000000| Untracked 
| 129|0x00000000c8100000, 0x00000000c8100000, 0x00000000c8200000|  0%| F|  |TAMS 0x00000000c8100000, 0x00000000c8100000| Untracked 
| 130|0x00000000c8200000, 0x00000000c8200000, 0x00000000c8300000|  0%| F|  |TAMS 0x00000000c8200000, 0x00000000c8200000| Untracked 
| 131|0x00000000c8300000, 0x00000000c8300000, 0x00000000c8400000|  0%| F|  |TAMS 0x00000000c8300000, 0x00000000c8300000| Untracked 
| 132|0x00000000c8400000, 0x00000000c8400000, 0x00000000c8500000|  0%| F|  |TAMS 0x00000000c8400000, 0x00000000c8400000| Untracked 
| 133|0x00000000c8500000, 0x00000000c8600000, 0x00000000c8600000|100%| S|CS|TAMS 0x00000000c8500000, 0x00000000c8500000| Complete 
| 134|0x00000000c8600000, 0x00000000c8700000, 0x00000000c8700000|100%| S|CS|TAMS 0x00000000c8600000, 0x00000000c8600000| Complete 
| 135|0x00000000c8700000, 0x00000000c8800000, 0x00000000c8800000|100%| S|CS|TAMS 0x00000000c8700000, 0x00000000c8700000| Complete 
| 136|0x00000000c8800000, 0x00000000c8900000, 0x00000000c8900000|100%| S|CS|TAMS 0x00000000c8800000, 0x00000000c8800000| Complete 
| 137|0x00000000c8900000, 0x00000000c8a00000, 0x00000000c8a00000|100%| S|CS|TAMS 0x00000000c8900000, 0x00000000c8900000| Complete 
| 138|0x00000000c8a00000, 0x00000000c8a00000, 0x00000000c8b00000|  0%| F|  |TAMS 0x00000000c8a00000, 0x00000000c8a00000| Untracked 
| 139|0x00000000c8b00000, 0x00000000c8b00000, 0x00000000c8c00000|  0%| F|  |TAMS 0x00000000c8b00000, 0x00000000c8b00000| Untracked 
| 140|0x00000000c8c00000, 0x00000000c8c00000, 0x00000000c8d00000|  0%| F|  |TAMS 0x00000000c8c00000, 0x00000000c8c00000| Untracked 
| 141|0x00000000c8d00000, 0x00000000c8d00000, 0x00000000c8e00000|  0%| F|  |TAMS 0x00000000c8d00000, 0x00000000c8d00000| Untracked 
| 142|0x00000000c8e00000, 0x00000000c8e00000, 0x00000000c8f00000|  0%| F|  |TAMS 0x00000000c8e00000, 0x00000000c8e00000| Untracked 
| 143|0x00000000c8f00000, 0x00000000c8f00000, 0x00000000c9000000|  0%| F|  |TAMS 0x00000000c8f00000, 0x00000000c8f00000| Untracked 
| 144|0x00000000c9000000, 0x00000000c9000000, 0x00000000c9100000|  0%| F|  |TAMS 0x00000000c9000000, 0x00000000c9000000| Untracked 
| 145|0x00000000c9100000, 0x00000000c9100000, 0x00000000c9200000|  0%| F|  |TAMS 0x00000000c9100000, 0x00000000c9100000| Untracked 
| 146|0x00000000c9200000, 0x00000000c9200000, 0x00000000c9300000|  0%| F|  |TAMS 0x00000000c9200000, 0x00000000c9200000| Untracked 
| 147|0x00000000c9300000, 0x00000000c9300000, 0x00000000c9400000|  0%| F|  |TAMS 0x00000000c9300000, 0x00000000c9300000| Untracked 
| 148|0x00000000c9400000, 0x00000000c9400000, 0x00000000c9500000|  0%| F|  |TAMS 0x00000000c9400000, 0x00000000c9400000| Untracked 
| 149|0x00000000c9500000, 0x00000000c9500000, 0x00000000c9600000|  0%| F|  |TAMS 0x00000000c9500000, 0x00000000c9500000| Untracked 
| 150|0x00000000c9600000, 0x00000000c9600000, 0x00000000c9700000|  0%| F|  |TAMS 0x00000000c9600000, 0x00000000c9600000| Untracked 
| 151|0x00000000c9700000, 0x00000000c9700000, 0x00000000c9800000|  0%| F|  |TAMS 0x00000000c9700000, 0x00000000c9700000| Untracked 
| 152|0x00000000c9800000, 0x00000000c9800000, 0x00000000c9900000|  0%| F|  |TAMS 0x00000000c9800000, 0x00000000c9800000| Untracked 
| 153|0x00000000c9900000, 0x00000000c9900000, 0x00000000c9a00000|  0%| F|  |TAMS 0x00000000c9900000, 0x00000000c9900000| Untracked 
| 154|0x00000000c9a00000, 0x00000000c9a00000, 0x00000000c9b00000|  0%| F|  |TAMS 0x00000000c9a00000, 0x00000000c9a00000| Untracked 
| 155|0x00000000c9b00000, 0x00000000c9b00000, 0x00000000c9c00000|  0%| F|  |TAMS 0x00000000c9b00000, 0x00000000c9b00000| Untracked 
| 156|0x00000000c9c00000, 0x00000000c9c00000, 0x00000000c9d00000|  0%| F|  |TAMS 0x00000000c9c00000, 0x00000000c9c00000| Untracked 
| 157|0x00000000c9d00000, 0x00000000c9d00000, 0x00000000c9e00000|  0%| F|  |TAMS 0x00000000c9d00000, 0x00000000c9d00000| Untracked 
| 158|0x00000000c9e00000, 0x00000000c9e00000, 0x00000000c9f00000|  0%| F|  |TAMS 0x00000000c9e00000, 0x00000000c9e00000| Untracked 
| 159|0x00000000c9f00000, 0x00000000c9f00000, 0x00000000ca000000|  0%| F|  |TAMS 0x00000000c9f00000, 0x00000000c9f00000| Untracked 
| 160|0x00000000ca000000, 0x00000000ca000000, 0x00000000ca100000|  0%| F|  |TAMS 0x00000000ca000000, 0x00000000ca000000| Untracked 
| 161|0x00000000ca100000, 0x00000000ca100000, 0x00000000ca200000|  0%| F|  |TAMS 0x00000000ca100000, 0x00000000ca100000| Untracked 
| 162|0x00000000ca200000, 0x00000000ca200000, 0x00000000ca300000|  0%| F|  |TAMS 0x00000000ca200000, 0x00000000ca200000| Untracked 
| 163|0x00000000ca300000, 0x00000000ca300000, 0x00000000ca400000|  0%| F|  |TAMS 0x00000000ca300000, 0x00000000ca300000| Untracked 
| 164|0x00000000ca400000, 0x00000000ca400000, 0x00000000ca500000|  0%| F|  |TAMS 0x00000000ca400000, 0x00000000ca400000| Untracked 
| 165|0x00000000ca500000, 0x00000000ca500000, 0x00000000ca600000|  0%| F|  |TAMS 0x00000000ca500000, 0x00000000ca500000| Untracked 
| 166|0x00000000ca600000, 0x00000000ca600000, 0x00000000ca700000|  0%| F|  |TAMS 0x00000000ca600000, 0x00000000ca600000| Untracked 
| 167|0x00000000ca700000, 0x00000000ca700000, 0x00000000ca800000|  0%| F|  |TAMS 0x00000000ca700000, 0x00000000ca700000| Untracked 
| 168|0x00000000ca800000, 0x00000000ca800000, 0x00000000ca900000|  0%| F|  |TAMS 0x00000000ca800000, 0x00000000ca800000| Untracked 
| 169|0x00000000ca900000, 0x00000000ca900000, 0x00000000caa00000|  0%| F|  |TAMS 0x00000000ca900000, 0x00000000ca900000| Untracked 
| 170|0x00000000caa00000, 0x00000000caa00000, 0x00000000cab00000|  0%| F|  |TAMS 0x00000000caa00000, 0x00000000caa00000| Untracked 
| 171|0x00000000cab00000, 0x00000000cab00000, 0x00000000cac00000|  0%| F|  |TAMS 0x00000000cab00000, 0x00000000cab00000| Untracked 

Card table byte_map: [0x00000207f60b0000,0x00000207f62b0000] _byte_map_base: 0x00000207f5ab0000

Marking Bits (Prev, Next): (CMBitMap*) 0x00000207df3b54a0, (CMBitMap*) 0x00000207df3b5460
 Prev Bits: [0x00000207f74b0000, 0x00000207f84b0000)
 Next Bits: [0x00000207f64b0000, 0x00000207f74b0000)

Polling page: 0x00000207dd200000

Metaspace:

Usage:
  Non-class:      6.46 MB used.
      Class:    854.66 KB used.
       Both:      7.30 MB used.

Virtual space:
  Non-class space:       64.00 MB reserved,       6.56 MB ( 10%) committed,  1 nodes.
      Class space:        1.00 GB reserved,     960.00 KB ( <1%) committed,  1 nodes.
             Both:        1.06 GB reserved,       7.50 MB ( <1%) committed. 

Chunk freelists:
   Non-Class:  8.55 MB
       Class:  14.92 MB
        Both:  23.47 MB

MaxMetaspaceSize: unlimited
CompressedClassSpaceSize: 1.00 GB
Initial GC threshold: 21.00 MB
Current GC threshold: 21.00 MB
CDS: on
MetaspaceReclaimPolicy: balanced
 - commit_granule_bytes: 65536.
 - commit_granule_words: 8192.
 - virtual_space_node_default_size: 8388608.
 - enlarge_chunks_in_place: 1.
 - new_chunks_are_fully_committed: 0.
 - uncommit_free_chunks: 1.
 - use_allocation_guard: 0.
 - handle_deallocations: 1.


Internal statistics:

num_allocs_failed_limit: 0.
num_arena_births: 80.
num_arena_deaths: 4.
num_vsnodes_births: 2.
num_vsnodes_deaths: 0.
num_space_committed: 120.
num_space_uncommitted: 0.
num_chunks_returned_to_freelist: 6.
num_chunks_taken_from_freelist: 294.
num_chunk_merges: 0.
num_chunk_splits: 181.
num_chunks_enlarged: 131.
num_inconsistent_stats: 0.

CodeHeap 'non-profiled nmethods': size=120000Kb used=1780Kb max_used=1780Kb free=118220Kb
 bounds [0x00000207ee980000, 0x00000207eebf0000, 0x00000207f5eb0000]
CodeHeap 'profiled nmethods': size=120000Kb used=4186Kb max_used=4186Kb free=115813Kb
 bounds [0x00000207e6eb0000, 0x00000207e72d0000, 0x00000207ee3e0000]
CodeHeap 'non-nmethods': size=5760Kb used=1155Kb max_used=1257Kb free=4605Kb
 bounds [0x00000207ee3e0000, 0x00000207ee650000, 0x00000207ee980000]
 total_blobs=2530 nmethods=2087 adapters=356
 compilation: enabled
              stopped_count=0, restarted_count=0
 full_count=0

Compilation events (20 events):
Event: 13.681 Thread 0x00000207fa95e2d0 2086       3       com.android.tools.r8.graph.G3::c (227 bytes)
Event: 13.682 Thread 0x00000207fa95e2d0 nmethod 2086 0x00000207e72c2d10 code [0x00000207e72c3000, 0x00000207e72c3d98]
Event: 13.682 Thread 0x00000207fa95e2d0 2088       3       com.android.tools.r8.graph.D3$j::a (37 bytes)
Event: 13.683 Thread 0x00000207fa95e2d0 nmethod 2088 0x00000207e72c4210 code [0x00000207e72c43e0, 0x00000207e72c47b8]
Event: 13.683 Thread 0x00000207fa95e2d0 2085       3       com.android.tools.r8.internal.Eh::<init> (5 bytes)
Event: 13.683 Thread 0x00000207fa95e2d0 nmethod 2085 0x00000207e72c4910 code [0x00000207e72c4aa0, 0x00000207e72c4bf8]
Event: 13.700 Thread 0x00000207ff6c1e10 nmethod 2082 0x00000207eeb36c90 code [0x00000207eeb36f80, 0x00000207eeb39250]
Event: 13.700 Thread 0x00000207ff6c1e10 2083   !   4       java.util.concurrent.ForkJoinTask::awaitDone (656 bytes)
Event: 13.702 Thread 0x00000207fa95e2d0 2089       3       com.android.tools.r8.graph.f4$$Lambda$90/0x000002078110d400::apply (19 bytes)
Event: 13.703 Thread 0x00000207fa95e2d0 nmethod 2089 0x00000207e72c4c90 code [0x00000207e72c4e60, 0x00000207e72c5358]
Event: 13.720 Thread 0x00000207ff6c1e10 nmethod 2083 0x00000207eeb3a010 code [0x00000207eeb3a1e0, 0x00000207eeb3ab78]
Event: 13.720 Thread 0x00000207ff6c1e10 2087       4       com.android.tools.r8.graph.d4$$Lambda$71/0x00000207810ac9d8::apply (8 bytes)
Event: 13.724 Thread 0x00000207ff6c1e10 nmethod 2087 0x00000207eeb3b490 code [0x00000207eeb3b620, 0x00000207eeb3b878]
Event: 13.851 Thread 0x00000207ff6c1e10 2090       4       com.android.tools.r8.graph.h4::a (470 bytes)
Event: 13.873 Thread 0x00000207fa95e2d0 2091       3       com.android.tools.r8.graph.G3$$Lambda$95/0x00000207811159f8::accept (12 bytes)
Event: 13.874 Thread 0x00000207fa95e2d0 nmethod 2091 0x00000207e72c5510 code [0x00000207e72c5700, 0x00000207e72c5d28]
Event: 13.874 Thread 0x00000207fa95e2d0 2092       3       com.android.tools.r8.graph.F3::a (11 bytes)
Event: 13.874 Thread 0x00000207fa95e2d0 nmethod 2092 0x00000207e72c5f90 code [0x00000207e72c6160, 0x00000207e72c6628]
Event: 13.877 Thread 0x00000207ff6c1e10 nmethod 2090 0x00000207eeb3bb10 code [0x00000207eeb3bd00, 0x00000207eeb3c948]
Event: 13.877 Thread 0x00000207ff6c1e10 2093       4       com.android.tools.r8.internal.vd::a (4363 bytes)

GC Heap History (20 events):
Event: 9.302 GC heap after
{Heap after GC invocations=8 (full 0):
 garbage-first heap   total 131072K, used 71168K [0x00000000c0000000, 0x0000000100000000)
  region size 1024K, 5 young (5120K), 5 survivors (5120K)
 Metaspace       used 5956K, committed 6144K, reserved 1114112K
  class space    used 668K, committed 768K, reserved 1048576K
}
Event: 10.369 GC heap before
{Heap before GC invocations=8 (full 0):
 garbage-first heap   total 131072K, used 97792K [0x00000000c0000000, 0x0000000100000000)
  region size 1024K, 31 young (31744K), 5 survivors (5120K)
 Metaspace       used 7279K, committed 7424K, reserved 1114112K
  class space    used 831K, committed 896K, reserved 1048576K
}
Event: 10.390 GC heap after
{Heap after GC invocations=9 (full 0):
 garbage-first heap   total 131072K, used 80384K [0x00000000c0000000, 0x0000000100000000)
  region size 1024K, 4 young (4096K), 4 survivors (4096K)
 Metaspace       used 7279K, committed 7424K, reserved 1114112K
  class space    used 831K, committed 896K, reserved 1048576K
}
Event: 10.756 GC heap before
{Heap before GC invocations=10 (full 0):
 garbage-first heap   total 132096K, used 88576K [0x00000000c0000000, 0x0000000100000000)
  region size 1024K, 18 young (18432K), 4 survivors (4096K)
 Metaspace       used 7407K, committed 7616K, reserved 1114112K
  class space    used 849K, committed 960K, reserved 1048576K
}
Event: 10.774 GC heap after
{Heap after GC invocations=11 (full 0):
 garbage-first heap   total 132096K, used 78848K [0x00000000c0000000, 0x0000000100000000)
  region size 1024K, 3 young (3072K), 3 survivors (3072K)
 Metaspace       used 7407K, committed 7616K, reserved 1114112K
  class space    used 849K, committed 960K, reserved 1048576K
}
Event: 10.802 GC heap before
{Heap before GC invocations=11 (full 0):
 garbage-first heap   total 132096K, used 81920K [0x00000000c0000000, 0x0000000100000000)
  region size 1024K, 6 young (6144K), 3 survivors (3072K)
 Metaspace       used 7410K, committed 7616K, reserved 1114112K
  class space    used 849K, committed 960K, reserved 1048576K
}
Event: 10.813 GC heap after
{Heap after GC invocations=12 (full 0):
 garbage-first heap   total 132096K, used 79749K [0x00000000c0000000, 0x0000000100000000)
  region size 1024K, 1 young (1024K), 1 survivors (1024K)
 Metaspace       used 7410K, committed 7616K, reserved 1114112K
  class space    used 849K, committed 960K, reserved 1048576K
}
Event: 11.131 GC heap before
{Heap before GC invocations=12 (full 0):
 garbage-first heap   total 132096K, used 101253K [0x00000000c0000000, 0x0000000100000000)
  region size 1024K, 22 young (22528K), 1 survivors (1024K)
 Metaspace       used 7432K, committed 7616K, reserved 1114112K
  class space    used 851K, committed 960K, reserved 1048576K
}
Event: 11.148 GC heap after
{Heap after GC invocations=13 (full 0):
 garbage-first heap   total 158720K, used 85756K [0x00000000c0000000, 0x0000000100000000)
  region size 1024K, 3 young (3072K), 3 survivors (3072K)
 Metaspace       used 7432K, committed 7616K, reserved 1114112K
  class space    used 851K, committed 960K, reserved 1048576K
}
Event: 11.454 GC heap before
{Heap before GC invocations=14 (full 0):
 garbage-first heap   total 158720K, used 97020K [0x00000000c0000000, 0x0000000100000000)
  region size 1024K, 14 young (14336K), 3 survivors (3072K)
 Metaspace       used 7435K, committed 7616K, reserved 1114112K
  class space    used 851K, committed 960K, reserved 1048576K
}
Event: 11.470 GC heap after
{Heap after GC invocations=15 (full 0):
 garbage-first heap   total 158720K, used 89581K [0x00000000c0000000, 0x0000000100000000)
  region size 1024K, 2 young (2048K), 2 survivors (2048K)
 Metaspace       used 7435K, committed 7616K, reserved 1114112K
  class space    used 851K, committed 960K, reserved 1048576K
}
Event: 11.508 GC heap before
{Heap before GC invocations=15 (full 0):
 garbage-first heap   total 158720K, used 93677K [0x00000000c0000000, 0x0000000100000000)
  region size 1024K, 7 young (7168K), 2 survivors (2048K)
 Metaspace       used 7439K, committed 7616K, reserved 1114112K
  class space    used 851K, committed 960K, reserved 1048576K
}
Event: 11.519 GC heap after
{Heap after GC invocations=16 (full 0):
 garbage-first heap   total 158720K, used 89583K [0x00000000c0000000, 0x0000000100000000)
  region size 1024K, 1 young (1024K), 1 survivors (1024K)
 Metaspace       used 7439K, committed 7616K, reserved 1114112K
  class space    used 851K, committed 960K, reserved 1048576K
}
Event: 12.180 GC heap before
{Heap before GC invocations=16 (full 0):
 garbage-first heap   total 158720K, used 119279K [0x00000000c0000000, 0x0000000100000000)
  region size 1024K, 31 young (31744K), 1 survivors (1024K)
 Metaspace       used 7444K, committed 7616K, reserved 1114112K
  class space    used 851K, committed 960K, reserved 1048576K
}
Event: 12.203 GC heap after
{Heap after GC invocations=17 (full 0):
 garbage-first heap   total 158720K, used 97481K [0x00000000c0000000, 0x0000000100000000)
  region size 1024K, 4 young (4096K), 4 survivors (4096K)
 Metaspace       used 7444K, committed 7616K, reserved 1114112K
  class space    used 851K, committed 960K, reserved 1048576K
}
Event: 12.505 GC heap before
{Heap before GC invocations=18 (full 0):
 garbage-first heap   total 176128K, used 108745K [0x00000000c0000000, 0x0000000100000000)
  region size 1024K, 15 young (15360K), 4 survivors (4096K)
 Metaspace       used 7464K, committed 7680K, reserved 1114112K
  class space    used 853K, committed 960K, reserved 1048576K
}
Event: 12.521 GC heap after
{Heap after GC invocations=19 (full 0):
 garbage-first heap   total 176128K, used 100765K [0x00000000c0000000, 0x0000000100000000)
  region size 1024K, 2 young (2048K), 2 survivors (2048K)
 Metaspace       used 7464K, committed 7680K, reserved 1114112K
  class space    used 853K, committed 960K, reserved 1048576K
}
Event: 12.790 GC heap before
{Heap before GC invocations=19 (full 0):
 garbage-first heap   total 176128K, used 106909K [0x00000000c0000000, 0x0000000100000000)
  region size 1024K, 8 young (8192K), 2 survivors (2048K)
 Metaspace       used 7471K, committed 7680K, reserved 1114112K
  class space    used 854K, committed 960K, reserved 1048576K
}
Event: 12.800 GC heap after
{Heap after GC invocations=20 (full 0):
 garbage-first heap   total 176128K, used 101592K [0x00000000c0000000, 0x0000000100000000)
  region size 1024K, 1 young (1024K), 1 survivors (1024K)
 Metaspace       used 7471K, committed 7680K, reserved 1114112K
  class space    used 854K, committed 960K, reserved 1048576K
}
Event: 13.889 GC heap before
{Heap before GC invocations=20 (full 0):
 garbage-first heap   total 176128K, used 138456K [0x00000000c0000000, 0x0000000100000000)
  region size 1024K, 34 young (34816K), 1 survivors (1024K)
 Metaspace       used 7472K, committed 7680K, reserved 1114112K
  class space    used 854K, committed 960K, reserved 1048576K
}

Dll operation events (7 events):
Event: 0.036 Loaded shared library C:\Program Files\Microsoft\jdk-17.0.15.6-hotspot\bin\java.dll
Event: 0.150 Loaded shared library C:\Program Files\Microsoft\jdk-17.0.15.6-hotspot\bin\jsvml.dll
Event: 0.364 Loaded shared library C:\Program Files\Microsoft\jdk-17.0.15.6-hotspot\bin\net.dll
Event: 0.370 Loaded shared library C:\Program Files\Microsoft\jdk-17.0.15.6-hotspot\bin\nio.dll
Event: 0.432 Loaded shared library C:\Program Files\Microsoft\jdk-17.0.15.6-hotspot\bin\zip.dll
Event: 1.563 Loaded shared library C:\Program Files\Microsoft\jdk-17.0.15.6-hotspot\bin\jimage.dll
Event: 9.418 Loaded shared library C:\Program Files\Microsoft\jdk-17.0.15.6-hotspot\bin\verify.dll

Deoptimization events (20 events):
Event: 12.333 Thread 0x00000207ff589490 Uncommon trap: trap_request=0xffffffbe fr.pc=0x00000207eeade298 relative=0x0000000000000ad8
Event: 12.333 Thread 0x00000207ff589490 Uncommon trap: reason=profile_predicate action=maybe_recompile pc=0x00000207eeade298 method=com.android.tools.r8.graph.I2.a(Ljava/lang/String;)[B @ 87 c2
Event: 12.333 Thread 0x00000207ff589490 DEOPT PACKING pc=0x00000207eeade298 sp=0x000000a86dafea40
Event: 12.333 Thread 0x00000207ff589490 DEOPT UNPACKING pc=0x00000207ee4369a3 sp=0x000000a86dafea08 mode 2
Event: 12.567 Thread 0x00000207ff589490 Uncommon trap: trap_request=0xffffffcc fr.pc=0x00000207eeaedf98 relative=0x0000000000000378
Event: 12.567 Thread 0x00000207ff589490 Uncommon trap: reason=intrinsic_or_type_checked_inlining action=make_not_entrant pc=0x00000207eeaedf98 method=java.util.ArrayList.toArray([Ljava/lang/Object;)[Ljava/lang/Object; @ 36 c2
Event: 12.567 Thread 0x00000207ff589490 DEOPT PACKING pc=0x00000207eeaedf98 sp=0x000000a86dafeb50
Event: 12.567 Thread 0x00000207ff589490 DEOPT UNPACKING pc=0x00000207ee4369a3 sp=0x000000a86dafeb20 mode 2
Event: 12.573 Thread 0x00000207ff589c10 Uncommon trap: trap_request=0xffffffcc fr.pc=0x00000207eeaee904 relative=0x0000000000000364
Event: 12.573 Thread 0x00000207ff589c10 Uncommon trap: reason=intrinsic_or_type_checked_inlining action=make_not_entrant pc=0x00000207eeaee904 method=java.util.Arrays.copyOf([Ljava/lang/Object;ILjava/lang/Class;)[Ljava/lang/Object; @ 35 c2
Event: 12.573 Thread 0x00000207ff589c10 DEOPT PACKING pc=0x00000207eeaee904 sp=0x000000a86dbfe940
Event: 12.573 Thread 0x00000207ff589c10 DEOPT UNPACKING pc=0x00000207ee4369a3 sp=0x000000a86dbfe8e8 mode 2
Event: 13.471 Thread 0x00000207ff589c10 Uncommon trap: trap_request=0xffffff45 fr.pc=0x00000207eead1778 relative=0x00000000000087d8
Event: 13.471 Thread 0x00000207ff589c10 Uncommon trap: reason=unstable_if action=reinterpret pc=0x00000207eead1778 method=com.android.tools.r8.internal.vd.a(Lcom/android/tools/r8/internal/Gd;[Lcom/android/tools/r8/internal/I4;I)V @ 707 c2
Event: 13.471 Thread 0x00000207ff589c10 DEOPT PACKING pc=0x00000207eead1778 sp=0x000000a86dbfee40
Event: 13.471 Thread 0x00000207ff589c10 DEOPT UNPACKING pc=0x00000207ee4369a3 sp=0x000000a86dbfedc0 mode 2
Event: 13.670 Thread 0x00000207ff589c10 Uncommon trap: trap_request=0xffffff3d fr.pc=0x00000207eeb0f300 relative=0x0000000000001dc0
Event: 13.670 Thread 0x00000207ff589c10 Uncommon trap: reason=unstable_fused_if action=reinterpret pc=0x00000207eeb0f300 method=com.android.tools.r8.graph.G3.c()Lcom/android/tools/r8/graph/D3$e; @ 33 c2
Event: 13.670 Thread 0x00000207ff589c10 DEOPT PACKING pc=0x00000207eeb0f300 sp=0x000000a86dbfea40
Event: 13.670 Thread 0x00000207ff589c10 DEOPT UNPACKING pc=0x00000207ee4369a3 sp=0x000000a86dbfea20 mode 2

Classes loaded (20 events):
Event: 5.713 Loading class java/util/concurrent/atomic/AtomicReference
Event: 5.726 Loading class java/util/concurrent/atomic/AtomicReference done
Event: 5.788 Loading class java/util/concurrent/ConcurrentLinkedQueue
Event: 5.794 Loading class java/util/AbstractQueue
Event: 5.794 Loading class java/util/AbstractQueue done
Event: 5.794 Loading class java/util/concurrent/ConcurrentLinkedQueue done
Event: 5.794 Loading class java/util/concurrent/ConcurrentLinkedQueue$Node
Event: 5.794 Loading class java/util/concurrent/ConcurrentLinkedQueue$Node done
Event: 9.209 Loading class java/util/concurrent/Callable
Event: 9.209 Loading class java/util/concurrent/Callable done
Event: 9.210 Loading class java/util/concurrent/ForkJoinTask$AdaptedCallable
Event: 9.210 Loading class java/util/concurrent/RunnableFuture
Event: 9.210 Loading class java/util/concurrent/RunnableFuture done
Event: 9.210 Loading class java/util/concurrent/ForkJoinTask$AdaptedCallable done
Event: 9.212 Loading class java/util/concurrent/ForkJoinPool$DefaultForkJoinWorkerThreadFactory$1
Event: 9.218 Loading class java/util/concurrent/ForkJoinPool$DefaultForkJoinWorkerThreadFactory$1 done
Event: 9.491 Loading class java/lang/reflect/GenericSignatureFormatError
Event: 9.491 Loading class java/lang/ClassFormatError
Event: 9.491 Loading class java/lang/ClassFormatError done
Event: 9.491 Loading class java/lang/reflect/GenericSignatureFormatError done

Classes unloaded (2 events):
Event: 11.236 Thread 0x00000207fa937c30 Unloading class 0x0000020781110800 'java/lang/invoke/LambdaForm$DMH+0x0000020781110800'
Event: 11.236 Thread 0x00000207fa937c30 Unloading class 0x0000020781110400 'java/lang/invoke/LambdaForm$DMH+0x0000020781110400'

Classes redefined (0 events):
No events

Internal exceptions (17 events):
Event: 2.240 Thread 0x00000207dd1ee940 Exception <a 'java/lang/NoSuchMethodError'{0x00000000c7c2ad60}: 'void java.lang.invoke.DirectMethodHandle$Holder.invokeStatic(java.lang.Object, java.lang.Object)'> (0x00000000c7c2ad60) 
thrown [s\src\hotspot\share\interpreter\linkResolver.cpp, line 759]
Event: 2.847 Thread 0x00000207dd1ee940 Exception <a 'java/lang/NoSuchMethodError'{0x00000000c7f94770}: 'java.lang.Object java.lang.invoke.DirectMethodHandle$Holder.invokeVirtual(java.lang.Object, java.lang.Object, int)'> (0x00000000c7f94770) 
thrown [s\src\hotspot\share\interpreter\linkResolver.cpp, line 759]
Event: 2.850 Thread 0x00000207dd1ee940 Exception <a 'sun/nio/fs/WindowsException'{0x00000000c7f9b520}> (0x00000000c7f9b520) 
thrown [s\src\hotspot\share\prims\jni.cpp, line 516]
Event: 2.851 Thread 0x00000207dd1ee940 Exception <a 'sun/nio/fs/WindowsException'{0x00000000c7f9c148}> (0x00000000c7f9c148) 
thrown [s\src\hotspot\share\prims\jni.cpp, line 516]
Event: 2.851 Thread 0x00000207dd1ee940 Exception <a 'sun/nio/fs/WindowsException'{0x00000000c7f9ca50}> (0x00000000c7f9ca50) 
thrown [s\src\hotspot\share\prims\jni.cpp, line 516]
Event: 2.852 Thread 0x00000207dd1ee940 Exception <a 'java/lang/NoSuchMethodError'{0x00000000c7f9da80}: 'void java.lang.invoke.DirectMethodHandle$Holder.invokeSpecial(java.lang.Object, java.lang.Object, java.lang.Object)'> (0x00000000c7f9da80) 
thrown [s\src\hotspot\share\interpreter\linkResolver.cpp, line 759]
Event: 5.517 Thread 0x00000207dd1ee940 Exception <a 'java/lang/NoSuchMethodError'{0x00000000c76232d8}: 'void java.lang.invoke.DirectMethodHandle$Holder.invokeStatic(java.lang.Object, java.lang.Object, java.lang.Object)'> (0x00000000c76232d8) 
thrown [s\src\hotspot\share\interpreter\linkResolver.cpp, line 759]
Event: 5.663 Thread 0x00000207dd1ee940 Exception <a 'java/lang/NoSuchMethodError'{0x00000000c76c3e30}: 'void java.lang.invoke.DirectMethodHandle$Holder.invokeStatic(java.lang.Object, java.lang.Object, java.lang.Object, java.lang.Object)'> (0x00000000c76c3e30) 
thrown [s\src\hotspot\share\interpreter\linkResolver.cpp, line 759]
Event: 9.188 Thread 0x00000207dd1ee940 Exception <a 'java/lang/NoSuchMethodError'{0x00000000c626dde0}: 'java.lang.Object java.lang.invoke.DirectMethodHandle$Holder.invokeStaticInit(java.lang.Object, java.lang.Object, java.lang.Object, java.lang.Object, java.lang.Object, java.lang.Object, java.lang.Object, java.lang.Object, java.lang.Object, java.lang.Object, java.lang.Object, java.lang.Object, java.lang.Object, java.lang.Object, java.lang.Object, java.lang.Object, java.lang.Object, java.lang.Object, java.lang.Object, java.lang.Object, int, java
Event: 9.190 Thread 0x00000207dd1ee940 Exception <a 'java/lang/NoSuchMethodError'{0x00000000c627b458}: 'int java.lang.invoke.DirectMethodHandle$Holder.invokeVirtual(java.lang.Object, java.lang.Object)'> (0x00000000c627b458) 
thrown [s\src\hotspot\share\interpreter\linkResolver.cpp, line 759]
Event: 9.517 Thread 0x00000207ff589c10 Exception <a 'java/lang/IncompatibleClassChangeError'{0x00000000c7edd4e0}: Found class java.lang.Object, but interface was expected> (0x00000000c7edd4e0) 
thrown [s\src\hotspot\share\interpreter\linkResolver.cpp, line 826]
Event: 9.569 Thread 0x00000207ff589490 Exception <a 'java/lang/NoSuchMethodError'{0x00000000c7fb52f8}: 'java.lang.Object java.lang.invoke.DirectMethodHandle$Holder.invokeVirtual(java.lang.Object, java.lang.Object, java.lang.Object)'> (0x00000000c7fb52f8) 
thrown [s\src\hotspot\share\interpreter\linkResolver.cpp, line 759]
Event: 9.811 Thread 0x00000207ff589490 Exception <a 'java/lang/NoSuchMethodError'{0x00000000c7c13f60}: 'long java.lang.invoke.DirectMethodHandle$Holder.invokeStatic(java.lang.Object, java.lang.Object)'> (0x00000000c7c13f60) 
thrown [s\src\hotspot\share\interpreter\linkResolver.cpp, line 759]
Event: 9.812 Thread 0x00000207ff589490 Exception <a 'java/lang/NoSuchMethodError'{0x00000000c7c17760}: 'long java.lang.invoke.DirectMethodHandle$Holder.invokeStaticInit(java.lang.Object, java.lang.Object)'> (0x00000000c7c17760) 
thrown [s\src\hotspot\share\interpreter\linkResolver.cpp, line 759]
Event: 10.071 Thread 0x00000207ff589490 Exception <a 'java/lang/NoSuchMethodError'{0x00000000c79b0658}: 'java.lang.Object java.lang.invoke.DirectMethodHandle$Holder.newInvokeSpecial(java.lang.Object, int, java.lang.Object)'> (0x00000000c79b0658) 
thrown [s\src\hotspot\share\interpreter\linkResolver.cpp, line 759]
Event: 10.475 Thread 0x00000207ff589c10 Exception <a 'java/lang/NoSuchMethodError'{0x00000000c7a975a0}: 'void java.lang.invoke.DirectMethodHandle$Holder.invokeSpecial(java.lang.Object, java.lang.Object, java.lang.Object, java.lang.Object, java.lang.Object)'> (0x00000000c7a975a0) 
thrown [s\src\hotspot\share\interpreter\linkResolver.cpp, line 759]
Event: 10.475 Thread 0x00000207ff589490 Exception <a 'java/lang/NoSuchMethodError'{0x00000000c7a743c8}: 'void java.lang.invoke.DirectMethodHandle$Holder.invokeSpecial(java.lang.Object, java.lang.Object, java.lang.Object, java.lang.Object, java.lang.Object)'> (0x00000000c7a743c8) 
thrown [s\src\hotspot\share\interpreter\linkResolver.cpp, line 759]

VM Operations (20 events):
Event: 11.291 Executing VM operation: G1PauseCleanup done
Event: 11.454 Executing VM operation: G1CollectForAllocation
Event: 11.471 Executing VM operation: G1CollectForAllocation done
Event: 11.508 Executing VM operation: G1CollectForAllocation
Event: 11.519 Executing VM operation: G1CollectForAllocation done
Event: 11.524 Executing VM operation: HandshakeAllThreads
Event: 11.525 Executing VM operation: HandshakeAllThreads done
Event: 12.165 Executing VM operation: G1CollectForAllocation
Event: 12.213 Executing VM operation: G1CollectForAllocation done
Event: 12.343 Executing VM operation: G1PauseRemark
Event: 12.380 Executing VM operation: G1PauseRemark done
Event: 12.454 Executing VM operation: G1PauseCleanup
Event: 12.454 Executing VM operation: G1PauseCleanup done
Event: 12.505 Executing VM operation: G1CollectForAllocation
Event: 12.521 Executing VM operation: G1CollectForAllocation done
Event: 12.790 Executing VM operation: G1CollectForAllocation
Event: 12.801 Executing VM operation: G1CollectForAllocation done
Event: 13.812 Executing VM operation: Cleanup
Event: 13.850 Executing VM operation: Cleanup done
Event: 13.889 Executing VM operation: G1CollectForAllocation

Memory protections (0 events):
No events

Nmethod flushes (0 events):
No events

Events (20 events):
Event: 0.216 Thread 0x00000207dd1ee940 Thread added: 0x00000207fa95b0b0
Event: 0.216 Thread 0x00000207dd1ee940 Thread added: 0x00000207fa95ba70
Event: 0.217 Thread 0x00000207dd1ee940 Thread added: 0x00000207fa95d820
Event: 0.217 Thread 0x00000207dd1ee940 Thread added: 0x00000207fa95e2d0
Event: 0.218 Thread 0x00000207dd1ee940 Thread added: 0x00000207fa963490
Event: 0.297 Thread 0x00000207dd1ee940 Thread added: 0x00000207faa8d1b0
Event: 0.333 Thread 0x00000207dd1ee940 Thread added: 0x00000207faa97b10
Event: 0.566 Thread 0x00000207fa95d820 Thread added: 0x00000207faaf2570
Event: 1.048 Thread 0x00000207faaf2570 Thread exited: 0x00000207faaf2570
Event: 1.226 Thread 0x00000207fa95d820 Thread added: 0x00000207ff1fb490
Event: 2.109 Thread 0x00000207ff1fb490 Thread exited: 0x00000207ff1fb490
Event: 3.198 Thread 0x00000207fa95d820 Thread added: 0x00000207fad9e0e0
Event: 3.583 Thread 0x00000207fad9e0e0 Thread exited: 0x00000207fad9e0e0
Event: 4.934 Thread 0x00000207fa95d820 Thread added: 0x00000207ff614300
Event: 5.662 Thread 0x00000207ff614300 Thread exited: 0x00000207ff614300
Event: 9.218 Thread 0x00000207dd1ee940 Thread added: 0x00000207ff589490
Event: 9.222 Thread 0x00000207dd1ee940 Thread added: 0x00000207ff589c10
Event: 9.356 Thread 0x00000207fa95d820 Thread added: 0x00000207ff34ade0
Event: 9.811 Thread 0x00000207ff34ade0 Thread exited: 0x00000207ff34ade0
Event: 10.732 Thread 0x00000207fa95d820 Thread added: 0x00000207ff6c1e10


Dynamic libraries:
0x00007ff7e2250000 - 0x00007ff7e225e000 	C:\Program Files\Microsoft\jdk-17.0.15.6-hotspot\bin\java.exe
0x00007ffeb2c50000 - 0x00007ffeb2e68000 	C:\Windows\SYSTEM32\ntdll.dll
0x00007ffeb16b0000 - 0x00007ffeb1774000 	C:\Windows\System32\KERNEL32.DLL
0x00007ffeaff30000 - 0x00007ffeb0303000 	C:\Windows\System32\KERNELBASE.dll
0x00007ffeb0570000 - 0x00007ffeb0681000 	C:\Windows\System32\ucrtbase.dll
0x00007ffe87c40000 - 0x00007ffe87c57000 	C:\Program Files\Microsoft\jdk-17.0.15.6-hotspot\bin\jli.dll
0x00007ffeb19f0000 - 0x00007ffeb1ba2000 	C:\Windows\System32\USER32.dll
0x00007ffeb08c0000 - 0x00007ffeb08e6000 	C:\Windows\System32\win32u.dll
0x00007ffeb2180000 - 0x00007ffeb21a9000 	C:\Windows\System32\GDI32.dll
0x00007ffeb0450000 - 0x00007ffeb056b000 	C:\Windows\System32\gdi32full.dll
0x00007ffeafe90000 - 0x00007ffeaff2a000 	C:\Windows\System32\msvcp_win.dll
0x00007ffe9d610000 - 0x00007ffe9d8ac000 	C:\Windows\WinSxS\amd64_microsoft.windows.common-controls_6595b64144ccf1df_6.0.22621.6060_none_2712eda17382d24b\COMCTL32.dll
0x00007ffeb2af0000 - 0x00007ffeb2b97000 	C:\Windows\System32\msvcrt.dll
0x00007ffe875a0000 - 0x00007ffe875bd000 	C:\Program Files\Microsoft\jdk-17.0.15.6-hotspot\bin\VCRUNTIME140.dll
0x00007ffeb2bb0000 - 0x00007ffeb2be1000 	C:\Windows\System32\IMM32.DLL
0x00007ffea4970000 - 0x00007ffea497c000 	C:\Program Files\Microsoft\jdk-17.0.15.6-hotspot\bin\vcruntime140_1.dll
0x00007ffe70270000 - 0x00007ffe702fd000 	C:\Program Files\Microsoft\jdk-17.0.15.6-hotspot\bin\msvcp140.dll
0x00007ffdd7e40000 - 0x00007ffdd8ab2000 	C:\Program Files\Microsoft\jdk-17.0.15.6-hotspot\bin\server\jvm.dll
0x00007ffeb12d0000 - 0x00007ffeb1381000 	C:\Windows\System32\ADVAPI32.dll
0x00007ffeb1bb0000 - 0x00007ffeb1c58000 	C:\Windows\System32\sechost.dll
0x00007ffeafd60000 - 0x00007ffeafd88000 	C:\Windows\System32\bcrypt.dll
0x00007ffeb28b0000 - 0x00007ffeb29c8000 	C:\Windows\System32\RPCRT4.dll
0x00007ffeb21b0000 - 0x00007ffeb2221000 	C:\Windows\System32\WS2_32.dll
0x00007ffeafc30000 - 0x00007ffeafc7d000 	C:\Windows\SYSTEM32\POWRPROF.dll
0x00007ffea9680000 - 0x00007ffea96b4000 	C:\Windows\SYSTEM32\WINMM.dll
0x00007ffead940000 - 0x00007ffead94a000 	C:\Windows\SYSTEM32\VERSION.dll
0x00007ffeafc10000 - 0x00007ffeafc23000 	C:\Windows\SYSTEM32\UMPDC.dll
0x00007ffeaed00000 - 0x00007ffeaed18000 	C:\Windows\SYSTEM32\kernel.appcore.dll
0x00007ffea47f0000 - 0x00007ffea47fa000 	C:\Program Files\Microsoft\jdk-17.0.15.6-hotspot\bin\jimage.dll
0x00007ffeac8c0000 - 0x00007ffeacaf3000 	C:\Windows\SYSTEM32\DBGHELP.DLL
0x00007ffeb2510000 - 0x00007ffeb28a1000 	C:\Windows\System32\combase.dll
0x00007ffeb1910000 - 0x00007ffeb19e8000 	C:\Windows\System32\OLEAUT32.dll
0x00007ffe980e0000 - 0x00007ffe98112000 	C:\Windows\SYSTEM32\dbgcore.DLL
0x00007ffeafe10000 - 0x00007ffeafe8b000 	C:\Windows\System32\bcryptPrimitives.dll
0x00007ffe7d170000 - 0x00007ffe7d195000 	C:\Program Files\Microsoft\jdk-17.0.15.6-hotspot\bin\java.dll
0x00007ffe6b1c0000 - 0x00007ffe6b296000 	C:\Program Files\Microsoft\jdk-17.0.15.6-hotspot\bin\jsvml.dll
0x00007ffeb0a30000 - 0x00007ffeb12cc000 	C:\Windows\System32\SHELL32.dll
0x00007ffeb0310000 - 0x00007ffeb044f000 	C:\Windows\System32\wintypes.dll
0x00007ffeadc10000 - 0x00007ffeae52a000 	C:\Windows\SYSTEM32\windows.storage.dll
0x00007ffeb1780000 - 0x00007ffeb1884000 	C:\Windows\System32\SHCORE.dll
0x00007ffeb09c0000 - 0x00007ffeb0a29000 	C:\Windows\System32\shlwapi.dll
0x00007ffeafc90000 - 0x00007ffeafcb5000 	C:\Windows\SYSTEM32\profapi.dll
0x00007ffe874d0000 - 0x00007ffe874ea000 	C:\Program Files\Microsoft\jdk-17.0.15.6-hotspot\bin\net.dll
0x00007ffea9a00000 - 0x00007ffea9b2c000 	C:\Windows\SYSTEM32\WINHTTP.dll
0x00007ffeaf1c0000 - 0x00007ffeaf229000 	C:\Windows\system32\mswsock.dll
0x00007ffe87210000 - 0x00007ffe87226000 	C:\Program Files\Microsoft\jdk-17.0.15.6-hotspot\bin\nio.dll
0x00007ffe871a0000 - 0x00007ffe871b8000 	C:\Program Files\Microsoft\jdk-17.0.15.6-hotspot\bin\zip.dll
0x00007ffe9e2c0000 - 0x00007ffe9e2d0000 	C:\Program Files\Microsoft\jdk-17.0.15.6-hotspot\bin\verify.dll

dbghelp: loaded successfully - version: 4.0.5 - missing functions: none
symbol engine: initialized successfully - sym options: 0x614 - pdb path: .;C:\Program Files\Microsoft\jdk-17.0.15.6-hotspot\bin;C:\Windows\SYSTEM32;C:\Windows\WinSxS\amd64_microsoft.windows.common-controls_6595b64144ccf1df_6.0.22621.6060_none_2712eda17382d24b;C:\Program Files\Microsoft\jdk-17.0.15.6-hotspot\bin\server

VM Arguments:
jvm_args: -Xmx1G 
java_command: com.android.tools.r8.D8 --debug --min-api 21 --output obj\Debug\net9.0-android\android\bin\ --lib C:\Users\Dell\AppData\Local\Android\Sdk\platforms\android-35\android.jar obj\Debug\net9.0-android\android\bin\classes.zip C:\Program Files\dotnet\packs\Microsoft.Android.Ref.35\35.0.105\ref\net9.0\mono.android.jar C:\Program Files\dotnet\packs\Microsoft.Android.Sdk.Windows\35.0.105\tools\\java_runtime_net6.jar C:\Users\Dell\.nuget\packages\xamarin.androidx.annotation.jvm\1.9.1.3\buildTransitive\net8.0-android34.0\..\..\jar\androidx.annotation.annotation-jvm.jar C:\Users\Dell\.nuget\packages\xamarin.androidx.collection.jvm\1.5.0.1\buildTransitive\net8.0-android34.0\..\..\jar\androidx.collection.collection-jvm.jar C:\Users\Dell\.nuget\packages\xamarin.androidx.annotation\1.9.1.3\buildTransitive\net8.0-android34.0\..\..\jar\androidx.annotation.annotation.jar C:\Users\Dell\.nuget\packages\xamarin.androidx.collection\1.5.0.1\buildTransitive\net8.0-android34.0\..\..\jar\androidx.collection.collection.jar C:\Users\Dell\.nuget\packages\xamarin.androidx.concurrent.futures\1.2.0.6\buildTransitive\net8.0-android34.0\..\..\jar\androidx.concurrent.concurrent-futures.jar C:\Users\Dell\.nuget\packages\xamarin.androidx.lifecycle.common.jvm\2.8.7.3\buildTransitive\net8.0-android34.0\..\..\jar\androidx.lifecycle.lifecycle-common-jvm.jar C:\Users\Dell\.nuget\packages\xamarin.androidx.lifecycle.common\2.8.7.3\buildTransitive\net8.0-android34.0\..\..\jar\androidx.lifecycle.lifecycle-common.jar C:\Users\Dell\.nuget\packages\xamarin.androidx.arch.core.common\2.2.0.16\buildTransitive\net8.0-android34.0\..\..\jar\androidx.arch.core.core-common.jar C:\Users\Dell\.nuget\packages\xamarin.androidx.resourceinspection.annotation\1.0.1.20\buildTransitive\net8.0-android34.0\..\..\jar\androidx.resourceinspection.resourceinspection-annotation.jar C:\Users\Dell\.nuget\packages\xamarin.androidx.constraintlayout.core\1.1.1.1\buildTransitive\net8.0-android34.0\..\..\jar\androidx.constraintlay
java_class_path (initial): C:\Program Files\dotnet\packs\Microsoft.Android.Sdk.Windows\35.0.105\tools\r8.jar
Launcher Type: SUN_STANDARD

[Global flags]
     intx CICompilerCount                          = 3                                         {product} {ergonomic}
     uint ConcGCThreads                            = 1                                         {product} {ergonomic}
     uint G1ConcRefinementThreads                  = 4                                         {product} {ergonomic}
   size_t G1HeapRegionSize                         = 1048576                                   {product} {ergonomic}
    uintx GCDrainStackTargetSize                   = 64                                        {product} {ergonomic}
   size_t InitialHeapSize                          = 134217728                                 {product} {ergonomic}
   size_t MarkStackSize                            = 4194304                                   {product} {ergonomic}
   size_t MaxHeapSize                              = 1073741824                                {product} {command line}
   size_t MaxNewSize                               = 643825664                                 {product} {ergonomic}
   size_t MinHeapDeltaBytes                        = 1048576                                   {product} {ergonomic}
   size_t MinHeapSize                              = 8388608                                   {product} {ergonomic}
    uintx NonNMethodCodeHeapSize                   = 5832780                                {pd product} {ergonomic}
    uintx NonProfiledCodeHeapSize                  = 122912730                              {pd product} {ergonomic}
    uintx ProfiledCodeHeapSize                     = 122912730                              {pd product} {ergonomic}
    uintx ReservedCodeCacheSize                    = 251658240                              {pd product} {ergonomic}
     bool SegmentedCodeCache                       = true                                      {product} {ergonomic}
   size_t SoftMaxHeapSize                          = 1073741824                             {manageable} {ergonomic}
     bool UseCompressedClassPointers               = true                           {product lp64_product} {ergonomic}
     bool UseCompressedOops                        = true                           {product lp64_product} {ergonomic}
     bool UseG1GC                                  = true                                      {product} {ergonomic}
     bool UseLargePagesIndividualAllocation        = false                                  {pd product} {ergonomic}

Logging:
Log output configuration:
 #0: stdout all=warning uptime,level,tags
 #1: stderr all=off uptime,level,tags

Environment Variables:
JAVA_HOME=C:\Program Files\Microsoft\jdk-17.0.15.6-hotspot
PATH=C:\Program Files\Eclipse Adoptium\jdk-25.0.1.8-hotspot\bin;C:\Program Files\Microsoft\jdk-17.0.15.6-hotspot\bin;C:\Program Files\MySQL\MySQL Server 8.0\bin;"C:\xampp\php;C:\Program Files (x86)\Common Files\Oracle\Java\java8path";C:\Windows\system32;C:\Windows;C:\Windows\System32\Wbem;C:\Windows\System32\WindowsPowerShell\v1.0\;C:\Windows\System32\OpenSSH\;C:\Program Files\Microsoft SQL Server\150\Tools\Binn\;C:\Program Files\dotnet\;C:\ProgramData\chocolatey\bin;C:\Program Files\Git\cmd;C:\Users\Dell\AppData\Local\Android\Sdk\platform-tools;C:\Program Files\dotnet;C:\Program Files\MySQL\MySQL Server 8.0\bin;C:\Users\Dell\AppData\Local\Microsoft\WindowsApps;C:\Users\Dell\.dotnet\tools;C:\Users\Dell\AppData\Local\Programs\Microsoft VS Code\bin;C:\msys64\ucrt64\bin;C:\Users\Dell\.dotnet\tools;C:\Users\Dell\AppData\Local\Android\Sdk\platform-tools;C:\Program Files\dotnet;C:\Users\Dell\AppData\Local\Programs\cursor\resources\app\bin;C:\Users\Dell\AppData\Local\Programs\Kiro\bin
USERNAME=dk
LANG=en_US.UTF-8
OS=Windows_NT
PROCESSOR_IDENTIFIER=Intel64 Family 6 Model 142 Stepping 9, GenuineIntel
TMP=C:\Users\Dell\AppData\Local\Temp
TEMP=C:\Users\Dell\AppData\Local\Temp



Periodic native trim disabled


---------------  S Y S T E M  ---------------

OS:
 Windows 11 , 64 bit Build 22621 (10.0.22621.5415)
OS uptime: 6 days 9:55 hours
Hyper-V role detected

CPU: total 4 (initial active 4) (2 cores per cpu, 2 threads per core) family 6 model 142 stepping 9 microcode 0xf6, cx8, cmov, fxsr, ht, mmx, 3dnowpref, sse, sse2, sse3, ssse3, sse4.1, sse4.2, popcnt, lzcnt, tsc, tscinvbit, avx, avx2, aes, erms, clmul, bmi1, bmi2, rtm, adx, fma, vzeroupper, clflush, clflushopt, hv
Processor Information for the first 4 processors :
  Max Mhz: 2712, Current Mhz: 2611, Mhz Limit: 2603

Memory: 4k page, system-wide physical 8073M (338M free)
TotalPageFile size 32649M (AvailPageFile size 15M)
current process WorkingSet (physical memory assigned to process): 268M, peak: 268M
current process commit charge ("private bytes"): 301M, peak: 480M

vm_info: OpenJDK 64-Bit Server VM (17.0.15+6-LTS) for windows-amd64 JRE (17.0.15+6-LTS), built on Apr  9 2025 22:27:25 by "MicrosoftCorporation" with unknown MS VC++:1939

END.
